<?xml version="1.0" encoding="UTF-8"?>
<!-- Generated by org.testng.reporters.JUnitXMLReporter -->
<testsuite ignored="0" hostname="TanLaptop" failures="36" tests="64" name="Default test" time="71.479" errors="0" timestamp="2025-03-20T15:44:47 EDT">
  <testcase classname="io.cucumber.testng.AbstractTestNGCucumberTests" name="runScenario" time="1.205"/>
  <testcase classname="io.cucumber.testng.AbstractTestNGCucumberTests" name="runScenario" time="12.165"/>
  <testcase classname="io.cucumber.testng.AbstractTestNGCucumberTests" name="runScenario" time="1.331"/>
  <testcase classname="io.cucumber.testng.AbstractTestNGCucumberTests" name="runScenario" time="1.407"/>
  <testcase classname="io.cucumber.testng.AbstractTestNGCucumberTests" name="runScenario" time="1.625"/>
  <testcase classname="io.cucumber.testng.AbstractTestNGCucumberTests" name="runScenario" time="0.967"/>
  <testcase classname="io.cucumber.testng.AbstractTestNGCucumberTests" name="runScenario" time="5.165"/>
  <testcase classname="io.cucumber.testng.AbstractTestNGCucumberTests" name="runScenario" time="1.634"/>
  <testcase classname="io.cucumber.testng.AbstractTestNGCucumberTests" name="runScenario" time="2.068"/>
  <testcase classname="io.cucumber.testng.AbstractTestNGCucumberTests" name="runScenario" time="3.554"/>
  <testcase classname="io.cucumber.testng.AbstractTestNGCucumberTests" name="runScenario" time="5.117"/>
  <testcase classname="io.cucumber.testng.AbstractTestNGCucumberTests" name="runScenario" time="3.356"/>
  <testcase classname="io.cucumber.testng.AbstractTestNGCucumberTests" name="runScenario" time="2.315"/>
  <testcase classname="io.cucumber.testng.AbstractTestNGCucumberTests" name="runScenario" time="2.319"/>
  <testcase classname="io.cucumber.testng.AbstractTestNGCucumberTests" name="runScenario" time="1.475"/>
  <testcase classname="io.cucumber.testng.AbstractTestNGCucumberTests" name="runScenario" time="1.304"/>
  <testcase classname="io.cucumber.testng.AbstractTestNGCucumberTests" name="runScenario" time="1.413"/>
  <testcase classname="io.cucumber.testng.AbstractTestNGCucumberTests" name="runScenario" time="2.536"/>
  <testcase classname="io.cucumber.testng.AbstractTestNGCucumberTests" name="runScenario" time="1.073"/>
  <testcase classname="io.cucumber.testng.AbstractTestNGCucumberTests" name="runScenario" time="1.047"/>
  <testcase classname="io.cucumber.testng.AbstractTestNGCucumberTests" name="runScenario" time="0.452"/>
  <testcase classname="io.cucumber.testng.AbstractTestNGCucumberTests" name="runScenario" time="1.064"/>
  <testcase classname="io.cucumber.testng.AbstractTestNGCucumberTests" name="runScenario" time="1.01"/>
  <testcase classname="io.cucumber.testng.AbstractTestNGCucumberTests" name="runScenario" time="0.967"/>
  <testcase classname="io.cucumber.testng.AbstractTestNGCucumberTests" name="runScenario" time="1.036"/>
  <testcase classname="io.cucumber.testng.AbstractTestNGCucumberTests" name="runScenario" time="1.159"/>
  <testcase classname="io.cucumber.testng.AbstractTestNGCucumberTests" name="runScenario" time="0.922"/>
  <testcase classname="io.cucumber.testng.AbstractTestNGCucumberTests" name="runScenario" time="0.909"/>
  <testcase classname="io.cucumber.testng.AbstractTestNGCucumberTests" name="runScenario" time="0.191">
    <failure type="io.cucumber.java.PendingException" message="TODO: implement me">
      <![CDATA[io.cucumber.java.PendingException: TODO: implement me
at StepDefinitions.LinkedlistSteps.the_user_is_in_the_home_page(LinkedlistSteps.java:41)
at ✽.The user is in the Home Page(file:///C:/Numpy%20Ninja%20Projects/Sindhu_Thaniga/Innovation-Inspectors/src/test/resources/Features/Linkedlist.feature:7)
]]>
    </failure>
  </testcase> <!-- runScenario -->
  <testcase classname="io.cucumber.testng.AbstractTestNGCucumberTests" name="runScenario" time="0.037">
    <failure type="io.cucumber.java.PendingException" message="TODO: implement me">
      <![CDATA[io.cucumber.java.PendingException: TODO: implement me
at StepDefinitions.LinkedlistSteps.the_user_is_in_home_page_after_sign_in(LinkedlistSteps.java:59)
at ✽.The user is in home page after sign in(file:///C:/Numpy%20Ninja%20Projects/Sindhu_Thaniga/Innovation-Inspectors/src/test/resources/Features/Linkedlist.feature:12)
]]>
    </failure>
  </testcase> <!-- runScenario -->
  <testcase classname="io.cucumber.testng.AbstractTestNGCucumberTests" name="runScenario" time="0.031">
    <failure type="io.cucumber.java.PendingException" message="TODO: implement me">
      <![CDATA[io.cucumber.java.PendingException: TODO: implement me
at StepDefinitions.LinkedlistSteps.the_user_is_in_the_Linked_list_page_after_sign_in(LinkedlistSteps.java:77)
at ✽.The user is in the Linked List page after Sign in(file:///C:/Numpy%20Ninja%20Projects/Sindhu_Thaniga/Innovation-Inspectors/src/test/resources/Features/Linkedlist.feature:17)
]]>
    </failure>
  </testcase> <!-- runScenario -->
  <testcase classname="io.cucumber.testng.AbstractTestNGCucumberTests" name="runScenario" time="0.044">
    <failure type="io.cucumber.java.PendingException" message="TODO: implement me">
      <![CDATA[io.cucumber.java.PendingException: TODO: implement me
at StepDefinitions.LinkedlistSteps.the_user_is_on_the_introduction_page(LinkedlistSteps.java:95)
at ✽.The user is on the Introduction page(file:///C:/Numpy%20Ninja%20Projects/Sindhu_Thaniga/Innovation-Inspectors/src/test/resources/Features/Linkedlist.feature:22)
]]>
    </failure>
  </testcase> <!-- runScenario -->
  <testcase classname="io.cucumber.testng.AbstractTestNGCucumberTests" name="runScenario" time="0.084">
    <failure type="io.cucumber.java.PendingException" message="TODO: implement me">
      <![CDATA[io.cucumber.java.PendingException: TODO: implement me
at StepDefinitions.LinkedlistSteps.the_user_is_in_the_try_editor_page_for_introduction(LinkedlistSteps.java:107)
at ✽.The user is in the tryEditor page for Introduction(file:///C:/Numpy%20Ninja%20Projects/Sindhu_Thaniga/Innovation-Inspectors/src/test/resources/Features/Linkedlist.feature:27)
]]>
    </failure>
  </testcase> <!-- runScenario -->
  <testcase classname="io.cucumber.testng.AbstractTestNGCucumberTests" name="runScenario" time="0.032">
    <failure type="io.cucumber.java.PendingException" message="TODO: implement me">
      <![CDATA[io.cucumber.java.PendingException: TODO: implement me
at StepDefinitions.LinkedlistSteps.the_user_is_in_the_introduction_try_editor_page(LinkedlistSteps.java:125)
at ✽.The user is in the Introduction tryEditor page(file:///C:/Numpy%20Ninja%20Projects/Sindhu_Thaniga/Innovation-Inspectors/src/test/resources/Features/Linkedlist.feature:32)
]]>
    </failure>
  </testcase> <!-- runScenario -->
  <testcase classname="io.cucumber.testng.AbstractTestNGCucumberTests" name="runScenario" time="0.04">
    <failure type="io.cucumber.java.PendingException" message="TODO: implement me">
      <![CDATA[io.cucumber.java.PendingException: TODO: implement me
at StepDefinitions.LinkedlistSteps.the_user_is_in_the_try_editor_page_for_introduction(LinkedlistSteps.java:107)
at ✽.The user is in the tryEditor page for Introduction(file:///C:/Numpy%20Ninja%20Projects/Sindhu_Thaniga/Innovation-Inspectors/src/test/resources/Features/Linkedlist.feature:41)
]]>
    </failure>
  </testcase> <!-- runScenario -->
  <testcase classname="io.cucumber.testng.AbstractTestNGCucumberTests" name="runScenario" time="0.64">
    <failure type="io.cucumber.java.PendingException" message="TODO: implement me">
      <![CDATA[io.cucumber.java.PendingException: TODO: implement me
at StepDefinitions.LinkedlistSteps.the_user_is_on_the_creating_linked_list_page(LinkedlistSteps.java:155)
at ✽.The user is on the Creating Linked List page(file:///C:/Numpy%20Ninja%20Projects/Sindhu_Thaniga/Innovation-Inspectors/src/test/resources/Features/Linkedlist.feature:50)
]]>
    </failure>
  </testcase> <!-- runScenario -->
  <testcase classname="io.cucumber.testng.AbstractTestNGCucumberTests" name="runScenario" time="0.024">
    <failure type="io.cucumber.java.PendingException" message="TODO: implement me">
      <![CDATA[io.cucumber.java.PendingException: TODO: implement me
at StepDefinitions.LinkedlistSteps.the_user_is_in_the_try_editor_page_for_creating_linked_list_page(LinkedlistSteps.java:173)
at ✽.The user is in the tryEditor page for Creating Linked List page(file:///C:/Numpy%20Ninja%20Projects/Sindhu_Thaniga/Innovation-Inspectors/src/test/resources/Features/Linkedlist.feature:55)
]]>
    </failure>
  </testcase> <!-- runScenario -->
  <testcase classname="io.cucumber.testng.AbstractTestNGCucumberTests" name="runScenario" time="0.056">
    <failure type="io.cucumber.java.PendingException" message="TODO: implement me">
      <![CDATA[io.cucumber.java.PendingException: TODO: implement me
at StepDefinitions.LinkedlistSteps.the_user_is_in_the_try_editor_page_for_creating_linked_list_page(LinkedlistSteps.java:173)
at ✽.The user is in the tryEditor page for Creating Linked List page(file:///C:/Numpy%20Ninja%20Projects/Sindhu_Thaniga/Innovation-Inspectors/src/test/resources/Features/Linkedlist.feature:60)
]]>
    </failure>
  </testcase> <!-- runScenario -->
  <testcase classname="io.cucumber.testng.AbstractTestNGCucumberTests" name="runScenario" time="0.085">
    <failure type="io.cucumber.java.PendingException" message="TODO: implement me">
      <![CDATA[io.cucumber.java.PendingException: TODO: implement me
at StepDefinitions.LinkedlistSteps.the_user_is_in_the_try_editor_page_for_creating_linked_list_page(LinkedlistSteps.java:173)
at ✽.The user is in the tryEditor page for Creating Linked List page(file:///C:/Numpy%20Ninja%20Projects/Sindhu_Thaniga/Innovation-Inspectors/src/test/resources/Features/Linkedlist.feature:69)
]]>
    </failure>
  </testcase> <!-- runScenario -->
  <testcase classname="io.cucumber.testng.AbstractTestNGCucumberTests" name="runScenario" time="0.024">
    <failure type="io.cucumber.java.PendingException" message="TODO: implement me">
      <![CDATA[io.cucumber.java.PendingException: TODO: implement me
at StepDefinitions.LinkedlistSteps.the_user_is_on_the_types_of_linked_list_page(LinkedlistSteps.java:215)
at ✽.The user is on the Types of Linked List page(file:///C:/Numpy%20Ninja%20Projects/Sindhu_Thaniga/Innovation-Inspectors/src/test/resources/Features/Linkedlist.feature:78)
]]>
    </failure>
  </testcase> <!-- runScenario -->
  <testcase classname="io.cucumber.testng.AbstractTestNGCucumberTests" name="runScenario" time="0.079">
    <failure type="io.cucumber.java.PendingException" message="TODO: implement me">
      <![CDATA[io.cucumber.java.PendingException: TODO: implement me
at StepDefinitions.LinkedlistSteps.the_user_is_in_the_try_editor_page_for_types_of_linked_list_page(LinkedlistSteps.java:233)
at ✽.The user is in the tryEditor page for Types of Linked List page(file:///C:/Numpy%20Ninja%20Projects/Sindhu_Thaniga/Innovation-Inspectors/src/test/resources/Features/Linkedlist.feature:83)
]]>
    </failure>
  </testcase> <!-- runScenario -->
  <testcase classname="io.cucumber.testng.AbstractTestNGCucumberTests" name="runScenario" time="0.039">
    <failure type="io.cucumber.java.PendingException" message="TODO: implement me">
      <![CDATA[io.cucumber.java.PendingException: TODO: implement me
at StepDefinitions.LinkedlistSteps.the_user_is_in_the_try_editor_page_for_types_of_linked_list_page(LinkedlistSteps.java:233)
at ✽.The user is in the tryEditor page for Types of Linked List page(file:///C:/Numpy%20Ninja%20Projects/Sindhu_Thaniga/Innovation-Inspectors/src/test/resources/Features/Linkedlist.feature:88)
]]>
    </failure>
  </testcase> <!-- runScenario -->
  <testcase classname="io.cucumber.testng.AbstractTestNGCucumberTests" name="runScenario" time="0.054">
    <failure type="io.cucumber.java.PendingException" message="TODO: implement me">
      <![CDATA[io.cucumber.java.PendingException: TODO: implement me
at StepDefinitions.LinkedlistSteps.the_user_is_in_the_try_editor_page_for_types_of_linked_list_page(LinkedlistSteps.java:233)
at ✽.The user is in the tryEditor page for Types of Linked List page(file:///C:/Numpy%20Ninja%20Projects/Sindhu_Thaniga/Innovation-Inspectors/src/test/resources/Features/Linkedlist.feature:97)
]]>
    </failure>
  </testcase> <!-- runScenario -->
  <testcase classname="io.cucumber.testng.AbstractTestNGCucumberTests" name="runScenario" time="0.068">
    <failure type="io.cucumber.java.PendingException" message="TODO: implement me">
      <![CDATA[io.cucumber.java.PendingException: TODO: implement me
at StepDefinitions.LinkedlistSteps.the_user_is_in_the_linked_list_page_after_sign_in(LinkedlistSteps.java:263)
at ✽.The user is in the  Linked List  page after Sign in(file:///C:/Numpy%20Ninja%20Projects/Sindhu_Thaniga/Innovation-Inspectors/src/test/resources/Features/Linkedlist.feature:106)
]]>
    </failure>
  </testcase> <!-- runScenario -->
  <testcase classname="io.cucumber.testng.AbstractTestNGCucumberTests" name="runScenario" time="0.039">
    <failure type="io.cucumber.java.PendingException" message="TODO: implement me">
      <![CDATA[io.cucumber.java.PendingException: TODO: implement me
at StepDefinitions.LinkedlistSteps.the_user_is_on_the_implement_linked_list_in_python_page(LinkedlistSteps.java:281)
at ✽.The user is on the Implement Linked List in Python page(file:///C:/Numpy%20Ninja%20Projects/Sindhu_Thaniga/Innovation-Inspectors/src/test/resources/Features/Linkedlist.feature:111)
]]>
    </failure>
  </testcase> <!-- runScenario -->
  <testcase classname="io.cucumber.testng.AbstractTestNGCucumberTests" name="runScenario" time="0.061">
    <failure type="io.cucumber.java.PendingException" message="TODO: implement me">
      <![CDATA[io.cucumber.java.PendingException: TODO: implement me
at StepDefinitions.LinkedlistSteps.the_user_is_in_the_try_editor_page_for_implement_linked_list(LinkedlistSteps.java:299)
at ✽.The user is in the tryEditor page for Implement Linked List(file:///C:/Numpy%20Ninja%20Projects/Sindhu_Thaniga/Innovation-Inspectors/src/test/resources/Features/Linkedlist.feature:116)
]]>
    </failure>
  </testcase> <!-- runScenario -->
  <testcase classname="io.cucumber.testng.AbstractTestNGCucumberTests" name="runScenario" time="0.059">
    <failure type="io.cucumber.java.PendingException" message="TODO: implement me">
      <![CDATA[io.cucumber.java.PendingException: TODO: implement me
at StepDefinitions.LinkedlistSteps.the_user_is_in_the_try_editor_page_for_implement_linked_list(LinkedlistSteps.java:299)
at ✽.The user is in the tryEditor page for Implement Linked List(file:///C:/Numpy%20Ninja%20Projects/Sindhu_Thaniga/Innovation-Inspectors/src/test/resources/Features/Linkedlist.feature:121)
]]>
    </failure>
  </testcase> <!-- runScenario -->
  <testcase classname="io.cucumber.testng.AbstractTestNGCucumberTests" name="runScenario" time="0.053">
    <failure type="io.cucumber.java.PendingException" message="TODO: implement me">
      <![CDATA[io.cucumber.java.PendingException: TODO: implement me
at StepDefinitions.LinkedlistSteps.the_user_is_in_the_try_editor_page_for_implement_linked_list(LinkedlistSteps.java:299)
at ✽.The user is in the tryEditor page for Implement Linked List(file:///C:/Numpy%20Ninja%20Projects/Sindhu_Thaniga/Innovation-Inspectors/src/test/resources/Features/Linkedlist.feature:130)
]]>
    </failure>
  </testcase> <!-- runScenario -->
  <testcase classname="io.cucumber.testng.AbstractTestNGCucumberTests" name="runScenario" time="0.033">
    <failure type="io.cucumber.java.PendingException" message="TODO: implement me">
      <![CDATA[io.cucumber.java.PendingException: TODO: implement me
at StepDefinitions.LinkedlistSteps.the_user_is_on_traversal_page(LinkedlistSteps.java:341)
at ✽.The user is on Traversal page(file:///C:/Numpy%20Ninja%20Projects/Sindhu_Thaniga/Innovation-Inspectors/src/test/resources/Features/Linkedlist.feature:139)
]]>
    </failure>
  </testcase> <!-- runScenario -->
  <testcase classname="io.cucumber.testng.AbstractTestNGCucumberTests" name="runScenario" time="0.023">
    <failure type="io.cucumber.java.PendingException" message="TODO: implement me">
      <![CDATA[io.cucumber.java.PendingException: TODO: implement me
at StepDefinitions.LinkedlistSteps.the_user_is_on_the_traversal_page(LinkedlistSteps.java:359)
at ✽.The user is on the  Traversal page(file:///C:/Numpy%20Ninja%20Projects/Sindhu_Thaniga/Innovation-Inspectors/src/test/resources/Features/Linkedlist.feature:144)
]]>
    </failure>
  </testcase> <!-- runScenario -->
  <testcase classname="io.cucumber.testng.AbstractTestNGCucumberTests" name="runScenario" time="0.031">
    <failure type="io.cucumber.java.PendingException" message="TODO: implement me">
      <![CDATA[io.cucumber.java.PendingException: TODO: implement me
at StepDefinitions.LinkedlistSteps.the_user_is_on_the_try_editor_page_for_traversal(LinkedlistSteps.java:377)
at ✽.The user is on the tryEditor  page for Traversal(file:///C:/Numpy%20Ninja%20Projects/Sindhu_Thaniga/Innovation-Inspectors/src/test/resources/Features/Linkedlist.feature:149)
]]>
    </failure>
  </testcase> <!-- runScenario -->
  <testcase classname="io.cucumber.testng.AbstractTestNGCucumberTests" name="runScenario" time="0.059">
    <failure type="io.cucumber.java.PendingException" message="TODO: implement me">
      <![CDATA[io.cucumber.java.PendingException: TODO: implement me
at StepDefinitions.LinkedlistSteps.the_user_is_on_the_try_editor_page_for_traversal(LinkedlistSteps.java:377)
at ✽.The user is on the tryEditor  page for Traversal(file:///C:/Numpy%20Ninja%20Projects/Sindhu_Thaniga/Innovation-Inspectors/src/test/resources/Features/Linkedlist.feature:154)
]]>
    </failure>
  </testcase> <!-- runScenario -->
  <testcase classname="io.cucumber.testng.AbstractTestNGCucumberTests" name="runScenario" time="0.044">
    <failure type="io.cucumber.java.PendingException" message="TODO: implement me">
      <![CDATA[io.cucumber.java.PendingException: TODO: implement me
at StepDefinitions.LinkedlistSteps.the_user_is_on_the_try_editor_page_for_traversal(LinkedlistSteps.java:377)
at ✽.The user is on the tryEditor  page for Traversal(file:///C:/Numpy%20Ninja%20Projects/Sindhu_Thaniga/Innovation-Inspectors/src/test/resources/Features/Linkedlist.feature:163)
]]>
    </failure>
  </testcase> <!-- runScenario -->
  <testcase classname="io.cucumber.testng.AbstractTestNGCucumberTests" name="runScenario" time="0.037">
    <failure type="io.cucumber.java.PendingException" message="TODO: implement me">
      <![CDATA[io.cucumber.java.PendingException: TODO: implement me
at StepDefinitions.LinkedlistSteps.the_user_is_on_the_linked_list_page(LinkedlistSteps.java:419)
at ✽.The user is on the Linked List page(file:///C:/Numpy%20Ninja%20Projects/Sindhu_Thaniga/Innovation-Inspectors/src/test/resources/Features/Linkedlist.feature:172)
]]>
    </failure>
  </testcase> <!-- runScenario -->
  <testcase classname="io.cucumber.testng.AbstractTestNGCucumberTests" name="runScenario" time="0.044">
    <failure type="io.cucumber.java.PendingException" message="TODO: implement me">
      <![CDATA[io.cucumber.java.PendingException: TODO: implement me
at StepDefinitions.LinkedlistSteps.the_user_is_on_the_insertion_page(LinkedlistSteps.java:437)
at ✽.The user is on the Insertion page(file:///C:/Numpy%20Ninja%20Projects/Sindhu_Thaniga/Innovation-Inspectors/src/test/resources/Features/Linkedlist.feature:177)
]]>
    </failure>
  </testcase> <!-- runScenario -->
  <testcase classname="io.cucumber.testng.AbstractTestNGCucumberTests" name="runScenario" time="0.088">
    <failure type="io.cucumber.java.PendingException" message="TODO: implement me">
      <![CDATA[io.cucumber.java.PendingException: TODO: implement me
at StepDefinitions.LinkedlistSteps.the_user_is_on_the_try_editor_page_for_insertion(LinkedlistSteps.java:455)
at ✽.The user is on the Try Editor page for Insertion(file:///C:/Numpy%20Ninja%20Projects/Sindhu_Thaniga/Innovation-Inspectors/src/test/resources/Features/Linkedlist.feature:182)
]]>
    </failure>
  </testcase> <!-- runScenario -->
  <testcase classname="io.cucumber.testng.AbstractTestNGCucumberTests" name="runScenario" time="0.061">
    <failure type="io.cucumber.java.PendingException" message="TODO: implement me">
      <![CDATA[io.cucumber.java.PendingException: TODO: implement me
at StepDefinitions.LinkedlistSteps.the_user_is_on_the_try_editor_page_for_insertion(LinkedlistSteps.java:455)
at ✽.The user is on the Try Editor page for Insertion(file:///C:/Numpy%20Ninja%20Projects/Sindhu_Thaniga/Innovation-Inspectors/src/test/resources/Features/Linkedlist.feature:187)
]]>
    </failure>
  </testcase> <!-- runScenario -->
  <testcase classname="io.cucumber.testng.AbstractTestNGCucumberTests" name="runScenario" time="0.047">
    <failure type="io.cucumber.java.PendingException" message="TODO: implement me">
      <![CDATA[io.cucumber.java.PendingException: TODO: implement me
at StepDefinitions.LinkedlistSteps.the_user_is_on_the_try_editor_page_for_insertion(LinkedlistSteps.java:455)
at ✽.The user is on the Try Editor page for Insertion(file:///C:/Numpy%20Ninja%20Projects/Sindhu_Thaniga/Innovation-Inspectors/src/test/resources/Features/Linkedlist.feature:196)
]]>
    </failure>
  </testcase> <!-- runScenario -->
  <testcase classname="io.cucumber.testng.AbstractTestNGCucumberTests" name="runScenario" time="0.043">
    <failure type="io.cucumber.java.PendingException" message="TODO: implement me">
      <![CDATA[io.cucumber.java.PendingException: TODO: implement me
at StepDefinitions.LinkedlistSteps.the_user_is_on_the_deletion_page(LinkedlistSteps.java:497)
at ✽.The user is on the Deletion page(file:///C:/Numpy%20Ninja%20Projects/Sindhu_Thaniga/Innovation-Inspectors/src/test/resources/Features/Linkedlist.feature:205)
]]>
    </failure>
  </testcase> <!-- runScenario -->
  <testcase classname="io.cucumber.testng.AbstractTestNGCucumberTests" name="runScenario" time="0.049">
    <failure type="io.cucumber.java.PendingException" message="TODO: implement me">
      <![CDATA[io.cucumber.java.PendingException: TODO: implement me
at StepDefinitions.LinkedlistSteps.the_user_is_on_the_deletion_page(LinkedlistSteps.java:497)
at ✽.The user is on the Deletion page(file:///C:/Numpy%20Ninja%20Projects/Sindhu_Thaniga/Innovation-Inspectors/src/test/resources/Features/Linkedlist.feature:210)
]]>
    </failure>
  </testcase> <!-- runScenario -->
  <testcase classname="io.cucumber.testng.AbstractTestNGCucumberTests" name="runScenario" time="0.028">
    <failure type="io.cucumber.java.PendingException" message="TODO: implement me">
      <![CDATA[io.cucumber.java.PendingException: TODO: implement me
at StepDefinitions.LinkedlistSteps.the_user_is_on_the_try_editor_page_for_deletion(LinkedlistSteps.java:527)
at ✽.The user is on the tryEditor  page for Deletion(file:///C:/Numpy%20Ninja%20Projects/Sindhu_Thaniga/Innovation-Inspectors/src/test/resources/Features/Linkedlist.feature:215)
]]>
    </failure>
  </testcase> <!-- runScenario -->
  <testcase classname="io.cucumber.testng.AbstractTestNGCucumberTests" name="runScenario" time="0.022">
    <failure type="io.cucumber.java.PendingException" message="TODO: implement me">
      <![CDATA[io.cucumber.java.PendingException: TODO: implement me
at StepDefinitions.LinkedlistSteps.the_user_is_on_the_Try_editor_page_for_deletion(LinkedlistSteps.java:545)
at ✽.The user is on the Try Editor  page for Deletion(file:///C:/Numpy%20Ninja%20Projects/Sindhu_Thaniga/Innovation-Inspectors/src/test/resources/Features/Linkedlist.feature:220)
]]>
    </failure>
  </testcase> <!-- runScenario -->
  <testcase classname="io.cucumber.testng.AbstractTestNGCucumberTests" name="runScenario" time="0.024">
    <failure type="io.cucumber.java.PendingException" message="TODO: implement me">
      <![CDATA[io.cucumber.java.PendingException: TODO: implement me
at StepDefinitions.LinkedlistSteps.the_user_is_on_the_try_editor_page_for_deletion(LinkedlistSteps.java:527)
at ✽.The user is on the tryEditor  page for Deletion(file:///C:/Numpy%20Ninja%20Projects/Sindhu_Thaniga/Innovation-Inspectors/src/test/resources/Features/Linkedlist.feature:225)
]]>
    </failure>
  </testcase> <!-- runScenario -->
  <testcase classname="io.cucumber.testng.AbstractTestNGCucumberTests" name="runScenario" time="0.04">
    <failure type="io.cucumber.java.PendingException" message="TODO: implement me">
      <![CDATA[io.cucumber.java.PendingException: TODO: implement me
at StepDefinitions.LinkedlistSteps.the_user_is_on_the_practice_questions_page(LinkedlistSteps.java:575)
at ✽.The user is on the Practice Questions  page(file:///C:/Numpy%20Ninja%20Projects/Sindhu_Thaniga/Innovation-Inspectors/src/test/resources/Features/Linkedlist.feature:234)
]]>
    </failure>
  </testcase> <!-- runScenario -->
</testsuite> <!-- Default test -->
