<?xml version="1.0" encoding="UTF-8"?>
<testng-results ignored="0" total="64" passed="28" failed="36" skipped="0">
  <reporter-output>
  </reporter-output>
  <suite started-at="2025-03-20T15:43:35 EDT" name="Default suite" finished-at="2025-03-20T15:44:47 EDT" duration-ms="71479">
    <groups>
      <group name="cucumber">
        <method signature="AbstractTestNGCucumberTests.runScenario(io.cucumber.testng.PickleWrapper,io.cucumber.testng.FeatureWrapper)[pri:0, instance:Runner.TestRunner@503d687a]" name="runScenario" class="io.cucumber.testng.AbstractTestNGCucumberTests"/>
      </group> <!-- cucumber -->
    </groups>
    <test started-at="2025-03-20T15:43:35 EDT" name="Default test" finished-at="2025-03-20T15:44:47 EDT" duration-ms="71479">
      <class name="Runner.TestRunner">
        <test-method is-config="true" signature="setUpClass(org.testng.ITestContext)[pri:0, instance:Runner.TestRunner@503d687a]" started-at="2025-03-20T15:43:35 EDT" name="setUpClass" finished-at="2025-03-20T15:43:40 EDT" duration-ms="4225" status="PASS">
          <params>
            <param index="0">
              <value>
                <![CDATA[org.testng.TestRunner@338270ea]]>
              </value>
            </param>
          </params>
          <reporter-output>
          </reporter-output>
        </test-method> <!-- setUpClass -->
        <test-method signature="runScenario(io.cucumber.testng.PickleWrapper,io.cucumber.testng.FeatureWrapper)[pri:0, instance:Runner.TestRunner@503d687a]" started-at="2025-03-20T15:43:40 EDT" name="runScenario" description="Runs Cucumber Scenarios" data-provider="scenarios" finished-at="2025-03-20T15:43:41 EDT" duration-ms="1205" status="PASS">
          <params>
            <param index="0">
              <value>
                <![CDATA["Verify that user is able to navigate to Home page"]]>
              </value>
            </param>
            <param index="1">
              <value>
                <![CDATA["Array Navigation"]]>
              </value>
            </param>
          </params>
          <reporter-output>
          </reporter-output>
        </test-method> <!-- runScenario -->
        <test-method signature="runScenario(io.cucumber.testng.PickleWrapper,io.cucumber.testng.FeatureWrapper)[pri:0, instance:Runner.TestRunner@503d687a]" started-at="2025-03-20T15:43:41 EDT" name="runScenario" description="Runs Cucumber Scenarios" data-provider="scenarios" finished-at="2025-03-20T15:43:53 EDT" duration-ms="12165" status="PASS">
          <params>
            <param index="0">
              <value>
                <![CDATA["Verify that user is able to login with valid credentials"]]>
              </value>
            </param>
            <param index="1">
              <value>
                <![CDATA["Array Navigation"]]>
              </value>
            </param>
          </params>
          <reporter-output>
          </reporter-output>
        </test-method> <!-- runScenario -->
        <test-method signature="runScenario(io.cucumber.testng.PickleWrapper,io.cucumber.testng.FeatureWrapper)[pri:0, instance:Runner.TestRunner@503d687a]" started-at="2025-03-20T15:43:53 EDT" name="runScenario" description="Runs Cucumber Scenarios" data-provider="scenarios" finished-at="2025-03-20T15:43:54 EDT" duration-ms="1331" status="PASS">
          <params>
            <param index="0">
              <value>
                <![CDATA["Verify that user is able to navigate to Array data structure page"]]>
              </value>
            </param>
            <param index="1">
              <value>
                <![CDATA["Array Navigation"]]>
              </value>
            </param>
          </params>
          <reporter-output>
          </reporter-output>
        </test-method> <!-- runScenario -->
        <test-method signature="runScenario(io.cucumber.testng.PickleWrapper,io.cucumber.testng.FeatureWrapper)[pri:0, instance:Runner.TestRunner@503d687a]" started-at="2025-03-20T15:43:54 EDT" name="runScenario" description="Runs Cucumber Scenarios" data-provider="scenarios" finished-at="2025-03-20T15:43:56 EDT" duration-ms="1407" status="PASS">
          <params>
            <param index="0">
              <value>
                <![CDATA["Verify that user is able to navigate to Arrays in Python page"]]>
              </value>
            </param>
            <param index="1">
              <value>
                <![CDATA["Array Navigation"]]>
              </value>
            </param>
          </params>
          <reporter-output>
          </reporter-output>
        </test-method> <!-- runScenario -->
        <test-method signature="runScenario(io.cucumber.testng.PickleWrapper,io.cucumber.testng.FeatureWrapper)[pri:0, instance:Runner.TestRunner@503d687a]" started-at="2025-03-20T15:43:56 EDT" name="runScenario" description="Runs Cucumber Scenarios" data-provider="scenarios" finished-at="2025-03-20T15:43:57 EDT" duration-ms="1625" status="PASS">
          <params>
            <param index="0">
              <value>
                <![CDATA["Verify that user is able to navigate to try Editor page for Arrays in Python page"]]>
              </value>
            </param>
            <param index="1">
              <value>
                <![CDATA["Array Navigation"]]>
              </value>
            </param>
          </params>
          <reporter-output>
          </reporter-output>
        </test-method> <!-- runScenario -->
        <test-method signature="runScenario(io.cucumber.testng.PickleWrapper,io.cucumber.testng.FeatureWrapper)[pri:0, instance:Runner.TestRunner@503d687a]" started-at="2025-03-20T15:43:57 EDT" name="runScenario" description="Runs Cucumber Scenarios" data-provider="scenarios" finished-at="2025-03-20T15:43:58 EDT" duration-ms="967" status="PASS">
          <params>
            <param index="0">
              <value>
                <![CDATA["Verify that user receives error when click on Run button without entering code"]]>
              </value>
            </param>
            <param index="1">
              <value>
                <![CDATA["Array Navigation"]]>
              </value>
            </param>
          </params>
          <reporter-output>
          </reporter-output>
        </test-method> <!-- runScenario -->
        <test-method signature="runScenario(io.cucumber.testng.PickleWrapper,io.cucumber.testng.FeatureWrapper)[pri:0, instance:Runner.TestRunner@503d687a]" started-at="2025-03-20T15:43:58 EDT" name="runScenario" description="Runs Cucumber Scenarios" data-provider="scenarios" finished-at="2025-03-20T15:44:04 EDT" duration-ms="5165" status="PASS">
          <params>
            <param index="0">
              <value>
                <![CDATA["Verify that user receives error for invalid python code read from "pythonCode"  and 1"]]>
              </value>
            </param>
            <param index="1">
              <value>
                <![CDATA["Array Navigation"]]>
              </value>
            </param>
          </params>
          <reporter-output>
          </reporter-output>
        </test-method> <!-- runScenario -->
        <test-method signature="runScenario(io.cucumber.testng.PickleWrapper,io.cucumber.testng.FeatureWrapper)[pri:0, instance:Runner.TestRunner@503d687a]" started-at="2025-03-20T15:44:04 EDT" name="runScenario" description="Runs Cucumber Scenarios" data-provider="scenarios" finished-at="2025-03-20T15:44:05 EDT" duration-ms="1634" status="PASS">
          <params>
            <param index="0">
              <value>
                <![CDATA["Verify that user is able to see output for valid python code read from "pythonCode"  and 0"]]>
              </value>
            </param>
            <param index="1">
              <value>
                <![CDATA["Array Navigation"]]>
              </value>
            </param>
          </params>
          <reporter-output>
          </reporter-output>
        </test-method> <!-- runScenario -->
        <test-method signature="runScenario(io.cucumber.testng.PickleWrapper,io.cucumber.testng.FeatureWrapper)[pri:0, instance:Runner.TestRunner@503d687a]" started-at="2025-03-20T15:44:05 EDT" name="runScenario" description="Runs Cucumber Scenarios" data-provider="scenarios" finished-at="2025-03-20T15:44:07 EDT" duration-ms="2068" status="PASS">
          <params>
            <param index="0">
              <value>
                <![CDATA["Verify that user is able to navigate to Arrays using List page"]]>
              </value>
            </param>
            <param index="1">
              <value>
                <![CDATA["Array Navigation"]]>
              </value>
            </param>
          </params>
          <reporter-output>
          </reporter-output>
        </test-method> <!-- runScenario -->
        <test-method signature="runScenario(io.cucumber.testng.PickleWrapper,io.cucumber.testng.FeatureWrapper)[pri:0, instance:Runner.TestRunner@503d687a]" started-at="2025-03-20T15:44:07 EDT" name="runScenario" description="Runs Cucumber Scenarios" data-provider="scenarios" finished-at="2025-03-20T15:44:11 EDT" duration-ms="3554" status="PASS">
          <params>
            <param index="0">
              <value>
                <![CDATA["Verify that user receives error for invalid python code read from "pythonCode" and 1"]]>
              </value>
            </param>
            <param index="1">
              <value>
                <![CDATA["Array Navigation"]]>
              </value>
            </param>
          </params>
          <reporter-output>
          </reporter-output>
        </test-method> <!-- runScenario -->
        <test-method signature="runScenario(io.cucumber.testng.PickleWrapper,io.cucumber.testng.FeatureWrapper)[pri:0, instance:Runner.TestRunner@503d687a]" started-at="2025-03-20T15:44:11 EDT" name="runScenario" description="Runs Cucumber Scenarios" data-provider="scenarios" finished-at="2025-03-20T15:44:16 EDT" duration-ms="5117" status="PASS">
          <params>
            <param index="0">
              <value>
                <![CDATA["Verify that user is able to see output for valid python code read from "pythonCode" and 0"]]>
              </value>
            </param>
            <param index="1">
              <value>
                <![CDATA["Array Navigation"]]>
              </value>
            </param>
          </params>
          <reporter-output>
          </reporter-output>
        </test-method> <!-- runScenario -->
        <test-method signature="runScenario(io.cucumber.testng.PickleWrapper,io.cucumber.testng.FeatureWrapper)[pri:0, instance:Runner.TestRunner@503d687a]" started-at="2025-03-20T15:44:16 EDT" name="runScenario" description="Runs Cucumber Scenarios" data-provider="scenarios" finished-at="2025-03-20T15:44:19 EDT" duration-ms="3356" status="PASS">
          <params>
            <param index="0">
              <value>
                <![CDATA["Verify that user is able to navigate to Basic Operations in Lists page"]]>
              </value>
            </param>
            <param index="1">
              <value>
                <![CDATA["Array Navigation"]]>
              </value>
            </param>
          </params>
          <reporter-output>
          </reporter-output>
        </test-method> <!-- runScenario -->
        <test-method signature="runScenario(io.cucumber.testng.PickleWrapper,io.cucumber.testng.FeatureWrapper)[pri:0, instance:Runner.TestRunner@503d687a]" started-at="2025-03-20T15:44:19 EDT" name="runScenario" description="Runs Cucumber Scenarios" data-provider="scenarios" finished-at="2025-03-20T15:44:22 EDT" duration-ms="2315" status="PASS">
          <params>
            <param index="0">
              <value>
                <![CDATA["Verify that user receives error for invalid python code read from "pythonCode" and 1"]]>
              </value>
            </param>
            <param index="1">
              <value>
                <![CDATA["Array Navigation"]]>
              </value>
            </param>
          </params>
          <reporter-output>
          </reporter-output>
        </test-method> <!-- runScenario -->
        <test-method signature="runScenario(io.cucumber.testng.PickleWrapper,io.cucumber.testng.FeatureWrapper)[pri:0, instance:Runner.TestRunner@503d687a]" started-at="2025-03-20T15:44:22 EDT" name="runScenario" description="Runs Cucumber Scenarios" data-provider="scenarios" finished-at="2025-03-20T15:44:24 EDT" duration-ms="2319" status="PASS">
          <params>
            <param index="0">
              <value>
                <![CDATA["Verify that user is able to see output for valid python code read from "pythonCode" and 0 for Basic Operations in Lists page"]]>
              </value>
            </param>
            <param index="1">
              <value>
                <![CDATA["Array Navigation"]]>
              </value>
            </param>
          </params>
          <reporter-output>
          </reporter-output>
        </test-method> <!-- runScenario -->
        <test-method signature="runScenario(io.cucumber.testng.PickleWrapper,io.cucumber.testng.FeatureWrapper)[pri:0, instance:Runner.TestRunner@503d687a]" started-at="2025-03-20T15:44:24 EDT" name="runScenario" description="Runs Cucumber Scenarios" data-provider="scenarios" finished-at="2025-03-20T15:44:25 EDT" duration-ms="1475" status="PASS">
          <params>
            <param index="0">
              <value>
                <![CDATA["Verify that user is able to navigate to Applications of Array page"]]>
              </value>
            </param>
            <param index="1">
              <value>
                <![CDATA["Array Navigation"]]>
              </value>
            </param>
          </params>
          <reporter-output>
          </reporter-output>
        </test-method> <!-- runScenario -->
        <test-method signature="runScenario(io.cucumber.testng.PickleWrapper,io.cucumber.testng.FeatureWrapper)[pri:0, instance:Runner.TestRunner@503d687a]" started-at="2025-03-20T15:44:25 EDT" name="runScenario" description="Runs Cucumber Scenarios" data-provider="scenarios" finished-at="2025-03-20T15:44:27 EDT" duration-ms="1304" status="PASS">
          <params>
            <param index="0">
              <value>
                <![CDATA["Verify that user is able to navigate to try Editor page"]]>
              </value>
            </param>
            <param index="1">
              <value>
                <![CDATA["Array Navigation"]]>
              </value>
            </param>
          </params>
          <reporter-output>
          </reporter-output>
        </test-method> <!-- runScenario -->
        <test-method signature="runScenario(io.cucumber.testng.PickleWrapper,io.cucumber.testng.FeatureWrapper)[pri:0, instance:Runner.TestRunner@503d687a]" started-at="2025-03-20T15:44:27 EDT" name="runScenario" description="Runs Cucumber Scenarios" data-provider="scenarios" finished-at="2025-03-20T15:44:28 EDT" duration-ms="1413" status="PASS">
          <params>
            <param index="0">
              <value>
                <![CDATA["Verify that user receives error for invalid python code  read from "pythonCode" and 1"]]>
              </value>
            </param>
            <param index="1">
              <value>
                <![CDATA["Array Navigation"]]>
              </value>
            </param>
          </params>
          <reporter-output>
          </reporter-output>
        </test-method> <!-- runScenario -->
        <test-method signature="runScenario(io.cucumber.testng.PickleWrapper,io.cucumber.testng.FeatureWrapper)[pri:0, instance:Runner.TestRunner@503d687a]" started-at="2025-03-20T15:44:28 EDT" name="runScenario" description="Runs Cucumber Scenarios" data-provider="scenarios" finished-at="2025-03-20T15:44:31 EDT" duration-ms="2536" status="PASS">
          <params>
            <param index="0">
              <value>
                <![CDATA["Verify that user is able to see output for valid python code  read from "pythonCode" and 0"]]>
              </value>
            </param>
            <param index="1">
              <value>
                <![CDATA["Array Navigation"]]>
              </value>
            </param>
          </params>
          <reporter-output>
          </reporter-output>
        </test-method> <!-- runScenario -->
        <test-method signature="runScenario(io.cucumber.testng.PickleWrapper,io.cucumber.testng.FeatureWrapper)[pri:0, instance:Runner.TestRunner@503d687a]" started-at="2025-03-20T15:44:31 EDT" name="runScenario" description="Runs Cucumber Scenarios" data-provider="scenarios" finished-at="2025-03-20T15:44:32 EDT" duration-ms="1073" status="PASS">
          <params>
            <param index="0">
              <value>
                <![CDATA["Verify that user is able to navigate to Practice Questions Page for Applications of Array page"]]>
              </value>
            </param>
            <param index="1">
              <value>
                <![CDATA["Array Navigation"]]>
              </value>
            </param>
          </params>
          <reporter-output>
          </reporter-output>
        </test-method> <!-- runScenario -->
        <test-method signature="runScenario(io.cucumber.testng.PickleWrapper,io.cucumber.testng.FeatureWrapper)[pri:0, instance:Runner.TestRunner@503d687a]" started-at="2025-03-20T15:44:32 EDT" name="runScenario" description="Runs Cucumber Scenarios" data-provider="scenarios" finished-at="2025-03-20T15:44:33 EDT" duration-ms="1047" status="PASS">
          <params>
            <param index="0">
              <value>
                <![CDATA["Verify that user is able to navigate to Search the array Page from Practice question page of Applications of Array page"]]>
              </value>
            </param>
            <param index="1">
              <value>
                <![CDATA["Array Navigation"]]>
              </value>
            </param>
          </params>
          <reporter-output>
          </reporter-output>
        </test-method> <!-- runScenario -->
        <test-method signature="runScenario(io.cucumber.testng.PickleWrapper,io.cucumber.testng.FeatureWrapper)[pri:0, instance:Runner.TestRunner@503d687a]" started-at="2025-03-20T15:44:33 EDT" name="runScenario" description="Runs Cucumber Scenarios" data-provider="scenarios" finished-at="2025-03-20T15:44:33 EDT" duration-ms="452" status="PASS">
          <params>
            <param index="0">
              <value>
                <![CDATA["Verify that user receives error when click on Run button without entering code"]]>
              </value>
            </param>
            <param index="1">
              <value>
                <![CDATA["Array Navigation"]]>
              </value>
            </param>
          </params>
          <reporter-output>
          </reporter-output>
        </test-method> <!-- runScenario -->
        <test-method signature="runScenario(io.cucumber.testng.PickleWrapper,io.cucumber.testng.FeatureWrapper)[pri:0, instance:Runner.TestRunner@503d687a]" started-at="2025-03-20T15:44:33 EDT" name="runScenario" description="Runs Cucumber Scenarios" data-provider="scenarios" finished-at="2025-03-20T15:44:34 EDT" duration-ms="1064" status="PASS">
          <params>
            <param index="0">
              <value>
                <![CDATA["Verify that user is able to run valid python code  read from "pythonCode" and 2"]]>
              </value>
            </param>
            <param index="1">
              <value>
                <![CDATA["Array Navigation"]]>
              </value>
            </param>
          </params>
          <reporter-output>
          </reporter-output>
        </test-method> <!-- runScenario -->
        <test-method signature="runScenario(io.cucumber.testng.PickleWrapper,io.cucumber.testng.FeatureWrapper)[pri:0, instance:Runner.TestRunner@503d687a]" started-at="2025-03-20T15:44:34 EDT" name="runScenario" description="Runs Cucumber Scenarios" data-provider="scenarios" finished-at="2025-03-20T15:44:35 EDT" duration-ms="1010" status="PASS">
          <params>
            <param index="0">
              <value>
                <![CDATA["Verify that user is able to navigate to Max Consecutive Ones Page from Practice questions page"]]>
              </value>
            </param>
            <param index="1">
              <value>
                <![CDATA["Array Navigation"]]>
              </value>
            </param>
          </params>
          <reporter-output>
          </reporter-output>
        </test-method> <!-- runScenario -->
        <test-method signature="runScenario(io.cucumber.testng.PickleWrapper,io.cucumber.testng.FeatureWrapper)[pri:0, instance:Runner.TestRunner@503d687a]" started-at="2025-03-20T15:44:35 EDT" name="runScenario" description="Runs Cucumber Scenarios" data-provider="scenarios" finished-at="2025-03-20T15:44:36 EDT" duration-ms="967" status="PASS">
          <params>
            <param index="0">
              <value>
                <![CDATA["Verify that user is able to run valid python code read from "pythonCode" and 4 for Max Consecutive Ones question"]]>
              </value>
            </param>
            <param index="1">
              <value>
                <![CDATA["Array Navigation"]]>
              </value>
            </param>
          </params>
          <reporter-output>
          </reporter-output>
        </test-method> <!-- runScenario -->
        <test-method signature="runScenario(io.cucumber.testng.PickleWrapper,io.cucumber.testng.FeatureWrapper)[pri:0, instance:Runner.TestRunner@503d687a]" started-at="2025-03-20T15:44:36 EDT" name="runScenario" description="Runs Cucumber Scenarios" data-provider="scenarios" finished-at="2025-03-20T15:44:37 EDT" duration-ms="1036" status="PASS">
          <params>
            <param index="0">
              <value>
                <![CDATA["Verify that user is able to navigate to Find Numbers with Even Number of Digits Page from Practice questions page"]]>
              </value>
            </param>
            <param index="1">
              <value>
                <![CDATA["Array Navigation"]]>
              </value>
            </param>
          </params>
          <reporter-output>
          </reporter-output>
        </test-method> <!-- runScenario -->
        <test-method signature="runScenario(io.cucumber.testng.PickleWrapper,io.cucumber.testng.FeatureWrapper)[pri:0, instance:Runner.TestRunner@503d687a]" started-at="2025-03-20T15:44:37 EDT" name="runScenario" description="Runs Cucumber Scenarios" data-provider="scenarios" finished-at="2025-03-20T15:44:39 EDT" duration-ms="1159" status="PASS">
          <params>
            <param index="0">
              <value>
                <![CDATA["Verify that user is able to see output for valid python code  read from "pythonCode" and 6"]]>
              </value>
            </param>
            <param index="1">
              <value>
                <![CDATA["Array Navigation"]]>
              </value>
            </param>
          </params>
          <reporter-output>
          </reporter-output>
        </test-method> <!-- runScenario -->
        <test-method signature="runScenario(io.cucumber.testng.PickleWrapper,io.cucumber.testng.FeatureWrapper)[pri:0, instance:Runner.TestRunner@503d687a]" started-at="2025-03-20T15:44:39 EDT" name="runScenario" description="Runs Cucumber Scenarios" data-provider="scenarios" finished-at="2025-03-20T15:44:40 EDT" duration-ms="922" status="PASS">
          <params>
            <param index="0">
              <value>
                <![CDATA["Verify that user is able to navigate to Squares of a Sorted Array Page from Practice questions page"]]>
              </value>
            </param>
            <param index="1">
              <value>
                <![CDATA["Array Navigation"]]>
              </value>
            </param>
          </params>
          <reporter-output>
          </reporter-output>
        </test-method> <!-- runScenario -->
        <test-method signature="runScenario(io.cucumber.testng.PickleWrapper,io.cucumber.testng.FeatureWrapper)[pri:0, instance:Runner.TestRunner@503d687a]" started-at="2025-03-20T15:44:40 EDT" name="runScenario" description="Runs Cucumber Scenarios" data-provider="scenarios" finished-at="2025-03-20T15:44:40 EDT" duration-ms="909" status="PASS">
          <params>
            <param index="0">
              <value>
                <![CDATA["Verify that user is able to see output for valid python code  read from "pythonCode" and 8"]]>
              </value>
            </param>
            <param index="1">
              <value>
                <![CDATA["Array Navigation"]]>
              </value>
            </param>
          </params>
          <reporter-output>
          </reporter-output>
        </test-method> <!-- runScenario -->
        <test-method signature="runScenario(io.cucumber.testng.PickleWrapper,io.cucumber.testng.FeatureWrapper)[pri:0, instance:Runner.TestRunner@503d687a]" started-at="2025-03-20T15:44:40 EDT" name="runScenario" description="Runs Cucumber Scenarios" data-provider="scenarios" finished-at="2025-03-20T15:44:41 EDT" duration-ms="191" status="FAIL">
          <params>
            <param index="0">
              <value>
                <![CDATA["Verify the user is able to Sign in to DSAlgo Portal"]]>
              </value>
            </param>
            <param index="1">
              <value>
                <![CDATA["Linked List Navigation"]]>
              </value>
            </param>
          </params>
          <exception class="io.cucumber.java.PendingException">
            <message>
              <![CDATA[TODO: implement me]]>
            </message>
            <full-stacktrace>
              <![CDATA[io.cucumber.java.PendingException: TODO: implement me
at StepDefinitions.LinkedlistSteps.the_user_is_in_the_home_page(LinkedlistSteps.java:41)
at ✽.The user is in the Home Page(file:///C:/Numpy%20Ninja%20Projects/Sindhu_Thaniga/Innovation-Inspectors/src/test/resources/Features/Linkedlist.feature:7)
]]>
            </full-stacktrace>
          </exception> <!-- io.cucumber.java.PendingException -->
          <reporter-output>
          </reporter-output>
        </test-method> <!-- runScenario -->
        <test-method signature="runScenario(io.cucumber.testng.PickleWrapper,io.cucumber.testng.FeatureWrapper)[pri:0, instance:Runner.TestRunner@503d687a]" started-at="2025-03-20T15:44:41 EDT" name="runScenario" description="Runs Cucumber Scenarios" data-provider="scenarios" finished-at="2025-03-20T15:44:41 EDT" duration-ms="37" status="FAIL">
          <params>
            <param index="0">
              <value>
                <![CDATA["Verify the user is able to go to LinkedList page"]]>
              </value>
            </param>
            <param index="1">
              <value>
                <![CDATA["Linked List Navigation"]]>
              </value>
            </param>
          </params>
          <exception class="io.cucumber.java.PendingException">
            <message>
              <![CDATA[TODO: implement me]]>
            </message>
            <full-stacktrace>
              <![CDATA[io.cucumber.java.PendingException: TODO: implement me
at StepDefinitions.LinkedlistSteps.the_user_is_in_home_page_after_sign_in(LinkedlistSteps.java:59)
at ✽.The user is in home page after sign in(file:///C:/Numpy%20Ninja%20Projects/Sindhu_Thaniga/Innovation-Inspectors/src/test/resources/Features/Linkedlist.feature:12)
]]>
            </full-stacktrace>
          </exception> <!-- io.cucumber.java.PendingException -->
          <reporter-output>
          </reporter-output>
        </test-method> <!-- runScenario -->
        <test-method signature="runScenario(io.cucumber.testng.PickleWrapper,io.cucumber.testng.FeatureWrapper)[pri:0, instance:Runner.TestRunner@503d687a]" started-at="2025-03-20T15:44:41 EDT" name="runScenario" description="Runs Cucumber Scenarios" data-provider="scenarios" finished-at="2025-03-20T15:44:41 EDT" duration-ms="31" status="FAIL">
          <params>
            <param index="0">
              <value>
                <![CDATA["Verify that user is able to navigate to Introduction page"]]>
              </value>
            </param>
            <param index="1">
              <value>
                <![CDATA["Linked List Navigation"]]>
              </value>
            </param>
          </params>
          <exception class="io.cucumber.java.PendingException">
            <message>
              <![CDATA[TODO: implement me]]>
            </message>
            <full-stacktrace>
              <![CDATA[io.cucumber.java.PendingException: TODO: implement me
at StepDefinitions.LinkedlistSteps.the_user_is_in_the_Linked_list_page_after_sign_in(LinkedlistSteps.java:77)
at ✽.The user is in the Linked List page after Sign in(file:///C:/Numpy%20Ninja%20Projects/Sindhu_Thaniga/Innovation-Inspectors/src/test/resources/Features/Linkedlist.feature:17)
]]>
            </full-stacktrace>
          </exception> <!-- io.cucumber.java.PendingException -->
          <reporter-output>
          </reporter-output>
        </test-method> <!-- runScenario -->
        <test-method signature="runScenario(io.cucumber.testng.PickleWrapper,io.cucumber.testng.FeatureWrapper)[pri:0, instance:Runner.TestRunner@503d687a]" started-at="2025-03-20T15:44:41 EDT" name="runScenario" description="Runs Cucumber Scenarios" data-provider="scenarios" finished-at="2025-03-20T15:44:41 EDT" duration-ms="44" status="FAIL">
          <params>
            <param index="0">
              <value>
                <![CDATA["Verify that user is able to navigate to try Editor page for Introduction page"]]>
              </value>
            </param>
            <param index="1">
              <value>
                <![CDATA["Linked List Navigation"]]>
              </value>
            </param>
          </params>
          <exception class="io.cucumber.java.PendingException">
            <message>
              <![CDATA[TODO: implement me]]>
            </message>
            <full-stacktrace>
              <![CDATA[io.cucumber.java.PendingException: TODO: implement me
at StepDefinitions.LinkedlistSteps.the_user_is_on_the_introduction_page(LinkedlistSteps.java:95)
at ✽.The user is on the Introduction page(file:///C:/Numpy%20Ninja%20Projects/Sindhu_Thaniga/Innovation-Inspectors/src/test/resources/Features/Linkedlist.feature:22)
]]>
            </full-stacktrace>
          </exception> <!-- io.cucumber.java.PendingException -->
          <reporter-output>
          </reporter-output>
        </test-method> <!-- runScenario -->
        <test-method signature="runScenario(io.cucumber.testng.PickleWrapper,io.cucumber.testng.FeatureWrapper)[pri:0, instance:Runner.TestRunner@503d687a]" started-at="2025-03-20T15:44:41 EDT" name="runScenario" description="Runs Cucumber Scenarios" data-provider="scenarios" finished-at="2025-03-20T15:44:41 EDT" duration-ms="84" status="FAIL">
          <params>
            <param index="0">
              <value>
                <![CDATA["Verify that user receives error for when click on Run button without entering code"]]>
              </value>
            </param>
            <param index="1">
              <value>
                <![CDATA["Linked List Navigation"]]>
              </value>
            </param>
          </params>
          <exception class="io.cucumber.java.PendingException">
            <message>
              <![CDATA[TODO: implement me]]>
            </message>
            <full-stacktrace>
              <![CDATA[io.cucumber.java.PendingException: TODO: implement me
at StepDefinitions.LinkedlistSteps.the_user_is_in_the_try_editor_page_for_introduction(LinkedlistSteps.java:107)
at ✽.The user is in the tryEditor page for Introduction(file:///C:/Numpy%20Ninja%20Projects/Sindhu_Thaniga/Innovation-Inspectors/src/test/resources/Features/Linkedlist.feature:27)
]]>
            </full-stacktrace>
          </exception> <!-- io.cucumber.java.PendingException -->
          <reporter-output>
          </reporter-output>
        </test-method> <!-- runScenario -->
        <test-method signature="runScenario(io.cucumber.testng.PickleWrapper,io.cucumber.testng.FeatureWrapper)[pri:0, instance:Runner.TestRunner@503d687a]" started-at="2025-03-20T15:44:41 EDT" name="runScenario" description="Runs Cucumber Scenarios" data-provider="scenarios" finished-at="2025-03-20T15:44:41 EDT" duration-ms="32" status="FAIL">
          <params>
            <param index="0">
              <value>
                <![CDATA["Verify that user is able to see output for valid python code read from "pythonCode" and 0"]]>
              </value>
            </param>
            <param index="1">
              <value>
                <![CDATA["Linked List Navigation"]]>
              </value>
            </param>
          </params>
          <exception class="io.cucumber.java.PendingException">
            <message>
              <![CDATA[TODO: implement me]]>
            </message>
            <full-stacktrace>
              <![CDATA[io.cucumber.java.PendingException: TODO: implement me
at StepDefinitions.LinkedlistSteps.the_user_is_in_the_introduction_try_editor_page(LinkedlistSteps.java:125)
at ✽.The user is in the Introduction tryEditor page(file:///C:/Numpy%20Ninja%20Projects/Sindhu_Thaniga/Innovation-Inspectors/src/test/resources/Features/Linkedlist.feature:32)
]]>
            </full-stacktrace>
          </exception> <!-- io.cucumber.java.PendingException -->
          <reporter-output>
          </reporter-output>
        </test-method> <!-- runScenario -->
        <test-method signature="runScenario(io.cucumber.testng.PickleWrapper,io.cucumber.testng.FeatureWrapper)[pri:0, instance:Runner.TestRunner@503d687a]" started-at="2025-03-20T15:44:41 EDT" name="runScenario" description="Runs Cucumber Scenarios" data-provider="scenarios" finished-at="2025-03-20T15:44:41 EDT" duration-ms="40" status="FAIL">
          <params>
            <param index="0">
              <value>
                <![CDATA["Verify that user receives error for invalid python code read from "pythonCode" and 1"]]>
              </value>
            </param>
            <param index="1">
              <value>
                <![CDATA["Linked List Navigation"]]>
              </value>
            </param>
          </params>
          <exception class="io.cucumber.java.PendingException">
            <message>
              <![CDATA[TODO: implement me]]>
            </message>
            <full-stacktrace>
              <![CDATA[io.cucumber.java.PendingException: TODO: implement me
at StepDefinitions.LinkedlistSteps.the_user_is_in_the_try_editor_page_for_introduction(LinkedlistSteps.java:107)
at ✽.The user is in the tryEditor page for Introduction(file:///C:/Numpy%20Ninja%20Projects/Sindhu_Thaniga/Innovation-Inspectors/src/test/resources/Features/Linkedlist.feature:41)
]]>
            </full-stacktrace>
          </exception> <!-- io.cucumber.java.PendingException -->
          <reporter-output>
          </reporter-output>
        </test-method> <!-- runScenario -->
        <test-method signature="runScenario(io.cucumber.testng.PickleWrapper,io.cucumber.testng.FeatureWrapper)[pri:0, instance:Runner.TestRunner@503d687a]" started-at="2025-03-20T15:44:41 EDT" name="runScenario" description="Runs Cucumber Scenarios" data-provider="scenarios" finished-at="2025-03-20T15:44:42 EDT" duration-ms="640" status="FAIL">
          <params>
            <param index="0">
              <value>
                <![CDATA["Verify that user is able to navigate to Creating Linked List page"]]>
              </value>
            </param>
            <param index="1">
              <value>
                <![CDATA["Linked List Navigation"]]>
              </value>
            </param>
          </params>
          <exception class="io.cucumber.java.PendingException">
            <message>
              <![CDATA[TODO: implement me]]>
            </message>
            <full-stacktrace>
              <![CDATA[io.cucumber.java.PendingException: TODO: implement me
at StepDefinitions.LinkedlistSteps.the_user_is_on_the_creating_linked_list_page(LinkedlistSteps.java:155)
at ✽.The user is on the Creating Linked List page(file:///C:/Numpy%20Ninja%20Projects/Sindhu_Thaniga/Innovation-Inspectors/src/test/resources/Features/Linkedlist.feature:50)
]]>
            </full-stacktrace>
          </exception> <!-- io.cucumber.java.PendingException -->
          <reporter-output>
          </reporter-output>
        </test-method> <!-- runScenario -->
        <test-method signature="runScenario(io.cucumber.testng.PickleWrapper,io.cucumber.testng.FeatureWrapper)[pri:0, instance:Runner.TestRunner@503d687a]" started-at="2025-03-20T15:44:42 EDT" name="runScenario" description="Runs Cucumber Scenarios" data-provider="scenarios" finished-at="2025-03-20T15:44:42 EDT" duration-ms="24" status="FAIL">
          <params>
            <param index="0">
              <value>
                <![CDATA["Verify that user receives error when click on Run button without entering code"]]>
              </value>
            </param>
            <param index="1">
              <value>
                <![CDATA["Linked List Navigation"]]>
              </value>
            </param>
          </params>
          <exception class="io.cucumber.java.PendingException">
            <message>
              <![CDATA[TODO: implement me]]>
            </message>
            <full-stacktrace>
              <![CDATA[io.cucumber.java.PendingException: TODO: implement me
at StepDefinitions.LinkedlistSteps.the_user_is_in_the_try_editor_page_for_creating_linked_list_page(LinkedlistSteps.java:173)
at ✽.The user is in the tryEditor page for Creating Linked List page(file:///C:/Numpy%20Ninja%20Projects/Sindhu_Thaniga/Innovation-Inspectors/src/test/resources/Features/Linkedlist.feature:55)
]]>
            </full-stacktrace>
          </exception> <!-- io.cucumber.java.PendingException -->
          <reporter-output>
          </reporter-output>
        </test-method> <!-- runScenario -->
        <test-method signature="runScenario(io.cucumber.testng.PickleWrapper,io.cucumber.testng.FeatureWrapper)[pri:0, instance:Runner.TestRunner@503d687a]" started-at="2025-03-20T15:44:42 EDT" name="runScenario" description="Runs Cucumber Scenarios" data-provider="scenarios" finished-at="2025-03-20T15:44:42 EDT" duration-ms="56" status="FAIL">
          <params>
            <param index="0">
              <value>
                <![CDATA["Verify that user receives error for invalid python code read from "pythonCode" and 1"]]>
              </value>
            </param>
            <param index="1">
              <value>
                <![CDATA["Linked List Navigation"]]>
              </value>
            </param>
          </params>
          <exception class="io.cucumber.java.PendingException">
            <message>
              <![CDATA[TODO: implement me]]>
            </message>
            <full-stacktrace>
              <![CDATA[io.cucumber.java.PendingException: TODO: implement me
at StepDefinitions.LinkedlistSteps.the_user_is_in_the_try_editor_page_for_creating_linked_list_page(LinkedlistSteps.java:173)
at ✽.The user is in the tryEditor page for Creating Linked List page(file:///C:/Numpy%20Ninja%20Projects/Sindhu_Thaniga/Innovation-Inspectors/src/test/resources/Features/Linkedlist.feature:60)
]]>
            </full-stacktrace>
          </exception> <!-- io.cucumber.java.PendingException -->
          <reporter-output>
          </reporter-output>
        </test-method> <!-- runScenario -->
        <test-method signature="runScenario(io.cucumber.testng.PickleWrapper,io.cucumber.testng.FeatureWrapper)[pri:0, instance:Runner.TestRunner@503d687a]" started-at="2025-03-20T15:44:42 EDT" name="runScenario" description="Runs Cucumber Scenarios" data-provider="scenarios" finished-at="2025-03-20T15:44:42 EDT" duration-ms="85" status="FAIL">
          <params>
            <param index="0">
              <value>
                <![CDATA["Verify that user is able to see output for valid python code read from "pythonCode" and 0"]]>
              </value>
            </param>
            <param index="1">
              <value>
                <![CDATA["Linked List Navigation"]]>
              </value>
            </param>
          </params>
          <exception class="io.cucumber.java.PendingException">
            <message>
              <![CDATA[TODO: implement me]]>
            </message>
            <full-stacktrace>
              <![CDATA[io.cucumber.java.PendingException: TODO: implement me
at StepDefinitions.LinkedlistSteps.the_user_is_in_the_try_editor_page_for_creating_linked_list_page(LinkedlistSteps.java:173)
at ✽.The user is in the tryEditor page for Creating Linked List page(file:///C:/Numpy%20Ninja%20Projects/Sindhu_Thaniga/Innovation-Inspectors/src/test/resources/Features/Linkedlist.feature:69)
]]>
            </full-stacktrace>
          </exception> <!-- io.cucumber.java.PendingException -->
          <reporter-output>
          </reporter-output>
        </test-method> <!-- runScenario -->
        <test-method signature="runScenario(io.cucumber.testng.PickleWrapper,io.cucumber.testng.FeatureWrapper)[pri:0, instance:Runner.TestRunner@503d687a]" started-at="2025-03-20T15:44:42 EDT" name="runScenario" description="Runs Cucumber Scenarios" data-provider="scenarios" finished-at="2025-03-20T15:44:42 EDT" duration-ms="24" status="FAIL">
          <params>
            <param index="0">
              <value>
                <![CDATA["Verify that user is able to navigate to Types of Linked List page"]]>
              </value>
            </param>
            <param index="1">
              <value>
                <![CDATA["Linked List Navigation"]]>
              </value>
            </param>
          </params>
          <exception class="io.cucumber.java.PendingException">
            <message>
              <![CDATA[TODO: implement me]]>
            </message>
            <full-stacktrace>
              <![CDATA[io.cucumber.java.PendingException: TODO: implement me
at StepDefinitions.LinkedlistSteps.the_user_is_on_the_types_of_linked_list_page(LinkedlistSteps.java:215)
at ✽.The user is on the Types of Linked List page(file:///C:/Numpy%20Ninja%20Projects/Sindhu_Thaniga/Innovation-Inspectors/src/test/resources/Features/Linkedlist.feature:78)
]]>
            </full-stacktrace>
          </exception> <!-- io.cucumber.java.PendingException -->
          <reporter-output>
          </reporter-output>
        </test-method> <!-- runScenario -->
        <test-method signature="runScenario(io.cucumber.testng.PickleWrapper,io.cucumber.testng.FeatureWrapper)[pri:0, instance:Runner.TestRunner@503d687a]" started-at="2025-03-20T15:44:42 EDT" name="runScenario" description="Runs Cucumber Scenarios" data-provider="scenarios" finished-at="2025-03-20T15:44:42 EDT" duration-ms="79" status="FAIL">
          <params>
            <param index="0">
              <value>
                <![CDATA["Verify that user receives error when click on Run button without entering code"]]>
              </value>
            </param>
            <param index="1">
              <value>
                <![CDATA["Linked List Navigation"]]>
              </value>
            </param>
          </params>
          <exception class="io.cucumber.java.PendingException">
            <message>
              <![CDATA[TODO: implement me]]>
            </message>
            <full-stacktrace>
              <![CDATA[io.cucumber.java.PendingException: TODO: implement me
at StepDefinitions.LinkedlistSteps.the_user_is_in_the_try_editor_page_for_types_of_linked_list_page(LinkedlistSteps.java:233)
at ✽.The user is in the tryEditor page for Types of Linked List page(file:///C:/Numpy%20Ninja%20Projects/Sindhu_Thaniga/Innovation-Inspectors/src/test/resources/Features/Linkedlist.feature:83)
]]>
            </full-stacktrace>
          </exception> <!-- io.cucumber.java.PendingException -->
          <reporter-output>
          </reporter-output>
        </test-method> <!-- runScenario -->
        <test-method signature="runScenario(io.cucumber.testng.PickleWrapper,io.cucumber.testng.FeatureWrapper)[pri:0, instance:Runner.TestRunner@503d687a]" started-at="2025-03-20T15:44:42 EDT" name="runScenario" description="Runs Cucumber Scenarios" data-provider="scenarios" finished-at="2025-03-20T15:44:42 EDT" duration-ms="39" status="FAIL">
          <params>
            <param index="0">
              <value>
                <![CDATA["Verify that user receives error for invalid python code read from "pythonCode" and 1"]]>
              </value>
            </param>
            <param index="1">
              <value>
                <![CDATA["Linked List Navigation"]]>
              </value>
            </param>
          </params>
          <exception class="io.cucumber.java.PendingException">
            <message>
              <![CDATA[TODO: implement me]]>
            </message>
            <full-stacktrace>
              <![CDATA[io.cucumber.java.PendingException: TODO: implement me
at StepDefinitions.LinkedlistSteps.the_user_is_in_the_try_editor_page_for_types_of_linked_list_page(LinkedlistSteps.java:233)
at ✽.The user is in the tryEditor page for Types of Linked List page(file:///C:/Numpy%20Ninja%20Projects/Sindhu_Thaniga/Innovation-Inspectors/src/test/resources/Features/Linkedlist.feature:88)
]]>
            </full-stacktrace>
          </exception> <!-- io.cucumber.java.PendingException -->
          <reporter-output>
          </reporter-output>
        </test-method> <!-- runScenario -->
        <test-method signature="runScenario(io.cucumber.testng.PickleWrapper,io.cucumber.testng.FeatureWrapper)[pri:0, instance:Runner.TestRunner@503d687a]" started-at="2025-03-20T15:44:42 EDT" name="runScenario" description="Runs Cucumber Scenarios" data-provider="scenarios" finished-at="2025-03-20T15:44:42 EDT" duration-ms="54" status="FAIL">
          <params>
            <param index="0">
              <value>
                <![CDATA["Verify that user is able to see output for valid python code read from "pythonCode" and 0"]]>
              </value>
            </param>
            <param index="1">
              <value>
                <![CDATA["Linked List Navigation"]]>
              </value>
            </param>
          </params>
          <exception class="io.cucumber.java.PendingException">
            <message>
              <![CDATA[TODO: implement me]]>
            </message>
            <full-stacktrace>
              <![CDATA[io.cucumber.java.PendingException: TODO: implement me
at StepDefinitions.LinkedlistSteps.the_user_is_in_the_try_editor_page_for_types_of_linked_list_page(LinkedlistSteps.java:233)
at ✽.The user is in the tryEditor page for Types of Linked List page(file:///C:/Numpy%20Ninja%20Projects/Sindhu_Thaniga/Innovation-Inspectors/src/test/resources/Features/Linkedlist.feature:97)
]]>
            </full-stacktrace>
          </exception> <!-- io.cucumber.java.PendingException -->
          <reporter-output>
          </reporter-output>
        </test-method> <!-- runScenario -->
        <test-method signature="runScenario(io.cucumber.testng.PickleWrapper,io.cucumber.testng.FeatureWrapper)[pri:0, instance:Runner.TestRunner@503d687a]" started-at="2025-03-20T15:44:42 EDT" name="runScenario" description="Runs Cucumber Scenarios" data-provider="scenarios" finished-at="2025-03-20T15:44:42 EDT" duration-ms="68" status="FAIL">
          <params>
            <param index="0">
              <value>
                <![CDATA["Verify that user is able to navigate to Implement Linked List in Python page"]]>
              </value>
            </param>
            <param index="1">
              <value>
                <![CDATA["Linked List Navigation"]]>
              </value>
            </param>
          </params>
          <exception class="io.cucumber.java.PendingException">
            <message>
              <![CDATA[TODO: implement me]]>
            </message>
            <full-stacktrace>
              <![CDATA[io.cucumber.java.PendingException: TODO: implement me
at StepDefinitions.LinkedlistSteps.the_user_is_in_the_linked_list_page_after_sign_in(LinkedlistSteps.java:263)
at ✽.The user is in the  Linked List  page after Sign in(file:///C:/Numpy%20Ninja%20Projects/Sindhu_Thaniga/Innovation-Inspectors/src/test/resources/Features/Linkedlist.feature:106)
]]>
            </full-stacktrace>
          </exception> <!-- io.cucumber.java.PendingException -->
          <reporter-output>
          </reporter-output>
        </test-method> <!-- runScenario -->
        <test-method signature="runScenario(io.cucumber.testng.PickleWrapper,io.cucumber.testng.FeatureWrapper)[pri:0, instance:Runner.TestRunner@503d687a]" started-at="2025-03-20T15:44:42 EDT" name="runScenario" description="Runs Cucumber Scenarios" data-provider="scenarios" finished-at="2025-03-20T15:44:42 EDT" duration-ms="39" status="FAIL">
          <params>
            <param index="0">
              <value>
                <![CDATA["Verify that user is able to navigate to try Editor page for Implement Linked List in Python page"]]>
              </value>
            </param>
            <param index="1">
              <value>
                <![CDATA["Linked List Navigation"]]>
              </value>
            </param>
          </params>
          <exception class="io.cucumber.java.PendingException">
            <message>
              <![CDATA[TODO: implement me]]>
            </message>
            <full-stacktrace>
              <![CDATA[io.cucumber.java.PendingException: TODO: implement me
at StepDefinitions.LinkedlistSteps.the_user_is_on_the_implement_linked_list_in_python_page(LinkedlistSteps.java:281)
at ✽.The user is on the Implement Linked List in Python page(file:///C:/Numpy%20Ninja%20Projects/Sindhu_Thaniga/Innovation-Inspectors/src/test/resources/Features/Linkedlist.feature:111)
]]>
            </full-stacktrace>
          </exception> <!-- io.cucumber.java.PendingException -->
          <reporter-output>
          </reporter-output>
        </test-method> <!-- runScenario -->
        <test-method signature="runScenario(io.cucumber.testng.PickleWrapper,io.cucumber.testng.FeatureWrapper)[pri:0, instance:Runner.TestRunner@503d687a]" started-at="2025-03-20T15:44:42 EDT" name="runScenario" description="Runs Cucumber Scenarios" data-provider="scenarios" finished-at="2025-03-20T15:44:42 EDT" duration-ms="61" status="FAIL">
          <params>
            <param index="0">
              <value>
                <![CDATA["Verify that user receives error when click on Run button without entering code"]]>
              </value>
            </param>
            <param index="1">
              <value>
                <![CDATA["Linked List Navigation"]]>
              </value>
            </param>
          </params>
          <exception class="io.cucumber.java.PendingException">
            <message>
              <![CDATA[TODO: implement me]]>
            </message>
            <full-stacktrace>
              <![CDATA[io.cucumber.java.PendingException: TODO: implement me
at StepDefinitions.LinkedlistSteps.the_user_is_in_the_try_editor_page_for_implement_linked_list(LinkedlistSteps.java:299)
at ✽.The user is in the tryEditor page for Implement Linked List(file:///C:/Numpy%20Ninja%20Projects/Sindhu_Thaniga/Innovation-Inspectors/src/test/resources/Features/Linkedlist.feature:116)
]]>
            </full-stacktrace>
          </exception> <!-- io.cucumber.java.PendingException -->
          <reporter-output>
          </reporter-output>
        </test-method> <!-- runScenario -->
        <test-method signature="runScenario(io.cucumber.testng.PickleWrapper,io.cucumber.testng.FeatureWrapper)[pri:0, instance:Runner.TestRunner@503d687a]" started-at="2025-03-20T15:44:42 EDT" name="runScenario" description="Runs Cucumber Scenarios" data-provider="scenarios" finished-at="2025-03-20T15:44:42 EDT" duration-ms="59" status="FAIL">
          <params>
            <param index="0">
              <value>
                <![CDATA["Verify that user receives error for invalid python code read from "pythonCode" and 1"]]>
              </value>
            </param>
            <param index="1">
              <value>
                <![CDATA["Linked List Navigation"]]>
              </value>
            </param>
          </params>
          <exception class="io.cucumber.java.PendingException">
            <message>
              <![CDATA[TODO: implement me]]>
            </message>
            <full-stacktrace>
              <![CDATA[io.cucumber.java.PendingException: TODO: implement me
at StepDefinitions.LinkedlistSteps.the_user_is_in_the_try_editor_page_for_implement_linked_list(LinkedlistSteps.java:299)
at ✽.The user is in the tryEditor page for Implement Linked List(file:///C:/Numpy%20Ninja%20Projects/Sindhu_Thaniga/Innovation-Inspectors/src/test/resources/Features/Linkedlist.feature:121)
]]>
            </full-stacktrace>
          </exception> <!-- io.cucumber.java.PendingException -->
          <reporter-output>
          </reporter-output>
        </test-method> <!-- runScenario -->
        <test-method signature="runScenario(io.cucumber.testng.PickleWrapper,io.cucumber.testng.FeatureWrapper)[pri:0, instance:Runner.TestRunner@503d687a]" started-at="2025-03-20T15:44:42 EDT" name="runScenario" description="Runs Cucumber Scenarios" data-provider="scenarios" finished-at="2025-03-20T15:44:42 EDT" duration-ms="53" status="FAIL">
          <params>
            <param index="0">
              <value>
                <![CDATA["Verify that user is able to see output for valid python code read from "pythonCode" and 0"]]>
              </value>
            </param>
            <param index="1">
              <value>
                <![CDATA["Linked List Navigation"]]>
              </value>
            </param>
          </params>
          <exception class="io.cucumber.java.PendingException">
            <message>
              <![CDATA[TODO: implement me]]>
            </message>
            <full-stacktrace>
              <![CDATA[io.cucumber.java.PendingException: TODO: implement me
at StepDefinitions.LinkedlistSteps.the_user_is_in_the_try_editor_page_for_implement_linked_list(LinkedlistSteps.java:299)
at ✽.The user is in the tryEditor page for Implement Linked List(file:///C:/Numpy%20Ninja%20Projects/Sindhu_Thaniga/Innovation-Inspectors/src/test/resources/Features/Linkedlist.feature:130)
]]>
            </full-stacktrace>
          </exception> <!-- io.cucumber.java.PendingException -->
          <reporter-output>
          </reporter-output>
        </test-method> <!-- runScenario -->
        <test-method signature="runScenario(io.cucumber.testng.PickleWrapper,io.cucumber.testng.FeatureWrapper)[pri:0, instance:Runner.TestRunner@503d687a]" started-at="2025-03-20T15:44:42 EDT" name="runScenario" description="Runs Cucumber Scenarios" data-provider="scenarios" finished-at="2025-03-20T15:44:42 EDT" duration-ms="33" status="FAIL">
          <params>
            <param index="0">
              <value>
                <![CDATA["Verify that user is able to navigate to Traversal Page for Linked List page"]]>
              </value>
            </param>
            <param index="1">
              <value>
                <![CDATA["Linked List Navigation"]]>
              </value>
            </param>
          </params>
          <exception class="io.cucumber.java.PendingException">
            <message>
              <![CDATA[TODO: implement me]]>
            </message>
            <full-stacktrace>
              <![CDATA[io.cucumber.java.PendingException: TODO: implement me
at StepDefinitions.LinkedlistSteps.the_user_is_on_traversal_page(LinkedlistSteps.java:341)
at ✽.The user is on Traversal page(file:///C:/Numpy%20Ninja%20Projects/Sindhu_Thaniga/Innovation-Inspectors/src/test/resources/Features/Linkedlist.feature:139)
]]>
            </full-stacktrace>
          </exception> <!-- io.cucumber.java.PendingException -->
          <reporter-output>
          </reporter-output>
        </test-method> <!-- runScenario -->
        <test-method signature="runScenario(io.cucumber.testng.PickleWrapper,io.cucumber.testng.FeatureWrapper)[pri:0, instance:Runner.TestRunner@503d687a]" started-at="2025-03-20T15:44:42 EDT" name="runScenario" description="Runs Cucumber Scenarios" data-provider="scenarios" finished-at="2025-03-20T15:44:42 EDT" duration-ms="23" status="FAIL">
          <params>
            <param index="0">
              <value>
                <![CDATA["Verify that user is able to navigate to try Editor  page for Traversal page"]]>
              </value>
            </param>
            <param index="1">
              <value>
                <![CDATA["Linked List Navigation"]]>
              </value>
            </param>
          </params>
          <exception class="io.cucumber.java.PendingException">
            <message>
              <![CDATA[TODO: implement me]]>
            </message>
            <full-stacktrace>
              <![CDATA[io.cucumber.java.PendingException: TODO: implement me
at StepDefinitions.LinkedlistSteps.the_user_is_on_the_traversal_page(LinkedlistSteps.java:359)
at ✽.The user is on the  Traversal page(file:///C:/Numpy%20Ninja%20Projects/Sindhu_Thaniga/Innovation-Inspectors/src/test/resources/Features/Linkedlist.feature:144)
]]>
            </full-stacktrace>
          </exception> <!-- io.cucumber.java.PendingException -->
          <reporter-output>
          </reporter-output>
        </test-method> <!-- runScenario -->
        <test-method signature="runScenario(io.cucumber.testng.PickleWrapper,io.cucumber.testng.FeatureWrapper)[pri:0, instance:Runner.TestRunner@503d687a]" started-at="2025-03-20T15:44:42 EDT" name="runScenario" description="Runs Cucumber Scenarios" data-provider="scenarios" finished-at="2025-03-20T15:44:42 EDT" duration-ms="31" status="FAIL">
          <params>
            <param index="0">
              <value>
                <![CDATA["Verify that user receives error when click on Run button without entering code"]]>
              </value>
            </param>
            <param index="1">
              <value>
                <![CDATA["Linked List Navigation"]]>
              </value>
            </param>
          </params>
          <exception class="io.cucumber.java.PendingException">
            <message>
              <![CDATA[TODO: implement me]]>
            </message>
            <full-stacktrace>
              <![CDATA[io.cucumber.java.PendingException: TODO: implement me
at StepDefinitions.LinkedlistSteps.the_user_is_on_the_try_editor_page_for_traversal(LinkedlistSteps.java:377)
at ✽.The user is on the tryEditor  page for Traversal(file:///C:/Numpy%20Ninja%20Projects/Sindhu_Thaniga/Innovation-Inspectors/src/test/resources/Features/Linkedlist.feature:149)
]]>
            </full-stacktrace>
          </exception> <!-- io.cucumber.java.PendingException -->
          <reporter-output>
          </reporter-output>
        </test-method> <!-- runScenario -->
        <test-method signature="runScenario(io.cucumber.testng.PickleWrapper,io.cucumber.testng.FeatureWrapper)[pri:0, instance:Runner.TestRunner@503d687a]" started-at="2025-03-20T15:44:42 EDT" name="runScenario" description="Runs Cucumber Scenarios" data-provider="scenarios" finished-at="2025-03-20T15:44:42 EDT" duration-ms="59" status="FAIL">
          <params>
            <param index="0">
              <value>
                <![CDATA["Verify that user receives error for invalid python code read from "pythonCode" and 1"]]>
              </value>
            </param>
            <param index="1">
              <value>
                <![CDATA["Linked List Navigation"]]>
              </value>
            </param>
          </params>
          <exception class="io.cucumber.java.PendingException">
            <message>
              <![CDATA[TODO: implement me]]>
            </message>
            <full-stacktrace>
              <![CDATA[io.cucumber.java.PendingException: TODO: implement me
at StepDefinitions.LinkedlistSteps.the_user_is_on_the_try_editor_page_for_traversal(LinkedlistSteps.java:377)
at ✽.The user is on the tryEditor  page for Traversal(file:///C:/Numpy%20Ninja%20Projects/Sindhu_Thaniga/Innovation-Inspectors/src/test/resources/Features/Linkedlist.feature:154)
]]>
            </full-stacktrace>
          </exception> <!-- io.cucumber.java.PendingException -->
          <reporter-output>
          </reporter-output>
        </test-method> <!-- runScenario -->
        <test-method signature="runScenario(io.cucumber.testng.PickleWrapper,io.cucumber.testng.FeatureWrapper)[pri:0, instance:Runner.TestRunner@503d687a]" started-at="2025-03-20T15:44:42 EDT" name="runScenario" description="Runs Cucumber Scenarios" data-provider="scenarios" finished-at="2025-03-20T15:44:42 EDT" duration-ms="44" status="FAIL">
          <params>
            <param index="0">
              <value>
                <![CDATA["Verify that user is able to see output for valid python code read from "pythonCode" and 0"]]>
              </value>
            </param>
            <param index="1">
              <value>
                <![CDATA["Linked List Navigation"]]>
              </value>
            </param>
          </params>
          <exception class="io.cucumber.java.PendingException">
            <message>
              <![CDATA[TODO: implement me]]>
            </message>
            <full-stacktrace>
              <![CDATA[io.cucumber.java.PendingException: TODO: implement me
at StepDefinitions.LinkedlistSteps.the_user_is_on_the_try_editor_page_for_traversal(LinkedlistSteps.java:377)
at ✽.The user is on the tryEditor  page for Traversal(file:///C:/Numpy%20Ninja%20Projects/Sindhu_Thaniga/Innovation-Inspectors/src/test/resources/Features/Linkedlist.feature:163)
]]>
            </full-stacktrace>
          </exception> <!-- io.cucumber.java.PendingException -->
          <reporter-output>
          </reporter-output>
        </test-method> <!-- runScenario -->
        <test-method signature="runScenario(io.cucumber.testng.PickleWrapper,io.cucumber.testng.FeatureWrapper)[pri:0, instance:Runner.TestRunner@503d687a]" started-at="2025-03-20T15:44:42 EDT" name="runScenario" description="Runs Cucumber Scenarios" data-provider="scenarios" finished-at="2025-03-20T15:44:43 EDT" duration-ms="37" status="FAIL">
          <params>
            <param index="0">
              <value>
                <![CDATA["Verify that user is able to navigate to Insertion page from Linked List page"]]>
              </value>
            </param>
            <param index="1">
              <value>
                <![CDATA["Linked List Navigation"]]>
              </value>
            </param>
          </params>
          <exception class="io.cucumber.java.PendingException">
            <message>
              <![CDATA[TODO: implement me]]>
            </message>
            <full-stacktrace>
              <![CDATA[io.cucumber.java.PendingException: TODO: implement me
at StepDefinitions.LinkedlistSteps.the_user_is_on_the_linked_list_page(LinkedlistSteps.java:419)
at ✽.The user is on the Linked List page(file:///C:/Numpy%20Ninja%20Projects/Sindhu_Thaniga/Innovation-Inspectors/src/test/resources/Features/Linkedlist.feature:172)
]]>
            </full-stacktrace>
          </exception> <!-- io.cucumber.java.PendingException -->
          <reporter-output>
          </reporter-output>
        </test-method> <!-- runScenario -->
        <test-method signature="runScenario(io.cucumber.testng.PickleWrapper,io.cucumber.testng.FeatureWrapper)[pri:0, instance:Runner.TestRunner@503d687a]" started-at="2025-03-20T15:44:43 EDT" name="runScenario" description="Runs Cucumber Scenarios" data-provider="scenarios" finished-at="2025-03-20T15:44:43 EDT" duration-ms="44" status="FAIL">
          <params>
            <param index="0">
              <value>
                <![CDATA["Verify that user is able to navigate to try Editor page from  Insertion page"]]>
              </value>
            </param>
            <param index="1">
              <value>
                <![CDATA["Linked List Navigation"]]>
              </value>
            </param>
          </params>
          <exception class="io.cucumber.java.PendingException">
            <message>
              <![CDATA[TODO: implement me]]>
            </message>
            <full-stacktrace>
              <![CDATA[io.cucumber.java.PendingException: TODO: implement me
at StepDefinitions.LinkedlistSteps.the_user_is_on_the_insertion_page(LinkedlistSteps.java:437)
at ✽.The user is on the Insertion page(file:///C:/Numpy%20Ninja%20Projects/Sindhu_Thaniga/Innovation-Inspectors/src/test/resources/Features/Linkedlist.feature:177)
]]>
            </full-stacktrace>
          </exception> <!-- io.cucumber.java.PendingException -->
          <reporter-output>
          </reporter-output>
        </test-method> <!-- runScenario -->
        <test-method signature="runScenario(io.cucumber.testng.PickleWrapper,io.cucumber.testng.FeatureWrapper)[pri:0, instance:Runner.TestRunner@503d687a]" started-at="2025-03-20T15:44:43 EDT" name="runScenario" description="Runs Cucumber Scenarios" data-provider="scenarios" finished-at="2025-03-20T15:44:43 EDT" duration-ms="88" status="FAIL">
          <params>
            <param index="0">
              <value>
                <![CDATA["Verify that user receives error when click on Run button without entering code"]]>
              </value>
            </param>
            <param index="1">
              <value>
                <![CDATA["Linked List Navigation"]]>
              </value>
            </param>
          </params>
          <exception class="io.cucumber.java.PendingException">
            <message>
              <![CDATA[TODO: implement me]]>
            </message>
            <full-stacktrace>
              <![CDATA[io.cucumber.java.PendingException: TODO: implement me
at StepDefinitions.LinkedlistSteps.the_user_is_on_the_try_editor_page_for_insertion(LinkedlistSteps.java:455)
at ✽.The user is on the Try Editor page for Insertion(file:///C:/Numpy%20Ninja%20Projects/Sindhu_Thaniga/Innovation-Inspectors/src/test/resources/Features/Linkedlist.feature:182)
]]>
            </full-stacktrace>
          </exception> <!-- io.cucumber.java.PendingException -->
          <reporter-output>
          </reporter-output>
        </test-method> <!-- runScenario -->
        <test-method signature="runScenario(io.cucumber.testng.PickleWrapper,io.cucumber.testng.FeatureWrapper)[pri:0, instance:Runner.TestRunner@503d687a]" started-at="2025-03-20T15:44:43 EDT" name="runScenario" description="Runs Cucumber Scenarios" data-provider="scenarios" finished-at="2025-03-20T15:44:43 EDT" duration-ms="61" status="FAIL">
          <params>
            <param index="0">
              <value>
                <![CDATA["Verify that user is able to see output for valid python code read from "pythonCode" and 0"]]>
              </value>
            </param>
            <param index="1">
              <value>
                <![CDATA["Linked List Navigation"]]>
              </value>
            </param>
          </params>
          <exception class="io.cucumber.java.PendingException">
            <message>
              <![CDATA[TODO: implement me]]>
            </message>
            <full-stacktrace>
              <![CDATA[io.cucumber.java.PendingException: TODO: implement me
at StepDefinitions.LinkedlistSteps.the_user_is_on_the_try_editor_page_for_insertion(LinkedlistSteps.java:455)
at ✽.The user is on the Try Editor page for Insertion(file:///C:/Numpy%20Ninja%20Projects/Sindhu_Thaniga/Innovation-Inspectors/src/test/resources/Features/Linkedlist.feature:187)
]]>
            </full-stacktrace>
          </exception> <!-- io.cucumber.java.PendingException -->
          <reporter-output>
          </reporter-output>
        </test-method> <!-- runScenario -->
        <test-method signature="runScenario(io.cucumber.testng.PickleWrapper,io.cucumber.testng.FeatureWrapper)[pri:0, instance:Runner.TestRunner@503d687a]" started-at="2025-03-20T15:44:43 EDT" name="runScenario" description="Runs Cucumber Scenarios" data-provider="scenarios" finished-at="2025-03-20T15:44:43 EDT" duration-ms="47" status="FAIL">
          <params>
            <param index="0">
              <value>
                <![CDATA["Verify that user receives error for invalid python code read from "pythonCode" and 1"]]>
              </value>
            </param>
            <param index="1">
              <value>
                <![CDATA["Linked List Navigation"]]>
              </value>
            </param>
          </params>
          <exception class="io.cucumber.java.PendingException">
            <message>
              <![CDATA[TODO: implement me]]>
            </message>
            <full-stacktrace>
              <![CDATA[io.cucumber.java.PendingException: TODO: implement me
at StepDefinitions.LinkedlistSteps.the_user_is_on_the_try_editor_page_for_insertion(LinkedlistSteps.java:455)
at ✽.The user is on the Try Editor page for Insertion(file:///C:/Numpy%20Ninja%20Projects/Sindhu_Thaniga/Innovation-Inspectors/src/test/resources/Features/Linkedlist.feature:196)
]]>
            </full-stacktrace>
          </exception> <!-- io.cucumber.java.PendingException -->
          <reporter-output>
          </reporter-output>
        </test-method> <!-- runScenario -->
        <test-method signature="runScenario(io.cucumber.testng.PickleWrapper,io.cucumber.testng.FeatureWrapper)[pri:0, instance:Runner.TestRunner@503d687a]" started-at="2025-03-20T15:44:43 EDT" name="runScenario" description="Runs Cucumber Scenarios" data-provider="scenarios" finished-at="2025-03-20T15:44:43 EDT" duration-ms="43" status="FAIL">
          <params>
            <param index="0">
              <value>
                <![CDATA["Verify that user is able to navigate to Deletion Page from  Linked List page"]]>
              </value>
            </param>
            <param index="1">
              <value>
                <![CDATA["Linked List Navigation"]]>
              </value>
            </param>
          </params>
          <exception class="io.cucumber.java.PendingException">
            <message>
              <![CDATA[TODO: implement me]]>
            </message>
            <full-stacktrace>
              <![CDATA[io.cucumber.java.PendingException: TODO: implement me
at StepDefinitions.LinkedlistSteps.the_user_is_on_the_deletion_page(LinkedlistSteps.java:497)
at ✽.The user is on the Deletion page(file:///C:/Numpy%20Ninja%20Projects/Sindhu_Thaniga/Innovation-Inspectors/src/test/resources/Features/Linkedlist.feature:205)
]]>
            </full-stacktrace>
          </exception> <!-- io.cucumber.java.PendingException -->
          <reporter-output>
          </reporter-output>
        </test-method> <!-- runScenario -->
        <test-method signature="runScenario(io.cucumber.testng.PickleWrapper,io.cucumber.testng.FeatureWrapper)[pri:0, instance:Runner.TestRunner@503d687a]" started-at="2025-03-20T15:44:43 EDT" name="runScenario" description="Runs Cucumber Scenarios" data-provider="scenarios" finished-at="2025-03-20T15:44:43 EDT" duration-ms="49" status="FAIL">
          <params>
            <param index="0">
              <value>
                <![CDATA["Verify that user is able to navigate to try Editor page for Deletion page"]]>
              </value>
            </param>
            <param index="1">
              <value>
                <![CDATA["Linked List Navigation"]]>
              </value>
            </param>
          </params>
          <exception class="io.cucumber.java.PendingException">
            <message>
              <![CDATA[TODO: implement me]]>
            </message>
            <full-stacktrace>
              <![CDATA[io.cucumber.java.PendingException: TODO: implement me
at StepDefinitions.LinkedlistSteps.the_user_is_on_the_deletion_page(LinkedlistSteps.java:497)
at ✽.The user is on the Deletion page(file:///C:/Numpy%20Ninja%20Projects/Sindhu_Thaniga/Innovation-Inspectors/src/test/resources/Features/Linkedlist.feature:210)
]]>
            </full-stacktrace>
          </exception> <!-- io.cucumber.java.PendingException -->
          <reporter-output>
          </reporter-output>
        </test-method> <!-- runScenario -->
        <test-method signature="runScenario(io.cucumber.testng.PickleWrapper,io.cucumber.testng.FeatureWrapper)[pri:0, instance:Runner.TestRunner@503d687a]" started-at="2025-03-20T15:44:43 EDT" name="runScenario" description="Runs Cucumber Scenarios" data-provider="scenarios" finished-at="2025-03-20T15:44:43 EDT" duration-ms="28" status="FAIL">
          <params>
            <param index="0">
              <value>
                <![CDATA["Verify that user receives error when click on Run button without entering code"]]>
              </value>
            </param>
            <param index="1">
              <value>
                <![CDATA["Linked List Navigation"]]>
              </value>
            </param>
          </params>
          <exception class="io.cucumber.java.PendingException">
            <message>
              <![CDATA[TODO: implement me]]>
            </message>
            <full-stacktrace>
              <![CDATA[io.cucumber.java.PendingException: TODO: implement me
at StepDefinitions.LinkedlistSteps.the_user_is_on_the_try_editor_page_for_deletion(LinkedlistSteps.java:527)
at ✽.The user is on the tryEditor  page for Deletion(file:///C:/Numpy%20Ninja%20Projects/Sindhu_Thaniga/Innovation-Inspectors/src/test/resources/Features/Linkedlist.feature:215)
]]>
            </full-stacktrace>
          </exception> <!-- io.cucumber.java.PendingException -->
          <reporter-output>
          </reporter-output>
        </test-method> <!-- runScenario -->
        <test-method signature="runScenario(io.cucumber.testng.PickleWrapper,io.cucumber.testng.FeatureWrapper)[pri:0, instance:Runner.TestRunner@503d687a]" started-at="2025-03-20T15:44:43 EDT" name="runScenario" description="Runs Cucumber Scenarios" data-provider="scenarios" finished-at="2025-03-20T15:44:43 EDT" duration-ms="22" status="FAIL">
          <params>
            <param index="0">
              <value>
                <![CDATA["Verify that user receives error for invalid python code read from "<SheetName>" and <RowNumber>"]]>
              </value>
            </param>
            <param index="1">
              <value>
                <![CDATA["Linked List Navigation"]]>
              </value>
            </param>
          </params>
          <exception class="io.cucumber.java.PendingException">
            <message>
              <![CDATA[TODO: implement me]]>
            </message>
            <full-stacktrace>
              <![CDATA[io.cucumber.java.PendingException: TODO: implement me
at StepDefinitions.LinkedlistSteps.the_user_is_on_the_Try_editor_page_for_deletion(LinkedlistSteps.java:545)
at ✽.The user is on the Try Editor  page for Deletion(file:///C:/Numpy%20Ninja%20Projects/Sindhu_Thaniga/Innovation-Inspectors/src/test/resources/Features/Linkedlist.feature:220)
]]>
            </full-stacktrace>
          </exception> <!-- io.cucumber.java.PendingException -->
          <reporter-output>
          </reporter-output>
        </test-method> <!-- runScenario -->
        <test-method signature="runScenario(io.cucumber.testng.PickleWrapper,io.cucumber.testng.FeatureWrapper)[pri:0, instance:Runner.TestRunner@503d687a]" started-at="2025-03-20T15:44:43 EDT" name="runScenario" description="Runs Cucumber Scenarios" data-provider="scenarios" finished-at="2025-03-20T15:44:43 EDT" duration-ms="24" status="FAIL">
          <params>
            <param index="0">
              <value>
                <![CDATA["Verify that user is able to see output for  valid python code read from "pythonCode" and 0"]]>
              </value>
            </param>
            <param index="1">
              <value>
                <![CDATA["Linked List Navigation"]]>
              </value>
            </param>
          </params>
          <exception class="io.cucumber.java.PendingException">
            <message>
              <![CDATA[TODO: implement me]]>
            </message>
            <full-stacktrace>
              <![CDATA[io.cucumber.java.PendingException: TODO: implement me
at StepDefinitions.LinkedlistSteps.the_user_is_on_the_try_editor_page_for_deletion(LinkedlistSteps.java:527)
at ✽.The user is on the tryEditor  page for Deletion(file:///C:/Numpy%20Ninja%20Projects/Sindhu_Thaniga/Innovation-Inspectors/src/test/resources/Features/Linkedlist.feature:225)
]]>
            </full-stacktrace>
          </exception> <!-- io.cucumber.java.PendingException -->
          <reporter-output>
          </reporter-output>
        </test-method> <!-- runScenario -->
        <test-method signature="runScenario(io.cucumber.testng.PickleWrapper,io.cucumber.testng.FeatureWrapper)[pri:0, instance:Runner.TestRunner@503d687a]" started-at="2025-03-20T15:44:43 EDT" name="runScenario" description="Runs Cucumber Scenarios" data-provider="scenarios" finished-at="2025-03-20T15:44:43 EDT" duration-ms="40" status="FAIL">
          <params>
            <param index="0">
              <value>
                <![CDATA["Verify that user is able to navigate to Practice Questions  page from Linked List page"]]>
              </value>
            </param>
            <param index="1">
              <value>
                <![CDATA["Linked List Navigation"]]>
              </value>
            </param>
          </params>
          <exception class="io.cucumber.java.PendingException">
            <message>
              <![CDATA[TODO: implement me]]>
            </message>
            <full-stacktrace>
              <![CDATA[io.cucumber.java.PendingException: TODO: implement me
at StepDefinitions.LinkedlistSteps.the_user_is_on_the_practice_questions_page(LinkedlistSteps.java:575)
at ✽.The user is on the Practice Questions  page(file:///C:/Numpy%20Ninja%20Projects/Sindhu_Thaniga/Innovation-Inspectors/src/test/resources/Features/Linkedlist.feature:234)
]]>
            </full-stacktrace>
          </exception> <!-- io.cucumber.java.PendingException -->
          <reporter-output>
          </reporter-output>
        </test-method> <!-- runScenario -->
        <test-method is-config="true" signature="tearDownClass()[pri:0, instance:Runner.TestRunner@503d687a]" started-at="2025-03-20T15:44:43 EDT" name="tearDownClass" finished-at="2025-03-20T15:44:47 EDT" duration-ms="3698" status="PASS">
          <reporter-output>
          </reporter-output>
        </test-method> <!-- tearDownClass -->
      </class> <!-- Runner.TestRunner -->
    </test> <!-- Default test -->
  </suite> <!-- Default suite -->
</testng-results>
