<?xml version="1.0" encoding="UTF-8"?>
<testng-results ignored="0" total="248" passed="247" failed="1" skipped="0">
  <reporter-output>
  </reporter-output>
  <suite started-at="2025-03-24T18:28:30 PDT" name="CrossBrowserSuite" finished-at="2025-03-24T18:32:53 PDT" duration-ms="263161">
    <groups>
      <group name="cucumber">
        <method signature="AbstractTestNGCucumberTests.runScenario(io.cucumber.testng.PickleWrapper,io.cucumber.testng.FeatureWrapper)[pri:0, instance:Runner.TestRunner@4b9df8a]" name="runScenario" class="io.cucumber.testng.AbstractTestNGCucumberTests"/>
        <method signature="AbstractTestNGCucumberTests.runScenario(io.cucumber.testng.PickleWrapper,io.cucumber.testng.FeatureWrapper)[pri:0, instance:Runner.TestRunner@4bd1f8dd]" name="runScenario" class="io.cucumber.testng.AbstractTestNGCucumberTests"/>
      </group> <!-- cucumber -->
    </groups>
    <test started-at="2025-03-24T18:28:30 PDT" name="ChromeTest" finished-at="2025-03-24T18:32:40 PDT" duration-ms="250119">
      <class name="Runner.TestRunner">
        <test-method is-config="true" signature="setUpClass(org.testng.ITestContext)[pri:0, instance:Runner.TestRunner@4b9df8a]" started-at="2025-03-24T18:28:30 PDT" name="setUpClass" finished-at="2025-03-24T18:28:31 PDT" duration-ms="1017" status="PASS">
          <params>
            <param index="0">
              <value>
                <![CDATA[org.testng.TestRunner@30bcf3c1]]>
              </value>
            </param>
          </params>
          <reporter-output>
          </reporter-output>
        </test-method> <!-- setUpClass -->
        <test-method is-config="true" signature="setup(java.lang.String)[pri:0, instance:Runner.TestRunner@4b9df8a]" started-at="2025-03-24T18:28:31 PDT" name="setup" finished-at="2025-03-24T18:28:36 PDT" duration-ms="4940" status="PASS">
          <params>
            <param index="0">
              <value>
                <![CDATA[chrome]]>
              </value>
            </param>
          </params>
          <reporter-output>
          </reporter-output>
        </test-method> <!-- setup -->
        <test-method signature="runScenario(io.cucumber.testng.PickleWrapper,io.cucumber.testng.FeatureWrapper)[pri:0, instance:Runner.TestRunner@4b9df8a]" started-at="2025-03-24T18:28:36 PDT" name="runScenario" description="Runs Cucumber Scenarios" data-provider="scenarios" finished-at="2025-03-24T18:28:42 PDT" duration-ms="5670" status="PASS">
          <params>
            <param index="0">
              <value>
                <![CDATA["Verify that user is able to navigate to Graph data structure page"]]>
              </value>
            </param>
            <param index="1">
              <value>
                <![CDATA["Graph Datastructure"]]>
              </value>
            </param>
          </params>
          <reporter-output>
          </reporter-output>
        </test-method> <!-- runScenario -->
        <test-method signature="runScenario(io.cucumber.testng.PickleWrapper,io.cucumber.testng.FeatureWrapper)[pri:0, instance:Runner.TestRunner@4b9df8a]" started-at="2025-03-24T18:28:42 PDT" name="runScenario" description="Runs Cucumber Scenarios" data-provider="scenarios" finished-at="2025-03-24T18:28:42 PDT" duration-ms="620" status="PASS">
          <params>
            <param index="0">
              <value>
                <![CDATA["Verify that user is able to navigate to Graph Data Structures page"]]>
              </value>
            </param>
            <param index="1">
              <value>
                <![CDATA["Graph Datastructure"]]>
              </value>
            </param>
          </params>
          <reporter-output>
          </reporter-output>
        </test-method> <!-- runScenario -->
        <test-method signature="runScenario(io.cucumber.testng.PickleWrapper,io.cucumber.testng.FeatureWrapper)[pri:0, instance:Runner.TestRunner@4b9df8a]" started-at="2025-03-24T18:28:42 PDT" name="runScenario" description="Runs Cucumber Scenarios" data-provider="scenarios" finished-at="2025-03-24T18:28:43 PDT" duration-ms="1290" status="PASS">
          <params>
            <param index="0">
              <value>
                <![CDATA["Verify that user is able to navigate to Graph page of Graph-Data structures page"]]>
              </value>
            </param>
            <param index="1">
              <value>
                <![CDATA["Graph Datastructure"]]>
              </value>
            </param>
          </params>
          <reporter-output>
          </reporter-output>
        </test-method> <!-- runScenario -->
        <test-method signature="runScenario(io.cucumber.testng.PickleWrapper,io.cucumber.testng.FeatureWrapper)[pri:0, instance:Runner.TestRunner@4b9df8a]" started-at="2025-03-24T18:28:43 PDT" name="runScenario" description="Runs Cucumber Scenarios" data-provider="scenarios" finished-at="2025-03-24T18:28:47 PDT" duration-ms="3700" status="PASS">
          <params>
            <param index="0">
              <value>
                <![CDATA["Verify that user is able to navigate to Try Editor page of Graph"]]>
              </value>
            </param>
            <param index="1">
              <value>
                <![CDATA["Graph Datastructure"]]>
              </value>
            </param>
          </params>
          <reporter-output>
          </reporter-output>
        </test-method> <!-- runScenario -->
        <test-method signature="runScenario(io.cucumber.testng.PickleWrapper,io.cucumber.testng.FeatureWrapper)[pri:0, instance:Runner.TestRunner@4b9df8a]" started-at="2025-03-24T18:28:47 PDT" name="runScenario" description="Runs Cucumber Scenarios" data-provider="scenarios" finished-at="2025-03-24T18:28:49 PDT" duration-ms="1554" status="PASS">
          <params>
            <param index="0">
              <value>
                <![CDATA["Verify that user receives an error when clicking on Run button without entering code in Graph Try Editor page"]]>
              </value>
            </param>
            <param index="1">
              <value>
                <![CDATA["Graph Datastructure"]]>
              </value>
            </param>
          </params>
          <reporter-output>
          </reporter-output>
        </test-method> <!-- runScenario -->
        <test-method signature="runScenario(io.cucumber.testng.PickleWrapper,io.cucumber.testng.FeatureWrapper)[pri:0, instance:Runner.TestRunner@4b9df8a]" started-at="2025-03-24T18:28:49 PDT" name="runScenario" description="Runs Cucumber Scenarios" data-provider="scenarios" finished-at="2025-03-24T18:28:53 PDT" duration-ms="3803" status="PASS">
          <params>
            <param index="0">
              <value>
                <![CDATA["Verify that user receives an error for invalid Python code read from "pythonCode"  and 1 in Graph Page"]]>
              </value>
            </param>
            <param index="1">
              <value>
                <![CDATA["Graph Datastructure"]]>
              </value>
            </param>
          </params>
          <reporter-output>
          </reporter-output>
        </test-method> <!-- runScenario -->
        <test-method signature="runScenario(io.cucumber.testng.PickleWrapper,io.cucumber.testng.FeatureWrapper)[pri:0, instance:Runner.TestRunner@4b9df8a]" started-at="2025-03-24T18:28:53 PDT" name="runScenario" description="Runs Cucumber Scenarios" data-provider="scenarios" finished-at="2025-03-24T18:28:55 PDT" duration-ms="2391" status="PASS">
          <params>
            <param index="0">
              <value>
                <![CDATA["Verify that user is able to see output for valid Python code from "pythonCode"  and 0 in Graph Page"]]>
              </value>
            </param>
            <param index="1">
              <value>
                <![CDATA["Graph Datastructure"]]>
              </value>
            </param>
          </params>
          <reporter-output>
          </reporter-output>
        </test-method> <!-- runScenario -->
        <test-method signature="runScenario(io.cucumber.testng.PickleWrapper,io.cucumber.testng.FeatureWrapper)[pri:0, instance:Runner.TestRunner@4b9df8a]" started-at="2025-03-24T18:28:55 PDT" name="runScenario" description="Runs Cucumber Scenarios" data-provider="scenarios" finished-at="2025-03-24T18:28:57 PDT" duration-ms="2487" status="PASS">
          <params>
            <param index="0">
              <value>
                <![CDATA["Verify that user is able to navigate to Practice Questions in the Graph Data Structure page"]]>
              </value>
            </param>
            <param index="1">
              <value>
                <![CDATA["Graph Datastructure"]]>
              </value>
            </param>
          </params>
          <reporter-output>
          </reporter-output>
        </test-method> <!-- runScenario -->
        <test-method signature="runScenario(io.cucumber.testng.PickleWrapper,io.cucumber.testng.FeatureWrapper)[pri:0, instance:Runner.TestRunner@4b9df8a]" started-at="2025-03-24T18:28:57 PDT" name="runScenario" description="Runs Cucumber Scenarios" data-provider="scenarios" finished-at="2025-03-24T18:29:00 PDT" duration-ms="3029" status="PASS">
          <params>
            <param index="0">
              <value>
                <![CDATA["Verify that user is able to navigate to Graph Representations page"]]>
              </value>
            </param>
            <param index="1">
              <value>
                <![CDATA["Graph Datastructure"]]>
              </value>
            </param>
          </params>
          <reporter-output>
          </reporter-output>
        </test-method> <!-- runScenario -->
        <test-method signature="runScenario(io.cucumber.testng.PickleWrapper,io.cucumber.testng.FeatureWrapper)[pri:0, instance:Runner.TestRunner@4b9df8a]" started-at="2025-03-24T18:29:00 PDT" name="runScenario" description="Runs Cucumber Scenarios" data-provider="scenarios" finished-at="2025-03-24T18:29:01 PDT" duration-ms="510" status="PASS">
          <params>
            <param index="0">
              <value>
                <![CDATA["Verify that user is able to navigate to Try Editor page for the Graph Representations page"]]>
              </value>
            </param>
            <param index="1">
              <value>
                <![CDATA["Graph Datastructure"]]>
              </value>
            </param>
          </params>
          <reporter-output>
          </reporter-output>
        </test-method> <!-- runScenario -->
        <test-method signature="runScenario(io.cucumber.testng.PickleWrapper,io.cucumber.testng.FeatureWrapper)[pri:0, instance:Runner.TestRunner@4b9df8a]" started-at="2025-03-24T18:29:01 PDT" name="runScenario" description="Runs Cucumber Scenarios" data-provider="scenarios" finished-at="2025-03-24T18:29:02 PDT" duration-ms="1481" status="PASS">
          <params>
            <param index="0">
              <value>
                <![CDATA["Verify that user receives an error when clicking on Run button without entering code in Try Editor page of Graph Representations"]]>
              </value>
            </param>
            <param index="1">
              <value>
                <![CDATA["Graph Datastructure"]]>
              </value>
            </param>
          </params>
          <reporter-output>
          </reporter-output>
        </test-method> <!-- runScenario -->
        <test-method signature="runScenario(io.cucumber.testng.PickleWrapper,io.cucumber.testng.FeatureWrapper)[pri:0, instance:Runner.TestRunner@4b9df8a]" started-at="2025-03-24T18:29:02 PDT" name="runScenario" description="Runs Cucumber Scenarios" data-provider="scenarios" finished-at="2025-03-24T18:29:04 PDT" duration-ms="2018" status="PASS">
          <params>
            <param index="0">
              <value>
                <![CDATA["Verify that user receives an error for invalid Python code in Try Editor page of Graph Representations"]]>
              </value>
            </param>
            <param index="1">
              <value>
                <![CDATA["Graph Datastructure"]]>
              </value>
            </param>
          </params>
          <reporter-output>
          </reporter-output>
        </test-method> <!-- runScenario -->
        <test-method signature="runScenario(io.cucumber.testng.PickleWrapper,io.cucumber.testng.FeatureWrapper)[pri:0, instance:Runner.TestRunner@4b9df8a]" started-at="2025-03-24T18:29:04 PDT" name="runScenario" description="Runs Cucumber Scenarios" data-provider="scenarios" finished-at="2025-03-24T18:29:06 PDT" duration-ms="1788" status="PASS">
          <params>
            <param index="0">
              <value>
                <![CDATA["Verify that user is able to see output for valid Python code in Try Editor page of Graph Representations"]]>
              </value>
            </param>
            <param index="1">
              <value>
                <![CDATA["Graph Datastructure"]]>
              </value>
            </param>
          </params>
          <reporter-output>
          </reporter-output>
        </test-method> <!-- runScenario -->
        <test-method signature="runScenario(io.cucumber.testng.PickleWrapper,io.cucumber.testng.FeatureWrapper)[pri:0, instance:Runner.TestRunner@4b9df8a]" started-at="2025-03-24T18:29:06 PDT" name="runScenario" description="Runs Cucumber Scenarios" data-provider="scenarios" finished-at="2025-03-24T18:29:07 PDT" duration-ms="729" status="PASS">
          <params>
            <param index="0">
              <value>
                <![CDATA["Verify that user able to logout from the Graph data structure"]]>
              </value>
            </param>
            <param index="1">
              <value>
                <![CDATA["Graph Datastructure"]]>
              </value>
            </param>
          </params>
          <reporter-output>
          </reporter-output>
        </test-method> <!-- runScenario -->
        <test-method signature="runScenario(io.cucumber.testng.PickleWrapper,io.cucumber.testng.FeatureWrapper)[pri:0, instance:Runner.TestRunner@4b9df8a]" started-at="2025-03-24T18:29:07 PDT" name="runScenario" description="Runs Cucumber Scenarios" data-provider="scenarios" finished-at="2025-03-24T18:29:09 PDT" duration-ms="2113" status="PASS">
          <params>
            <param index="0">
              <value>
                <![CDATA["Navigate to Queue Data Structure Page"]]>
              </value>
            </param>
            <param index="1">
              <value>
                <![CDATA["Queue DataStructure"]]>
              </value>
            </param>
          </params>
          <reporter-output>
          </reporter-output>
        </test-method> <!-- runScenario -->
        <test-method signature="runScenario(io.cucumber.testng.PickleWrapper,io.cucumber.testng.FeatureWrapper)[pri:0, instance:Runner.TestRunner@4b9df8a]" started-at="2025-03-24T18:29:09 PDT" name="runScenario" description="Runs Cucumber Scenarios" data-provider="scenarios" finished-at="2025-03-24T18:29:10 PDT" duration-ms="491" status="PASS">
          <params>
            <param index="0">
              <value>
                <![CDATA["Navigate to Implementation of Queue in Python page"]]>
              </value>
            </param>
            <param index="1">
              <value>
                <![CDATA["Queue DataStructure"]]>
              </value>
            </param>
          </params>
          <reporter-output>
          </reporter-output>
        </test-method> <!-- runScenario -->
        <test-method signature="runScenario(io.cucumber.testng.PickleWrapper,io.cucumber.testng.FeatureWrapper)[pri:0, instance:Runner.TestRunner@4b9df8a]" started-at="2025-03-24T18:29:10 PDT" name="runScenario" description="Runs Cucumber Scenarios" data-provider="scenarios" finished-at="2025-03-24T18:29:10 PDT" duration-ms="477" status="PASS">
          <params>
            <param index="0">
              <value>
                <![CDATA["Navigate to try editor page for Implementation of Queue in Python"]]>
              </value>
            </param>
            <param index="1">
              <value>
                <![CDATA["Queue DataStructure"]]>
              </value>
            </param>
          </params>
          <reporter-output>
          </reporter-output>
        </test-method> <!-- runScenario -->
        <test-method signature="runScenario(io.cucumber.testng.PickleWrapper,io.cucumber.testng.FeatureWrapper)[pri:0, instance:Runner.TestRunner@4b9df8a]" started-at="2025-03-24T18:29:10 PDT" name="runScenario" description="Runs Cucumber Scenarios" data-provider="scenarios" finished-at="2025-03-24T18:29:11 PDT" duration-ms="1340" status="PASS">
          <params>
            <param index="0">
              <value>
                <![CDATA["Error on clicking Run button without entering code for Implementation of Queue in Python"]]>
              </value>
            </param>
            <param index="1">
              <value>
                <![CDATA["Queue DataStructure"]]>
              </value>
            </param>
          </params>
          <reporter-output>
          </reporter-output>
        </test-method> <!-- runScenario -->
        <test-method signature="runScenario(io.cucumber.testng.PickleWrapper,io.cucumber.testng.FeatureWrapper)[pri:0, instance:Runner.TestRunner@4b9df8a]" started-at="2025-03-24T18:29:11 PDT" name="runScenario" description="Runs Cucumber Scenarios" data-provider="scenarios" finished-at="2025-03-24T18:29:13 PDT" duration-ms="1822" status="PASS">
          <params>
            <param index="0">
              <value>
                <![CDATA["Error for invalid Python code for Implementation of Queue in Python"]]>
              </value>
            </param>
            <param index="1">
              <value>
                <![CDATA["Queue DataStructure"]]>
              </value>
            </param>
          </params>
          <reporter-output>
          </reporter-output>
        </test-method> <!-- runScenario -->
        <test-method signature="runScenario(io.cucumber.testng.PickleWrapper,io.cucumber.testng.FeatureWrapper)[pri:0, instance:Runner.TestRunner@4b9df8a]" started-at="2025-03-24T18:29:13 PDT" name="runScenario" description="Runs Cucumber Scenarios" data-provider="scenarios" finished-at="2025-03-24T18:29:15 PDT" duration-ms="1950" status="PASS">
          <params>
            <param index="0">
              <value>
                <![CDATA["Output for valid Python code for Implementation of Queue in Python"]]>
              </value>
            </param>
            <param index="1">
              <value>
                <![CDATA["Queue DataStructure"]]>
              </value>
            </param>
          </params>
          <reporter-output>
          </reporter-output>
        </test-method> <!-- runScenario -->
        <test-method signature="runScenario(io.cucumber.testng.PickleWrapper,io.cucumber.testng.FeatureWrapper)[pri:0, instance:Runner.TestRunner@4b9df8a]" started-at="2025-03-24T18:29:15 PDT" name="runScenario" description="Runs Cucumber Scenarios" data-provider="scenarios" finished-at="2025-03-24T18:29:16 PDT" duration-ms="424" status="PASS">
          <params>
            <param index="0">
              <value>
                <![CDATA["Navigate to Practice Questions Page for Implementation of Queue in Python"]]>
              </value>
            </param>
            <param index="1">
              <value>
                <![CDATA["Queue DataStructure"]]>
              </value>
            </param>
          </params>
          <reporter-output>
          </reporter-output>
        </test-method> <!-- runScenario -->
        <test-method signature="runScenario(io.cucumber.testng.PickleWrapper,io.cucumber.testng.FeatureWrapper)[pri:0, instance:Runner.TestRunner@4b9df8a]" started-at="2025-03-24T18:29:16 PDT" name="runScenario" description="Runs Cucumber Scenarios" data-provider="scenarios" finished-at="2025-03-24T18:29:16 PDT" duration-ms="414" status="PASS">
          <params>
            <param index="0">
              <value>
                <![CDATA["Navigate to Implementation using collections.deque page"]]>
              </value>
            </param>
            <param index="1">
              <value>
                <![CDATA["Queue DataStructure"]]>
              </value>
            </param>
          </params>
          <reporter-output>
          </reporter-output>
        </test-method> <!-- runScenario -->
        <test-method signature="runScenario(io.cucumber.testng.PickleWrapper,io.cucumber.testng.FeatureWrapper)[pri:0, instance:Runner.TestRunner@4b9df8a]" started-at="2025-03-24T18:29:16 PDT" name="runScenario" description="Runs Cucumber Scenarios" data-provider="scenarios" finished-at="2025-03-24T18:29:17 PDT" duration-ms="749" status="PASS">
          <params>
            <param index="0">
              <value>
                <![CDATA["Navigate to try editor page for Implementation using collections.deque"]]>
              </value>
            </param>
            <param index="1">
              <value>
                <![CDATA["Queue DataStructure"]]>
              </value>
            </param>
          </params>
          <reporter-output>
          </reporter-output>
        </test-method> <!-- runScenario -->
        <test-method signature="runScenario(io.cucumber.testng.PickleWrapper,io.cucumber.testng.FeatureWrapper)[pri:0, instance:Runner.TestRunner@4b9df8a]" started-at="2025-03-24T18:29:17 PDT" name="runScenario" description="Runs Cucumber Scenarios" data-provider="scenarios" finished-at="2025-03-24T18:29:18 PDT" duration-ms="1550" status="PASS">
          <params>
            <param index="0">
              <value>
                <![CDATA["Error on clicking Run button without entering code for Implementation using collections.deque"]]>
              </value>
            </param>
            <param index="1">
              <value>
                <![CDATA["Queue DataStructure"]]>
              </value>
            </param>
          </params>
          <reporter-output>
          </reporter-output>
        </test-method> <!-- runScenario -->
        <test-method signature="runScenario(io.cucumber.testng.PickleWrapper,io.cucumber.testng.FeatureWrapper)[pri:0, instance:Runner.TestRunner@4b9df8a]" started-at="2025-03-24T18:29:18 PDT" name="runScenario" description="Runs Cucumber Scenarios" data-provider="scenarios" finished-at="2025-03-24T18:29:20 PDT" duration-ms="1874" status="PASS">
          <params>
            <param index="0">
              <value>
                <![CDATA["Error for invalid Python code for Implementation using collections.deque"]]>
              </value>
            </param>
            <param index="1">
              <value>
                <![CDATA["Queue DataStructure"]]>
              </value>
            </param>
          </params>
          <reporter-output>
          </reporter-output>
        </test-method> <!-- runScenario -->
        <test-method signature="runScenario(io.cucumber.testng.PickleWrapper,io.cucumber.testng.FeatureWrapper)[pri:0, instance:Runner.TestRunner@4b9df8a]" started-at="2025-03-24T18:29:20 PDT" name="runScenario" description="Runs Cucumber Scenarios" data-provider="scenarios" finished-at="2025-03-24T18:29:22 PDT" duration-ms="1981" status="PASS">
          <params>
            <param index="0">
              <value>
                <![CDATA["Output for valid Python code for Implementation using collections.deque"]]>
              </value>
            </param>
            <param index="1">
              <value>
                <![CDATA["Queue DataStructure"]]>
              </value>
            </param>
          </params>
          <reporter-output>
          </reporter-output>
        </test-method> <!-- runScenario -->
        <test-method signature="runScenario(io.cucumber.testng.PickleWrapper,io.cucumber.testng.FeatureWrapper)[pri:0, instance:Runner.TestRunner@4b9df8a]" started-at="2025-03-24T18:29:22 PDT" name="runScenario" description="Runs Cucumber Scenarios" data-provider="scenarios" finished-at="2025-03-24T18:29:23 PDT" duration-ms="471" status="PASS">
          <params>
            <param index="0">
              <value>
                <![CDATA["Navigate to Implementation using array page"]]>
              </value>
            </param>
            <param index="1">
              <value>
                <![CDATA["Queue DataStructure"]]>
              </value>
            </param>
          </params>
          <reporter-output>
          </reporter-output>
        </test-method> <!-- runScenario -->
        <test-method signature="runScenario(io.cucumber.testng.PickleWrapper,io.cucumber.testng.FeatureWrapper)[pri:0, instance:Runner.TestRunner@4b9df8a]" started-at="2025-03-24T18:29:23 PDT" name="runScenario" description="Runs Cucumber Scenarios" data-provider="scenarios" finished-at="2025-03-24T18:29:23 PDT" duration-ms="563" status="PASS">
          <params>
            <param index="0">
              <value>
                <![CDATA["Navigate to try editor page for Implementation using array page"]]>
              </value>
            </param>
            <param index="1">
              <value>
                <![CDATA["Queue DataStructure"]]>
              </value>
            </param>
          </params>
          <reporter-output>
          </reporter-output>
        </test-method> <!-- runScenario -->
        <test-method signature="runScenario(io.cucumber.testng.PickleWrapper,io.cucumber.testng.FeatureWrapper)[pri:0, instance:Runner.TestRunner@4b9df8a]" started-at="2025-03-24T18:29:23 PDT" name="runScenario" description="Runs Cucumber Scenarios" data-provider="scenarios" finished-at="2025-03-24T18:29:26 PDT" duration-ms="2423" status="PASS">
          <params>
            <param index="0">
              <value>
                <![CDATA["Error on clicking Run button without entering code for Implementation using array page"]]>
              </value>
            </param>
            <param index="1">
              <value>
                <![CDATA["Queue DataStructure"]]>
              </value>
            </param>
          </params>
          <reporter-output>
          </reporter-output>
        </test-method> <!-- runScenario -->
        <test-method signature="runScenario(io.cucumber.testng.PickleWrapper,io.cucumber.testng.FeatureWrapper)[pri:0, instance:Runner.TestRunner@4b9df8a]" started-at="2025-03-24T18:29:26 PDT" name="runScenario" description="Runs Cucumber Scenarios" data-provider="scenarios" finished-at="2025-03-24T18:29:28 PDT" duration-ms="2517" status="PASS">
          <params>
            <param index="0">
              <value>
                <![CDATA["Error for invalid Python code for Implementation using array page"]]>
              </value>
            </param>
            <param index="1">
              <value>
                <![CDATA["Queue DataStructure"]]>
              </value>
            </param>
          </params>
          <reporter-output>
          </reporter-output>
        </test-method> <!-- runScenario -->
        <test-method signature="runScenario(io.cucumber.testng.PickleWrapper,io.cucumber.testng.FeatureWrapper)[pri:0, instance:Runner.TestRunner@4b9df8a]" started-at="2025-03-24T18:29:28 PDT" name="runScenario" description="Runs Cucumber Scenarios" data-provider="scenarios" finished-at="2025-03-24T18:29:30 PDT" duration-ms="2286" status="PASS">
          <params>
            <param index="0">
              <value>
                <![CDATA["Output for valid Python code for Implementation using array"]]>
              </value>
            </param>
            <param index="1">
              <value>
                <![CDATA["Queue DataStructure"]]>
              </value>
            </param>
          </params>
          <reporter-output>
          </reporter-output>
        </test-method> <!-- runScenario -->
        <test-method signature="runScenario(io.cucumber.testng.PickleWrapper,io.cucumber.testng.FeatureWrapper)[pri:0, instance:Runner.TestRunner@4b9df8a]" started-at="2025-03-24T18:29:30 PDT" name="runScenario" description="Runs Cucumber Scenarios" data-provider="scenarios" finished-at="2025-03-24T18:29:31 PDT" duration-ms="382" status="PASS">
          <params>
            <param index="0">
              <value>
                <![CDATA["Navigate to Queue Operations page"]]>
              </value>
            </param>
            <param index="1">
              <value>
                <![CDATA["Queue DataStructure"]]>
              </value>
            </param>
          </params>
          <reporter-output>
          </reporter-output>
        </test-method> <!-- runScenario -->
        <test-method signature="runScenario(io.cucumber.testng.PickleWrapper,io.cucumber.testng.FeatureWrapper)[pri:0, instance:Runner.TestRunner@4b9df8a]" started-at="2025-03-24T18:29:31 PDT" name="runScenario" description="Runs Cucumber Scenarios" data-provider="scenarios" finished-at="2025-03-24T18:29:31 PDT" duration-ms="445" status="PASS">
          <params>
            <param index="0">
              <value>
                <![CDATA["Navigate to try editor page for Queue Operations"]]>
              </value>
            </param>
            <param index="1">
              <value>
                <![CDATA["Queue DataStructure"]]>
              </value>
            </param>
          </params>
          <reporter-output>
          </reporter-output>
        </test-method> <!-- runScenario -->
        <test-method signature="runScenario(io.cucumber.testng.PickleWrapper,io.cucumber.testng.FeatureWrapper)[pri:0, instance:Runner.TestRunner@4b9df8a]" started-at="2025-03-24T18:29:31 PDT" name="runScenario" description="Runs Cucumber Scenarios" data-provider="scenarios" finished-at="2025-03-24T18:29:33 PDT" duration-ms="1474" status="PASS">
          <params>
            <param index="0">
              <value>
                <![CDATA["Error on clicking Run button without entering code for Queue Operations"]]>
              </value>
            </param>
            <param index="1">
              <value>
                <![CDATA["Queue DataStructure"]]>
              </value>
            </param>
          </params>
          <reporter-output>
          </reporter-output>
        </test-method> <!-- runScenario -->
        <test-method signature="runScenario(io.cucumber.testng.PickleWrapper,io.cucumber.testng.FeatureWrapper)[pri:0, instance:Runner.TestRunner@4b9df8a]" started-at="2025-03-24T18:29:33 PDT" name="runScenario" description="Runs Cucumber Scenarios" data-provider="scenarios" finished-at="2025-03-24T18:29:35 PDT" duration-ms="2578" status="PASS">
          <params>
            <param index="0">
              <value>
                <![CDATA["Error for invalid Python code for Queue Operations"]]>
              </value>
            </param>
            <param index="1">
              <value>
                <![CDATA["Queue DataStructure"]]>
              </value>
            </param>
          </params>
          <reporter-output>
          </reporter-output>
        </test-method> <!-- runScenario -->
        <test-method signature="runScenario(io.cucumber.testng.PickleWrapper,io.cucumber.testng.FeatureWrapper)[pri:0, instance:Runner.TestRunner@4b9df8a]" started-at="2025-03-24T18:29:35 PDT" name="runScenario" description="Runs Cucumber Scenarios" data-provider="scenarios" finished-at="2025-03-24T18:29:37 PDT" duration-ms="2175" status="PASS">
          <params>
            <param index="0">
              <value>
                <![CDATA["Output for valid Python code for Queue Operations"]]>
              </value>
            </param>
            <param index="1">
              <value>
                <![CDATA["Queue DataStructure"]]>
              </value>
            </param>
          </params>
          <reporter-output>
          </reporter-output>
        </test-method> <!-- runScenario -->
        <test-method signature="runScenario(io.cucumber.testng.PickleWrapper,io.cucumber.testng.FeatureWrapper)[pri:0, instance:Runner.TestRunner@4b9df8a]" started-at="2025-03-24T18:29:37 PDT" name="runScenario" description="Runs Cucumber Scenarios" data-provider="scenarios" finished-at="2025-03-24T18:29:38 PDT" duration-ms="694" status="PASS">
          <params>
            <param index="0">
              <value>
                <![CDATA["Verify that user able to logout from the Queue data structure"]]>
              </value>
            </param>
            <param index="1">
              <value>
                <![CDATA["Queue DataStructure"]]>
              </value>
            </param>
          </params>
          <reporter-output>
          </reporter-output>
        </test-method> <!-- runScenario -->
        <test-method signature="runScenario(io.cucumber.testng.PickleWrapper,io.cucumber.testng.FeatureWrapper)[pri:0, instance:Runner.TestRunner@4b9df8a]" started-at="2025-03-24T18:29:38 PDT" name="runScenario" description="Runs Cucumber Scenarios" data-provider="scenarios" finished-at="2025-03-24T18:29:41 PDT" duration-ms="3302" status="PASS">
          <params>
            <param index="0">
              <value>
                <![CDATA["Navigate to Stack Data Structure Page"]]>
              </value>
            </param>
            <param index="1">
              <value>
                <![CDATA["Stack DataStructure"]]>
              </value>
            </param>
          </params>
          <reporter-output>
          </reporter-output>
        </test-method> <!-- runScenario -->
        <test-method signature="runScenario(io.cucumber.testng.PickleWrapper,io.cucumber.testng.FeatureWrapper)[pri:0, instance:Runner.TestRunner@4b9df8a]" started-at="2025-03-24T18:29:41 PDT" name="runScenario" description="Runs Cucumber Scenarios" data-provider="scenarios" finished-at="2025-03-24T18:29:43 PDT" duration-ms="1079" status="PASS">
          <params>
            <param index="0">
              <value>
                <![CDATA["Navigate to Operations in Stack Page"]]>
              </value>
            </param>
            <param index="1">
              <value>
                <![CDATA["Stack DataStructure"]]>
              </value>
            </param>
          </params>
          <reporter-output>
          </reporter-output>
        </test-method> <!-- runScenario -->
        <test-method signature="runScenario(io.cucumber.testng.PickleWrapper,io.cucumber.testng.FeatureWrapper)[pri:0, instance:Runner.TestRunner@4b9df8a]" started-at="2025-03-24T18:29:43 PDT" name="runScenario" description="Runs Cucumber Scenarios" data-provider="scenarios" finished-at="2025-03-24T18:29:43 PDT" duration-ms="487" status="PASS">
          <params>
            <param index="0">
              <value>
                <![CDATA["Navigate to TryEditor for Operations in Stack"]]>
              </value>
            </param>
            <param index="1">
              <value>
                <![CDATA["Stack DataStructure"]]>
              </value>
            </param>
          </params>
          <reporter-output>
          </reporter-output>
        </test-method> <!-- runScenario -->
        <test-method signature="runScenario(io.cucumber.testng.PickleWrapper,io.cucumber.testng.FeatureWrapper)[pri:0, instance:Runner.TestRunner@4b9df8a]" started-at="2025-03-24T18:29:43 PDT" name="runScenario" description="Runs Cucumber Scenarios" data-provider="scenarios" finished-at="2025-03-24T18:29:44 PDT" duration-ms="861" status="PASS">
          <params>
            <param index="0">
              <value>
                <![CDATA["Error on Clicking Run Without Code in Operations in Stack"]]>
              </value>
            </param>
            <param index="1">
              <value>
                <![CDATA["Stack DataStructure"]]>
              </value>
            </param>
          </params>
          <reporter-output>
          </reporter-output>
        </test-method> <!-- runScenario -->
        <test-method signature="runScenario(io.cucumber.testng.PickleWrapper,io.cucumber.testng.FeatureWrapper)[pri:0, instance:Runner.TestRunner@4b9df8a]" started-at="2025-03-24T18:29:44 PDT" name="runScenario" description="Runs Cucumber Scenarios" data-provider="scenarios" finished-at="2025-03-24T18:29:45 PDT" duration-ms="1084" status="PASS">
          <params>
            <param index="0">
              <value>
                <![CDATA["Error for Invalid Python Code in Operations in Stack"]]>
              </value>
            </param>
            <param index="1">
              <value>
                <![CDATA["Stack DataStructure"]]>
              </value>
            </param>
          </params>
          <reporter-output>
          </reporter-output>
        </test-method> <!-- runScenario -->
        <test-method signature="runScenario(io.cucumber.testng.PickleWrapper,io.cucumber.testng.FeatureWrapper)[pri:0, instance:Runner.TestRunner@4b9df8a]" started-at="2025-03-24T18:29:45 PDT" name="runScenario" description="Runs Cucumber Scenarios" data-provider="scenarios" finished-at="2025-03-24T18:29:46 PDT" duration-ms="1060" status="PASS">
          <params>
            <param index="0">
              <value>
                <![CDATA["Display Output for Valid Python Code in Operations in Stack"]]>
              </value>
            </param>
            <param index="1">
              <value>
                <![CDATA["Stack DataStructure"]]>
              </value>
            </param>
          </params>
          <reporter-output>
          </reporter-output>
        </test-method> <!-- runScenario -->
        <test-method signature="runScenario(io.cucumber.testng.PickleWrapper,io.cucumber.testng.FeatureWrapper)[pri:0, instance:Runner.TestRunner@4b9df8a]" started-at="2025-03-24T18:29:46 PDT" name="runScenario" description="Runs Cucumber Scenarios" data-provider="scenarios" finished-at="2025-03-24T18:29:46 PDT" duration-ms="352" status="PASS">
          <params>
            <param index="0">
              <value>
                <![CDATA["Navigate to Practice Questions Page for Operations in Stack"]]>
              </value>
            </param>
            <param index="1">
              <value>
                <![CDATA["Stack DataStructure"]]>
              </value>
            </param>
          </params>
          <reporter-output>
          </reporter-output>
        </test-method> <!-- runScenario -->
        <test-method signature="runScenario(io.cucumber.testng.PickleWrapper,io.cucumber.testng.FeatureWrapper)[pri:0, instance:Runner.TestRunner@4b9df8a]" started-at="2025-03-24T18:29:46 PDT" name="runScenario" description="Runs Cucumber Scenarios" data-provider="scenarios" finished-at="2025-03-24T18:29:47 PDT" duration-ms="501" status="PASS">
          <params>
            <param index="0">
              <value>
                <![CDATA["Navigate to Implementation Page"]]>
              </value>
            </param>
            <param index="1">
              <value>
                <![CDATA["Stack DataStructure"]]>
              </value>
            </param>
          </params>
          <reporter-output>
          </reporter-output>
        </test-method> <!-- runScenario -->
        <test-method signature="runScenario(io.cucumber.testng.PickleWrapper,io.cucumber.testng.FeatureWrapper)[pri:0, instance:Runner.TestRunner@4b9df8a]" started-at="2025-03-24T18:29:47 PDT" name="runScenario" description="Runs Cucumber Scenarios" data-provider="scenarios" finished-at="2025-03-24T18:29:47 PDT" duration-ms="425" status="PASS">
          <params>
            <param index="0">
              <value>
                <![CDATA["Navigate to TryEditor for Implementation Page"]]>
              </value>
            </param>
            <param index="1">
              <value>
                <![CDATA["Stack DataStructure"]]>
              </value>
            </param>
          </params>
          <reporter-output>
          </reporter-output>
        </test-method> <!-- runScenario -->
        <test-method signature="runScenario(io.cucumber.testng.PickleWrapper,io.cucumber.testng.FeatureWrapper)[pri:0, instance:Runner.TestRunner@4b9df8a]" started-at="2025-03-24T18:29:47 PDT" name="runScenario" description="Runs Cucumber Scenarios" data-provider="scenarios" finished-at="2025-03-24T18:29:48 PDT" duration-ms="569" status="PASS">
          <params>
            <param index="0">
              <value>
                <![CDATA["Error on Clicking Run Without Code in Implementation Page"]]>
              </value>
            </param>
            <param index="1">
              <value>
                <![CDATA["Stack DataStructure"]]>
              </value>
            </param>
          </params>
          <reporter-output>
          </reporter-output>
        </test-method> <!-- runScenario -->
        <test-method signature="runScenario(io.cucumber.testng.PickleWrapper,io.cucumber.testng.FeatureWrapper)[pri:0, instance:Runner.TestRunner@4b9df8a]" started-at="2025-03-24T18:29:48 PDT" name="runScenario" description="Runs Cucumber Scenarios" data-provider="scenarios" finished-at="2025-03-24T18:29:49 PDT" duration-ms="821" status="PASS">
          <params>
            <param index="0">
              <value>
                <![CDATA["Error for Invalid Python Code in Implementation Page"]]>
              </value>
            </param>
            <param index="1">
              <value>
                <![CDATA["Stack DataStructure"]]>
              </value>
            </param>
          </params>
          <reporter-output>
          </reporter-output>
        </test-method> <!-- runScenario -->
        <test-method signature="runScenario(io.cucumber.testng.PickleWrapper,io.cucumber.testng.FeatureWrapper)[pri:0, instance:Runner.TestRunner@4b9df8a]" started-at="2025-03-24T18:29:49 PDT" name="runScenario" description="Runs Cucumber Scenarios" data-provider="scenarios" finished-at="2025-03-24T18:29:50 PDT" duration-ms="812" status="PASS">
          <params>
            <param index="0">
              <value>
                <![CDATA["Display Output for Valid Python Code in Implementation Page"]]>
              </value>
            </param>
            <param index="1">
              <value>
                <![CDATA["Stack DataStructure"]]>
              </value>
            </param>
          </params>
          <reporter-output>
          </reporter-output>
        </test-method> <!-- runScenario -->
        <test-method signature="runScenario(io.cucumber.testng.PickleWrapper,io.cucumber.testng.FeatureWrapper)[pri:0, instance:Runner.TestRunner@4b9df8a]" started-at="2025-03-24T18:29:50 PDT" name="runScenario" description="Runs Cucumber Scenarios" data-provider="scenarios" finished-at="2025-03-24T18:29:50 PDT" duration-ms="489" status="PASS">
          <params>
            <param index="0">
              <value>
                <![CDATA["Navigate to Applications Page"]]>
              </value>
            </param>
            <param index="1">
              <value>
                <![CDATA["Stack DataStructure"]]>
              </value>
            </param>
          </params>
          <reporter-output>
          </reporter-output>
        </test-method> <!-- runScenario -->
        <test-method signature="runScenario(io.cucumber.testng.PickleWrapper,io.cucumber.testng.FeatureWrapper)[pri:0, instance:Runner.TestRunner@4b9df8a]" started-at="2025-03-24T18:29:50 PDT" name="runScenario" description="Runs Cucumber Scenarios" data-provider="scenarios" finished-at="2025-03-24T18:29:51 PDT" duration-ms="467" status="PASS">
          <params>
            <param index="0">
              <value>
                <![CDATA["Navigate to TryEditor for Applications Page"]]>
              </value>
            </param>
            <param index="1">
              <value>
                <![CDATA["Stack DataStructure"]]>
              </value>
            </param>
          </params>
          <reporter-output>
          </reporter-output>
        </test-method> <!-- runScenario -->
        <test-method signature="runScenario(io.cucumber.testng.PickleWrapper,io.cucumber.testng.FeatureWrapper)[pri:0, instance:Runner.TestRunner@4b9df8a]" started-at="2025-03-24T18:29:51 PDT" name="runScenario" description="Runs Cucumber Scenarios" data-provider="scenarios" finished-at="2025-03-24T18:29:51 PDT" duration-ms="386" status="PASS">
          <params>
            <param index="0">
              <value>
                <![CDATA["Error on Clicking Run Without Code in Applications Page"]]>
              </value>
            </param>
            <param index="1">
              <value>
                <![CDATA["Stack DataStructure"]]>
              </value>
            </param>
          </params>
          <reporter-output>
          </reporter-output>
        </test-method> <!-- runScenario -->
        <test-method signature="runScenario(io.cucumber.testng.PickleWrapper,io.cucumber.testng.FeatureWrapper)[pri:0, instance:Runner.TestRunner@4b9df8a]" started-at="2025-03-24T18:29:51 PDT" name="runScenario" description="Runs Cucumber Scenarios" data-provider="scenarios" finished-at="2025-03-24T18:29:52 PDT" duration-ms="1077" status="PASS">
          <params>
            <param index="0">
              <value>
                <![CDATA["Error for Invalid Python Code in Applications Page"]]>
              </value>
            </param>
            <param index="1">
              <value>
                <![CDATA["Stack DataStructure"]]>
              </value>
            </param>
          </params>
          <reporter-output>
          </reporter-output>
        </test-method> <!-- runScenario -->
        <test-method signature="runScenario(io.cucumber.testng.PickleWrapper,io.cucumber.testng.FeatureWrapper)[pri:0, instance:Runner.TestRunner@4b9df8a]" started-at="2025-03-24T18:29:52 PDT" name="runScenario" description="Runs Cucumber Scenarios" data-provider="scenarios" finished-at="2025-03-24T18:29:53 PDT" duration-ms="582" status="FAIL">
          <params>
            <param index="0">
              <value>
                <![CDATA["Display Output for Valid Python Code in Applications Page"]]>
              </value>
            </param>
            <param index="1">
              <value>
                <![CDATA["Stack DataStructure"]]>
              </value>
            </param>
          </params>
          <exception class="org.apache.poi.openxml4j.exceptions.OpenXML4JRuntimeException">
            <message>
              <![CDATA[Fail to save: an error occurs while saving the package : The part /xl/worksheets/sheet3.xml failed to be saved in the stream with marshaller org.apache.poi.openxml4j.opc.internal.marshallers.DefaultMarshaller@60e0ab5e. Enable logging via Log4j 2 for more details.]]>
            </message>
            <full-stacktrace>
              <![CDATA[org.apache.poi.openxml4j.exceptions.OpenXML4JRuntimeException: Fail to save: an error occurs while saving the package : The part /xl/worksheets/sheet3.xml failed to be saved in the stream with marshaller org.apache.poi.openxml4j.opc.internal.marshallers.DefaultMarshaller@60e0ab5e. Enable logging via Log4j 2 for more details.
at org.apache.poi.openxml4j.opc.ZipPackage.saveImpl(ZipPackage.java:606)
at org.apache.poi.openxml4j.opc.OPCPackage.save(OPCPackage.java:1546)
at org.apache.poi.openxml4j.opc.OPCPackage.save(OPCPackage.java:1533)
at org.apache.poi.openxml4j.opc.ZipPackage.closeImpl(ZipPackage.java:478)
at org.apache.poi.openxml4j.opc.OPCPackage.close(OPCPackage.java:517)
at org.apache.poi.ooxml.POIXMLDocument.close(POIXMLDocument.java:189)
at org.apache.poi.xssf.usermodel.XSSFWorkbook.close(XSSFWorkbook.java:642)
at Utilities.Excelreaderpython.getData(Excelreaderpython.java:26)
at StepDefinitions.StackSteps.the_user_enters_valid_python_code_from_excel_and_and_enters_in_the_editor_and_clicks_the_run_button_for_stack_try_editor(StackSteps.java:145)
at ✽.the user enters valid python code  from excel "pythonCode" and 0 and enters in the editor and clicks the Run button for stack TryEditor(file:///C:/Users/ashok/eclipse-workspace/DsAlgo_Cucumber/src/test/resources/Features/Stack.feature:110)
Caused by: org.apache.poi.openxml4j.exceptions.OpenXML4JException: The part /xl/worksheets/sheet3.xml failed to be saved in the stream with marshaller org.apache.poi.openxml4j.opc.internal.marshallers.DefaultMarshaller@60e0ab5e. Enable logging via Log4j 2 for more details.
at org.apache.poi.openxml4j.opc.ZipPackage.saveImpl(ZipPackage.java:595)
... 9 more
]]>
            </full-stacktrace>
          </exception> <!-- org.apache.poi.openxml4j.exceptions.OpenXML4JRuntimeException -->
          <reporter-output>
          </reporter-output>
        </test-method> <!-- runScenario -->
        <test-method signature="runScenario(io.cucumber.testng.PickleWrapper,io.cucumber.testng.FeatureWrapper)[pri:0, instance:Runner.TestRunner@4b9df8a]" started-at="2025-03-24T18:29:53 PDT" name="runScenario" description="Runs Cucumber Scenarios" data-provider="scenarios" finished-at="2025-03-24T18:29:53 PDT" duration-ms="782" status="PASS">
          <params>
            <param index="0">
              <value>
                <![CDATA["Verify that user able to logout from the Stack data structure"]]>
              </value>
            </param>
            <param index="1">
              <value>
                <![CDATA["Stack DataStructure"]]>
              </value>
            </param>
          </params>
          <reporter-output>
          </reporter-output>
        </test-method> <!-- runScenario -->
        <test-method signature="runScenario(io.cucumber.testng.PickleWrapper,io.cucumber.testng.FeatureWrapper)[pri:0, instance:Runner.TestRunner@4b9df8a]" started-at="2025-03-24T18:29:53 PDT" name="runScenario" description="Runs Cucumber Scenarios" data-provider="scenarios" finished-at="2025-03-24T18:29:57 PDT" duration-ms="3508" status="PASS">
          <params>
            <param index="0">
              <value>
                <![CDATA["Verify that user is able to navigate to Tree data structure page"]]>
              </value>
            </param>
            <param index="1">
              <value>
                <![CDATA["Tree Datastructure"]]>
              </value>
            </param>
          </params>
          <reporter-output>
          </reporter-output>
        </test-method> <!-- runScenario -->
        <test-method signature="runScenario(io.cucumber.testng.PickleWrapper,io.cucumber.testng.FeatureWrapper)[pri:0, instance:Runner.TestRunner@4b9df8a]" started-at="2025-03-24T18:29:57 PDT" name="runScenario" description="Runs Cucumber Scenarios" data-provider="scenarios" finished-at="2025-03-24T18:29:58 PDT" duration-ms="884" status="PASS">
          <params>
            <param index="0">
              <value>
                <![CDATA["Verify that user is able to navigate to Tree Data Structures page"]]>
              </value>
            </param>
            <param index="1">
              <value>
                <![CDATA["Tree Datastructure"]]>
              </value>
            </param>
          </params>
          <reporter-output>
          </reporter-output>
        </test-method> <!-- runScenario -->
        <test-method signature="runScenario(io.cucumber.testng.PickleWrapper,io.cucumber.testng.FeatureWrapper)[pri:0, instance:Runner.TestRunner@4b9df8a]" started-at="2025-03-24T18:29:58 PDT" name="runScenario" description="Runs Cucumber Scenarios" data-provider="scenarios" finished-at="2025-03-24T18:29:59 PDT" duration-ms="1584" status="PASS">
          <params>
            <param index="0">
              <value>
                <![CDATA["Verify that user is able to navigate to Overview of Trees page"]]>
              </value>
            </param>
            <param index="1">
              <value>
                <![CDATA["Tree Datastructure"]]>
              </value>
            </param>
          </params>
          <reporter-output>
          </reporter-output>
        </test-method> <!-- runScenario -->
        <test-method signature="runScenario(io.cucumber.testng.PickleWrapper,io.cucumber.testng.FeatureWrapper)[pri:0, instance:Runner.TestRunner@4b9df8a]" started-at="2025-03-24T18:29:59 PDT" name="runScenario" description="Runs Cucumber Scenarios" data-provider="scenarios" finished-at="2025-03-24T18:30:00 PDT" duration-ms="524" status="PASS">
          <params>
            <param index="0">
              <value>
                <![CDATA["Verify that user is able to navigate to try Editor page for Overview of Trees page"]]>
              </value>
            </param>
            <param index="1">
              <value>
                <![CDATA["Tree Datastructure"]]>
              </value>
            </param>
          </params>
          <reporter-output>
          </reporter-output>
        </test-method> <!-- runScenario -->
        <test-method signature="runScenario(io.cucumber.testng.PickleWrapper,io.cucumber.testng.FeatureWrapper)[pri:0, instance:Runner.TestRunner@4b9df8a]" started-at="2025-03-24T18:30:00 PDT" name="runScenario" description="Runs Cucumber Scenarios" data-provider="scenarios" finished-at="2025-03-24T18:30:02 PDT" duration-ms="1954" status="PASS">
          <params>
            <param index="0">
              <value>
                <![CDATA["Verify that user receives error when click on Run button without entering code in Overview of Trees TryEditor page"]]>
              </value>
            </param>
            <param index="1">
              <value>
                <![CDATA["Tree Datastructure"]]>
              </value>
            </param>
          </params>
          <reporter-output>
          </reporter-output>
        </test-method> <!-- runScenario -->
        <test-method signature="runScenario(io.cucumber.testng.PickleWrapper,io.cucumber.testng.FeatureWrapper)[pri:0, instance:Runner.TestRunner@4b9df8a]" started-at="2025-03-24T18:30:02 PDT" name="runScenario" description="Runs Cucumber Scenarios" data-provider="scenarios" finished-at="2025-03-24T18:30:04 PDT" duration-ms="2031" status="PASS">
          <params>
            <param index="0">
              <value>
                <![CDATA["Verify that user receives error for invalid python code in Overview of Trees TryEditor page"]]>
              </value>
            </param>
            <param index="1">
              <value>
                <![CDATA["Tree Datastructure"]]>
              </value>
            </param>
          </params>
          <reporter-output>
          </reporter-output>
        </test-method> <!-- runScenario -->
        <test-method signature="runScenario(io.cucumber.testng.PickleWrapper,io.cucumber.testng.FeatureWrapper)[pri:0, instance:Runner.TestRunner@4b9df8a]" started-at="2025-03-24T18:30:04 PDT" name="runScenario" description="Runs Cucumber Scenarios" data-provider="scenarios" finished-at="2025-03-24T18:30:06 PDT" duration-ms="2103" status="PASS">
          <params>
            <param index="0">
              <value>
                <![CDATA["Verify that user is able to see output for valid python code in Overview of Trees TryEditor page"]]>
              </value>
            </param>
            <param index="1">
              <value>
                <![CDATA["Tree Datastructure"]]>
              </value>
            </param>
          </params>
          <reporter-output>
          </reporter-output>
        </test-method> <!-- runScenario -->
        <test-method signature="runScenario(io.cucumber.testng.PickleWrapper,io.cucumber.testng.FeatureWrapper)[pri:0, instance:Runner.TestRunner@4b9df8a]" started-at="2025-03-24T18:30:06 PDT" name="runScenario" description="Runs Cucumber Scenarios" data-provider="scenarios" finished-at="2025-03-24T18:30:08 PDT" duration-ms="2424" status="PASS">
          <params>
            <param index="0">
              <value>
                <![CDATA["Verify that user is able to navigate to Practice Questions inthe Trees Data Structure page"]]>
              </value>
            </param>
            <param index="1">
              <value>
                <![CDATA["Tree Datastructure"]]>
              </value>
            </param>
          </params>
          <reporter-output>
          </reporter-output>
        </test-method> <!-- runScenario -->
        <test-method signature="runScenario(io.cucumber.testng.PickleWrapper,io.cucumber.testng.FeatureWrapper)[pri:0, instance:Runner.TestRunner@4b9df8a]" started-at="2025-03-24T18:30:08 PDT" name="runScenario" description="Runs Cucumber Scenarios" data-provider="scenarios" finished-at="2025-03-24T18:30:10 PDT" duration-ms="1646" status="PASS">
          <params>
            <param index="0">
              <value>
                <![CDATA["Verify that user is able to navigate to Terminologies page"]]>
              </value>
            </param>
            <param index="1">
              <value>
                <![CDATA["Tree Datastructure"]]>
              </value>
            </param>
          </params>
          <reporter-output>
          </reporter-output>
        </test-method> <!-- runScenario -->
        <test-method signature="runScenario(io.cucumber.testng.PickleWrapper,io.cucumber.testng.FeatureWrapper)[pri:0, instance:Runner.TestRunner@4b9df8a]" started-at="2025-03-24T18:30:10 PDT" name="runScenario" description="Runs Cucumber Scenarios" data-provider="scenarios" finished-at="2025-03-24T18:30:12 PDT" duration-ms="2019" status="PASS">
          <params>
            <param index="0">
              <value>
                <![CDATA["Verify that user is able to navigate to try Editor page for Terminologies page"]]>
              </value>
            </param>
            <param index="1">
              <value>
                <![CDATA["Tree Datastructure"]]>
              </value>
            </param>
          </params>
          <reporter-output>
          </reporter-output>
        </test-method> <!-- runScenario -->
        <test-method signature="runScenario(io.cucumber.testng.PickleWrapper,io.cucumber.testng.FeatureWrapper)[pri:0, instance:Runner.TestRunner@4b9df8a]" started-at="2025-03-24T18:30:12 PDT" name="runScenario" description="Runs Cucumber Scenarios" data-provider="scenarios" finished-at="2025-03-24T18:30:14 PDT" duration-ms="2442" status="PASS">
          <params>
            <param index="0">
              <value>
                <![CDATA["Verify that user receives error when click on Run button without entering code in Terminologies TryEditor page"]]>
              </value>
            </param>
            <param index="1">
              <value>
                <![CDATA["Tree Datastructure"]]>
              </value>
            </param>
          </params>
          <reporter-output>
          </reporter-output>
        </test-method> <!-- runScenario -->
        <test-method signature="runScenario(io.cucumber.testng.PickleWrapper,io.cucumber.testng.FeatureWrapper)[pri:0, instance:Runner.TestRunner@4b9df8a]" started-at="2025-03-24T18:30:14 PDT" name="runScenario" description="Runs Cucumber Scenarios" data-provider="scenarios" finished-at="2025-03-24T18:30:17 PDT" duration-ms="2368" status="PASS">
          <params>
            <param index="0">
              <value>
                <![CDATA["Verify that user receives error for invalid python code in Terminologies TryEditor page"]]>
              </value>
            </param>
            <param index="1">
              <value>
                <![CDATA["Tree Datastructure"]]>
              </value>
            </param>
          </params>
          <reporter-output>
          </reporter-output>
        </test-method> <!-- runScenario -->
        <test-method signature="runScenario(io.cucumber.testng.PickleWrapper,io.cucumber.testng.FeatureWrapper)[pri:0, instance:Runner.TestRunner@4b9df8a]" started-at="2025-03-24T18:30:17 PDT" name="runScenario" description="Runs Cucumber Scenarios" data-provider="scenarios" finished-at="2025-03-24T18:30:21 PDT" duration-ms="3751" status="PASS">
          <params>
            <param index="0">
              <value>
                <![CDATA["Verify that user is able to see output for valid python code in Terminologies TryEditor page"]]>
              </value>
            </param>
            <param index="1">
              <value>
                <![CDATA["Tree Datastructure"]]>
              </value>
            </param>
          </params>
          <reporter-output>
          </reporter-output>
        </test-method> <!-- runScenario -->
        <test-method signature="runScenario(io.cucumber.testng.PickleWrapper,io.cucumber.testng.FeatureWrapper)[pri:0, instance:Runner.TestRunner@4b9df8a]" started-at="2025-03-24T18:30:21 PDT" name="runScenario" description="Runs Cucumber Scenarios" data-provider="scenarios" finished-at="2025-03-24T18:30:22 PDT" duration-ms="1519" status="PASS">
          <params>
            <param index="0">
              <value>
                <![CDATA["Verify that user is able to navigate to Types of Trees page"]]>
              </value>
            </param>
            <param index="1">
              <value>
                <![CDATA["Tree Datastructure"]]>
              </value>
            </param>
          </params>
          <reporter-output>
          </reporter-output>
        </test-method> <!-- runScenario -->
        <test-method signature="runScenario(io.cucumber.testng.PickleWrapper,io.cucumber.testng.FeatureWrapper)[pri:0, instance:Runner.TestRunner@4b9df8a]" started-at="2025-03-24T18:30:22 PDT" name="runScenario" description="Runs Cucumber Scenarios" data-provider="scenarios" finished-at="2025-03-24T18:30:24 PDT" duration-ms="1428" status="PASS">
          <params>
            <param index="0">
              <value>
                <![CDATA["Verify that user is able to navigate to try Editor page for  Types of Trees page"]]>
              </value>
            </param>
            <param index="1">
              <value>
                <![CDATA["Tree Datastructure"]]>
              </value>
            </param>
          </params>
          <reporter-output>
          </reporter-output>
        </test-method> <!-- runScenario -->
        <test-method signature="runScenario(io.cucumber.testng.PickleWrapper,io.cucumber.testng.FeatureWrapper)[pri:0, instance:Runner.TestRunner@4b9df8a]" started-at="2025-03-24T18:30:24 PDT" name="runScenario" description="Runs Cucumber Scenarios" data-provider="scenarios" finished-at="2025-03-24T18:30:25 PDT" duration-ms="1685" status="PASS">
          <params>
            <param index="0">
              <value>
                <![CDATA["Verify that user receives error when click on Run button without entering code in Types of Trees TryEditor page"]]>
              </value>
            </param>
            <param index="1">
              <value>
                <![CDATA["Tree Datastructure"]]>
              </value>
            </param>
          </params>
          <reporter-output>
          </reporter-output>
        </test-method> <!-- runScenario -->
        <test-method signature="runScenario(io.cucumber.testng.PickleWrapper,io.cucumber.testng.FeatureWrapper)[pri:0, instance:Runner.TestRunner@4b9df8a]" started-at="2025-03-24T18:30:25 PDT" name="runScenario" description="Runs Cucumber Scenarios" data-provider="scenarios" finished-at="2025-03-24T18:30:28 PDT" duration-ms="2684" status="PASS">
          <params>
            <param index="0">
              <value>
                <![CDATA["Verify that user receives error for invalid python code in Types of Tree TryEditor page"]]>
              </value>
            </param>
            <param index="1">
              <value>
                <![CDATA["Tree Datastructure"]]>
              </value>
            </param>
          </params>
          <reporter-output>
          </reporter-output>
        </test-method> <!-- runScenario -->
        <test-method signature="runScenario(io.cucumber.testng.PickleWrapper,io.cucumber.testng.FeatureWrapper)[pri:0, instance:Runner.TestRunner@4b9df8a]" started-at="2025-03-24T18:30:28 PDT" name="runScenario" description="Runs Cucumber Scenarios" data-provider="scenarios" finished-at="2025-03-24T18:30:30 PDT" duration-ms="2522" status="PASS">
          <params>
            <param index="0">
              <value>
                <![CDATA["Verify that user is able to see output for valid python code in Types of Trees TryEditor page"]]>
              </value>
            </param>
            <param index="1">
              <value>
                <![CDATA["Tree Datastructure"]]>
              </value>
            </param>
          </params>
          <reporter-output>
          </reporter-output>
        </test-method> <!-- runScenario -->
        <test-method signature="runScenario(io.cucumber.testng.PickleWrapper,io.cucumber.testng.FeatureWrapper)[pri:0, instance:Runner.TestRunner@4b9df8a]" started-at="2025-03-24T18:30:30 PDT" name="runScenario" description="Runs Cucumber Scenarios" data-provider="scenarios" finished-at="2025-03-24T18:30:34 PDT" duration-ms="3174" status="PASS">
          <params>
            <param index="0">
              <value>
                <![CDATA["Verify that user is able to navigate to Tree Traversal page"]]>
              </value>
            </param>
            <param index="1">
              <value>
                <![CDATA["Tree Datastructure"]]>
              </value>
            </param>
          </params>
          <reporter-output>
          </reporter-output>
        </test-method> <!-- runScenario -->
        <test-method signature="runScenario(io.cucumber.testng.PickleWrapper,io.cucumber.testng.FeatureWrapper)[pri:0, instance:Runner.TestRunner@4b9df8a]" started-at="2025-03-24T18:30:34 PDT" name="runScenario" description="Runs Cucumber Scenarios" data-provider="scenarios" finished-at="2025-03-24T18:30:40 PDT" duration-ms="6749" status="PASS">
          <params>
            <param index="0">
              <value>
                <![CDATA["Verify that user is able to navigate to try Editor page for Tree Traversal page"]]>
              </value>
            </param>
            <param index="1">
              <value>
                <![CDATA["Tree Datastructure"]]>
              </value>
            </param>
          </params>
          <reporter-output>
          </reporter-output>
        </test-method> <!-- runScenario -->
        <test-method signature="runScenario(io.cucumber.testng.PickleWrapper,io.cucumber.testng.FeatureWrapper)[pri:0, instance:Runner.TestRunner@4b9df8a]" started-at="2025-03-24T18:30:40 PDT" name="runScenario" description="Runs Cucumber Scenarios" data-provider="scenarios" finished-at="2025-03-24T18:30:43 PDT" duration-ms="2621" status="PASS">
          <params>
            <param index="0">
              <value>
                <![CDATA["Verify that user receives error when click on Run button without entering code in Tree Travesal TryEditor page for Tree Tryeditor"]]>
              </value>
            </param>
            <param index="1">
              <value>
                <![CDATA["Tree Datastructure"]]>
              </value>
            </param>
          </params>
          <reporter-output>
          </reporter-output>
        </test-method> <!-- runScenario -->
        <test-method signature="runScenario(io.cucumber.testng.PickleWrapper,io.cucumber.testng.FeatureWrapper)[pri:0, instance:Runner.TestRunner@4b9df8a]" started-at="2025-03-24T18:30:43 PDT" name="runScenario" description="Runs Cucumber Scenarios" data-provider="scenarios" finished-at="2025-03-24T18:30:46 PDT" duration-ms="2702" status="PASS">
          <params>
            <param index="0">
              <value>
                <![CDATA["Verify that user receives error for invalid python code in Tree Traversal TryEditor page"]]>
              </value>
            </param>
            <param index="1">
              <value>
                <![CDATA["Tree Datastructure"]]>
              </value>
            </param>
          </params>
          <reporter-output>
          </reporter-output>
        </test-method> <!-- runScenario -->
        <test-method signature="runScenario(io.cucumber.testng.PickleWrapper,io.cucumber.testng.FeatureWrapper)[pri:0, instance:Runner.TestRunner@4b9df8a]" started-at="2025-03-24T18:30:46 PDT" name="runScenario" description="Runs Cucumber Scenarios" data-provider="scenarios" finished-at="2025-03-24T18:30:48 PDT" duration-ms="1837" status="PASS">
          <params>
            <param index="0">
              <value>
                <![CDATA["Verify that user is able to see output for valid python code in Tree Traversal TryEditor page"]]>
              </value>
            </param>
            <param index="1">
              <value>
                <![CDATA["Tree Datastructure"]]>
              </value>
            </param>
          </params>
          <reporter-output>
          </reporter-output>
        </test-method> <!-- runScenario -->
        <test-method signature="runScenario(io.cucumber.testng.PickleWrapper,io.cucumber.testng.FeatureWrapper)[pri:0, instance:Runner.TestRunner@4b9df8a]" started-at="2025-03-24T18:30:48 PDT" name="runScenario" description="Runs Cucumber Scenarios" data-provider="scenarios" finished-at="2025-03-24T18:30:49 PDT" duration-ms="1620" status="PASS">
          <params>
            <param index="0">
              <value>
                <![CDATA["Verify that user is able to navigate to Traversals-Illustration page"]]>
              </value>
            </param>
            <param index="1">
              <value>
                <![CDATA["Tree Datastructure"]]>
              </value>
            </param>
          </params>
          <reporter-output>
          </reporter-output>
        </test-method> <!-- runScenario -->
        <test-method signature="runScenario(io.cucumber.testng.PickleWrapper,io.cucumber.testng.FeatureWrapper)[pri:0, instance:Runner.TestRunner@4b9df8a]" started-at="2025-03-24T18:30:49 PDT" name="runScenario" description="Runs Cucumber Scenarios" data-provider="scenarios" finished-at="2025-03-24T18:30:51 PDT" duration-ms="1401" status="PASS">
          <params>
            <param index="0">
              <value>
                <![CDATA["Verify that user is able to navigate to TryEditor page for Traversals-Illustration page"]]>
              </value>
            </param>
            <param index="1">
              <value>
                <![CDATA["Tree Datastructure"]]>
              </value>
            </param>
          </params>
          <reporter-output>
          </reporter-output>
        </test-method> <!-- runScenario -->
        <test-method signature="runScenario(io.cucumber.testng.PickleWrapper,io.cucumber.testng.FeatureWrapper)[pri:0, instance:Runner.TestRunner@4b9df8a]" started-at="2025-03-24T18:30:51 PDT" name="runScenario" description="Runs Cucumber Scenarios" data-provider="scenarios" finished-at="2025-03-24T18:30:52 PDT" duration-ms="1574" status="PASS">
          <params>
            <param index="0">
              <value>
                <![CDATA["Verify that user receives error when click on Run button without entering code in Traversals-Illustration TryEditor page"]]>
              </value>
            </param>
            <param index="1">
              <value>
                <![CDATA["Tree Datastructure"]]>
              </value>
            </param>
          </params>
          <reporter-output>
          </reporter-output>
        </test-method> <!-- runScenario -->
        <test-method signature="runScenario(io.cucumber.testng.PickleWrapper,io.cucumber.testng.FeatureWrapper)[pri:0, instance:Runner.TestRunner@4b9df8a]" started-at="2025-03-24T18:30:52 PDT" name="runScenario" description="Runs Cucumber Scenarios" data-provider="scenarios" finished-at="2025-03-24T18:30:54 PDT" duration-ms="2271" status="PASS">
          <params>
            <param index="0">
              <value>
                <![CDATA["Verify that user receives error for invalid python code in Traversals-Illustration TryEditor page"]]>
              </value>
            </param>
            <param index="1">
              <value>
                <![CDATA["Tree Datastructure"]]>
              </value>
            </param>
          </params>
          <reporter-output>
          </reporter-output>
        </test-method> <!-- runScenario -->
        <test-method signature="runScenario(io.cucumber.testng.PickleWrapper,io.cucumber.testng.FeatureWrapper)[pri:0, instance:Runner.TestRunner@4b9df8a]" started-at="2025-03-24T18:30:54 PDT" name="runScenario" description="Runs Cucumber Scenarios" data-provider="scenarios" finished-at="2025-03-24T18:30:57 PDT" duration-ms="2627" status="PASS">
          <params>
            <param index="0">
              <value>
                <![CDATA["Verify that user is able to see output for valid python code in Traversals-Illustration TryEditor page"]]>
              </value>
            </param>
            <param index="1">
              <value>
                <![CDATA["Tree Datastructure"]]>
              </value>
            </param>
          </params>
          <reporter-output>
          </reporter-output>
        </test-method> <!-- runScenario -->
        <test-method signature="runScenario(io.cucumber.testng.PickleWrapper,io.cucumber.testng.FeatureWrapper)[pri:0, instance:Runner.TestRunner@4b9df8a]" started-at="2025-03-24T18:30:57 PDT" name="runScenario" description="Runs Cucumber Scenarios" data-provider="scenarios" finished-at="2025-03-24T18:31:00 PDT" duration-ms="2733" status="PASS">
          <params>
            <param index="0">
              <value>
                <![CDATA["Verify that user is able to navigate to Binary trees page"]]>
              </value>
            </param>
            <param index="1">
              <value>
                <![CDATA["Tree Datastructure"]]>
              </value>
            </param>
          </params>
          <reporter-output>
          </reporter-output>
        </test-method> <!-- runScenario -->
        <test-method signature="runScenario(io.cucumber.testng.PickleWrapper,io.cucumber.testng.FeatureWrapper)[pri:0, instance:Runner.TestRunner@4b9df8a]" started-at="2025-03-24T18:31:00 PDT" name="runScenario" description="Runs Cucumber Scenarios" data-provider="scenarios" finished-at="2025-03-24T18:31:02 PDT" duration-ms="1813" status="PASS">
          <params>
            <param index="0">
              <value>
                <![CDATA["Verify that user is able to navigate to try Editor page for  Binary trees page"]]>
              </value>
            </param>
            <param index="1">
              <value>
                <![CDATA["Tree Datastructure"]]>
              </value>
            </param>
          </params>
          <reporter-output>
          </reporter-output>
        </test-method> <!-- runScenario -->
        <test-method signature="runScenario(io.cucumber.testng.PickleWrapper,io.cucumber.testng.FeatureWrapper)[pri:0, instance:Runner.TestRunner@4b9df8a]" started-at="2025-03-24T18:31:02 PDT" name="runScenario" description="Runs Cucumber Scenarios" data-provider="scenarios" finished-at="2025-03-24T18:31:03 PDT" duration-ms="1752" status="PASS">
          <params>
            <param index="0">
              <value>
                <![CDATA["Verify that user receives error when click on Run button without entering code in Binary trees TryEditor page"]]>
              </value>
            </param>
            <param index="1">
              <value>
                <![CDATA["Tree Datastructure"]]>
              </value>
            </param>
          </params>
          <reporter-output>
          </reporter-output>
        </test-method> <!-- runScenario -->
        <test-method signature="runScenario(io.cucumber.testng.PickleWrapper,io.cucumber.testng.FeatureWrapper)[pri:0, instance:Runner.TestRunner@4b9df8a]" started-at="2025-03-24T18:31:03 PDT" name="runScenario" description="Runs Cucumber Scenarios" data-provider="scenarios" finished-at="2025-03-24T18:31:05 PDT" duration-ms="1850" status="PASS">
          <params>
            <param index="0">
              <value>
                <![CDATA["Verify that user receives error for invalid python code in Binary trees TryEditor page"]]>
              </value>
            </param>
            <param index="1">
              <value>
                <![CDATA["Tree Datastructure"]]>
              </value>
            </param>
          </params>
          <reporter-output>
          </reporter-output>
        </test-method> <!-- runScenario -->
        <test-method signature="runScenario(io.cucumber.testng.PickleWrapper,io.cucumber.testng.FeatureWrapper)[pri:0, instance:Runner.TestRunner@4b9df8a]" started-at="2025-03-24T18:31:05 PDT" name="runScenario" description="Runs Cucumber Scenarios" data-provider="scenarios" finished-at="2025-03-24T18:31:08 PDT" duration-ms="3078" status="PASS">
          <params>
            <param index="0">
              <value>
                <![CDATA["Verify that user is able to see output for valid python code in Binary trees TryEditor page"]]>
              </value>
            </param>
            <param index="1">
              <value>
                <![CDATA["Tree Datastructure"]]>
              </value>
            </param>
          </params>
          <reporter-output>
          </reporter-output>
        </test-method> <!-- runScenario -->
        <test-method signature="runScenario(io.cucumber.testng.PickleWrapper,io.cucumber.testng.FeatureWrapper)[pri:0, instance:Runner.TestRunner@4b9df8a]" started-at="2025-03-24T18:31:08 PDT" name="runScenario" description="Runs Cucumber Scenarios" data-provider="scenarios" finished-at="2025-03-24T18:31:10 PDT" duration-ms="1945" status="PASS">
          <params>
            <param index="0">
              <value>
                <![CDATA["Verify that user is able to navigate to Types of Binary trees page"]]>
              </value>
            </param>
            <param index="1">
              <value>
                <![CDATA["Tree Datastructure"]]>
              </value>
            </param>
          </params>
          <reporter-output>
          </reporter-output>
        </test-method> <!-- runScenario -->
        <test-method signature="runScenario(io.cucumber.testng.PickleWrapper,io.cucumber.testng.FeatureWrapper)[pri:0, instance:Runner.TestRunner@4b9df8a]" started-at="2025-03-24T18:31:10 PDT" name="runScenario" description="Runs Cucumber Scenarios" data-provider="scenarios" finished-at="2025-03-24T18:31:12 PDT" duration-ms="1632" status="PASS">
          <params>
            <param index="0">
              <value>
                <![CDATA["Verify that user is able to navigate to try Editor page for  Types of Binary Trees page"]]>
              </value>
            </param>
            <param index="1">
              <value>
                <![CDATA["Tree Datastructure"]]>
              </value>
            </param>
          </params>
          <reporter-output>
          </reporter-output>
        </test-method> <!-- runScenario -->
        <test-method signature="runScenario(io.cucumber.testng.PickleWrapper,io.cucumber.testng.FeatureWrapper)[pri:0, instance:Runner.TestRunner@4b9df8a]" started-at="2025-03-24T18:31:12 PDT" name="runScenario" description="Runs Cucumber Scenarios" data-provider="scenarios" finished-at="2025-03-24T18:31:14 PDT" duration-ms="1850" status="PASS">
          <params>
            <param index="0">
              <value>
                <![CDATA["Verify that user receives error when click on Run button without entering code in Types of Binary Trees TryEditor page"]]>
              </value>
            </param>
[...]
          <params>
            <param index="0">
              <value>
                <![CDATA["Verify that user receives error for invalid python code in Binary Tree Traversals TryEditor page"]]>
              </value>
            </param>
            <param index="1">
              <value>
                <![CDATA["Tree Datastructure"]]>
              </value>
            </param>
          </params>
          <reporter-output>
          </reporter-output>
        </test-method> <!-- runScenario -->
        <test-method signature="runScenario(io.cucumber.testng.PickleWrapper,io.cucumber.testng.FeatureWrapper)[pri:0, instance:Runner.TestRunner@4bd1f8dd]" started-at="2025-03-24T18:31:57 PDT" name="runScenario" description="Runs Cucumber Scenarios" data-provider="scenarios" finished-at="2025-03-24T18:32:00 PDT" duration-ms="2385" status="PASS">
          <params>
            <param index="0">
              <value>
                <![CDATA["Verify that user is able to see output for valid python code in Binary Tree Traversals TryEditor page"]]>
              </value>
            </param>
            <param index="1">
              <value>
                <![CDATA["Tree Datastructure"]]>
              </value>
            </param>
          </params>
          <reporter-output>
          </reporter-output>
        </test-method> <!-- runScenario -->
        <test-method signature="runScenario(io.cucumber.testng.PickleWrapper,io.cucumber.testng.FeatureWrapper)[pri:0, instance:Runner.TestRunner@4bd1f8dd]" started-at="2025-03-24T18:32:00 PDT" name="runScenario" description="Runs Cucumber Scenarios" data-provider="scenarios" finished-at="2025-03-24T18:32:01 PDT" duration-ms="1464" status="PASS">
          <params>
            <param index="0">
              <value>
                <![CDATA["Verify that user is able to navigate to Implementation of Binary Trees page"]]>
              </value>
            </param>
            <param index="1">
              <value>
                <![CDATA["Tree Datastructure"]]>
              </value>
            </param>
          </params>
          <reporter-output>
          </reporter-output>
        </test-method> <!-- runScenario -->
        <test-method signature="runScenario(io.cucumber.testng.PickleWrapper,io.cucumber.testng.FeatureWrapper)[pri:0, instance:Runner.TestRunner@4bd1f8dd]" started-at="2025-03-24T18:32:01 PDT" name="runScenario" description="Runs Cucumber Scenarios" data-provider="scenarios" finished-at="2025-03-24T18:32:03 PDT" duration-ms="1517" status="PASS">
          <params>
            <param index="0">
              <value>
                <![CDATA["Verify that user is able to navigate to try Editor page for  Implementation of Binary Trees page"]]>
              </value>
            </param>
            <param index="1">
              <value>
                <![CDATA["Tree Datastructure"]]>
              </value>
            </param>
          </params>
          <reporter-output>
          </reporter-output>
        </test-method> <!-- runScenario -->
        <test-method signature="runScenario(io.cucumber.testng.PickleWrapper,io.cucumber.testng.FeatureWrapper)[pri:0, instance:Runner.TestRunner@4bd1f8dd]" started-at="2025-03-24T18:32:03 PDT" name="runScenario" description="Runs Cucumber Scenarios" data-provider="scenarios" finished-at="2025-03-24T18:32:04 PDT" duration-ms="1704" status="PASS">
          <params>
            <param index="0">
              <value>
                <![CDATA["Verify that user receives error when click on Run button without entering code in Implementation of Binary Trees TryEditor page"]]>
              </value>
            </param>
            <param index="1">
              <value>
                <![CDATA["Tree Datastructure"]]>
              </value>
            </param>
          </params>
          <reporter-output>
          </reporter-output>
        </test-method> <!-- runScenario -->
        <test-method signature="runScenario(io.cucumber.testng.PickleWrapper,io.cucumber.testng.FeatureWrapper)[pri:0, instance:Runner.TestRunner@4bd1f8dd]" started-at="2025-03-24T18:32:04 PDT" name="runScenario" description="Runs Cucumber Scenarios" data-provider="scenarios" finished-at="2025-03-24T18:32:07 PDT" duration-ms="2092" status="PASS">
          <params>
            <param index="0">
              <value>
                <![CDATA["Verify that user receives error for invalid python code in Implementation of Binary Trees TryEditor page"]]>
              </value>
            </param>
            <param index="1">
              <value>
                <![CDATA["Tree Datastructure"]]>
              </value>
            </param>
          </params>
          <reporter-output>
          </reporter-output>
        </test-method> <!-- runScenario -->
        <test-method signature="runScenario(io.cucumber.testng.PickleWrapper,io.cucumber.testng.FeatureWrapper)[pri:0, instance:Runner.TestRunner@4bd1f8dd]" started-at="2025-03-24T18:32:07 PDT" name="runScenario" description="Runs Cucumber Scenarios" data-provider="scenarios" finished-at="2025-03-24T18:32:09 PDT" duration-ms="2480" status="PASS">
          <params>
            <param index="0">
              <value>
                <![CDATA["Verify that user is able to see output for valid python code in Implementation of Binary Trees TryEditor page"]]>
              </value>
            </param>
            <param index="1">
              <value>
                <![CDATA["Tree Datastructure"]]>
              </value>
            </param>
          </params>
          <reporter-output>
          </reporter-output>
        </test-method> <!-- runScenario -->
        <test-method signature="runScenario(io.cucumber.testng.PickleWrapper,io.cucumber.testng.FeatureWrapper)[pri:0, instance:Runner.TestRunner@4bd1f8dd]" started-at="2025-03-24T18:32:09 PDT" name="runScenario" description="Runs Cucumber Scenarios" data-provider="scenarios" finished-at="2025-03-24T18:32:10 PDT" duration-ms="1490" status="PASS">
          <params>
            <param index="0">
              <value>
                <![CDATA["Verify that user is able to navigate to Applications of Binary trees page"]]>
              </value>
            </param>
            <param index="1">
              <value>
                <![CDATA["Tree Datastructure"]]>
              </value>
            </param>
          </params>
          <reporter-output>
          </reporter-output>
        </test-method> <!-- runScenario -->
        <test-method signature="runScenario(io.cucumber.testng.PickleWrapper,io.cucumber.testng.FeatureWrapper)[pri:0, instance:Runner.TestRunner@4bd1f8dd]" started-at="2025-03-24T18:32:10 PDT" name="runScenario" description="Runs Cucumber Scenarios" data-provider="scenarios" finished-at="2025-03-24T18:32:12 PDT" duration-ms="1508" status="PASS">
          <params>
            <param index="0">
              <value>
                <![CDATA["Verify that user is able to navigate to try Editor page for  Applications of Binary trees page"]]>
              </value>
            </param>
            <param index="1">
              <value>
                <![CDATA["Tree Datastructure"]]>
              </value>
            </param>
          </params>
          <reporter-output>
          </reporter-output>
        </test-method> <!-- runScenario -->
        <test-method signature="runScenario(io.cucumber.testng.PickleWrapper,io.cucumber.testng.FeatureWrapper)[pri:0, instance:Runner.TestRunner@4bd1f8dd]" started-at="2025-03-24T18:32:12 PDT" name="runScenario" description="Runs Cucumber Scenarios" data-provider="scenarios" finished-at="2025-03-24T18:32:14 PDT" duration-ms="1796" status="PASS">
          <params>
            <param index="0">
              <value>
                <![CDATA["Verify that user receives error when click on Run button without entering code in Applications of Binary trees TryEditor page"]]>
              </value>
            </param>
            <param index="1">
              <value>
                <![CDATA["Tree Datastructure"]]>
              </value>
            </param>
          </params>
          <reporter-output>
          </reporter-output>
        </test-method> <!-- runScenario -->
        <test-method signature="runScenario(io.cucumber.testng.PickleWrapper,io.cucumber.testng.FeatureWrapper)[pri:0, instance:Runner.TestRunner@4bd1f8dd]" started-at="2025-03-24T18:32:14 PDT" name="runScenario" description="Runs Cucumber Scenarios" data-provider="scenarios" finished-at="2025-03-24T18:32:16 PDT" duration-ms="2582" status="PASS">
          <params>
            <param index="0">
              <value>
                <![CDATA["Verify that user receives error for invalid python code in Applications of Binary trees TryEditor page"]]>
              </value>
            </param>
            <param index="1">
              <value>
                <![CDATA["Tree Datastructure"]]>
              </value>
            </param>
          </params>
          <reporter-output>
          </reporter-output>
        </test-method> <!-- runScenario -->
        <test-method signature="runScenario(io.cucumber.testng.PickleWrapper,io.cucumber.testng.FeatureWrapper)[pri:0, instance:Runner.TestRunner@4bd1f8dd]" started-at="2025-03-24T18:32:16 PDT" name="runScenario" description="Runs Cucumber Scenarios" data-provider="scenarios" finished-at="2025-03-24T18:32:19 PDT" duration-ms="2318" status="PASS">
          <params>
            <param index="0">
              <value>
                <![CDATA["Verify that user is able to see output for valid python code in Applications of Binary trees TryEditor page"]]>
              </value>
            </param>
            <param index="1">
              <value>
                <![CDATA["Tree Datastructure"]]>
              </value>
            </param>
          </params>
          <reporter-output>
          </reporter-output>
        </test-method> <!-- runScenario -->
        <test-method signature="runScenario(io.cucumber.testng.PickleWrapper,io.cucumber.testng.FeatureWrapper)[pri:0, instance:Runner.TestRunner@4bd1f8dd]" started-at="2025-03-24T18:32:19 PDT" name="runScenario" description="Runs Cucumber Scenarios" data-provider="scenarios" finished-at="2025-03-24T18:32:22 PDT" duration-ms="3053" status="PASS">
          <params>
            <param index="0">
              <value>
                <![CDATA["Verify that user is able to navigate to Binary Search Trees page"]]>
              </value>
            </param>
            <param index="1">
              <value>
                <![CDATA["Tree Datastructure"]]>
              </value>
            </param>
          </params>
          <reporter-output>
          </reporter-output>
        </test-method> <!-- runScenario -->
        <test-method signature="runScenario(io.cucumber.testng.PickleWrapper,io.cucumber.testng.FeatureWrapper)[pri:0, instance:Runner.TestRunner@4bd1f8dd]" started-at="2025-03-24T18:32:22 PDT" name="runScenario" description="Runs Cucumber Scenarios" data-provider="scenarios" finished-at="2025-03-24T18:32:23 PDT" duration-ms="1651" status="PASS">
          <params>
            <param index="0">
              <value>
                <![CDATA["Verify that user is able to navigate to try Editor page for  Binary Search Trees page"]]>
              </value>
            </param>
            <param index="1">
              <value>
                <![CDATA["Tree Datastructure"]]>
              </value>
            </param>
          </params>
          <reporter-output>
          </reporter-output>
        </test-method> <!-- runScenario -->
        <test-method signature="runScenario(io.cucumber.testng.PickleWrapper,io.cucumber.testng.FeatureWrapper)[pri:0, instance:Runner.TestRunner@4bd1f8dd]" started-at="2025-03-24T18:32:23 PDT" name="runScenario" description="Runs Cucumber Scenarios" data-provider="scenarios" finished-at="2025-03-24T18:32:26 PDT" duration-ms="2817" status="PASS">
          <params>
            <param index="0">
              <value>
                <![CDATA["Verify that user receives error when click on Run button without entering code in Binary Search Trees TryEditor page"]]>
              </value>
            </param>
            <param index="1">
              <value>
                <![CDATA["Tree Datastructure"]]>
              </value>
            </param>
          </params>
          <reporter-output>
          </reporter-output>
        </test-method> <!-- runScenario -->
        <test-method signature="runScenario(io.cucumber.testng.PickleWrapper,io.cucumber.testng.FeatureWrapper)[pri:0, instance:Runner.TestRunner@4bd1f8dd]" started-at="2025-03-24T18:32:26 PDT" name="runScenario" description="Runs Cucumber Scenarios" data-provider="scenarios" finished-at="2025-03-24T18:32:29 PDT" duration-ms="3258" status="PASS">
          <params>
            <param index="0">
              <value>
                <![CDATA["Verify that user receives error for invalid python code in Binary Search Trees TryEditor page"]]>
              </value>
            </param>
            <param index="1">
              <value>
                <![CDATA["Tree Datastructure"]]>
              </value>
            </param>
          </params>
          <reporter-output>
          </reporter-output>
        </test-method> <!-- runScenario -->
        <test-method signature="runScenario(io.cucumber.testng.PickleWrapper,io.cucumber.testng.FeatureWrapper)[pri:0, instance:Runner.TestRunner@4bd1f8dd]" started-at="2025-03-24T18:32:29 PDT" name="runScenario" description="Runs Cucumber Scenarios" data-provider="scenarios" finished-at="2025-03-24T18:32:32 PDT" duration-ms="2526" status="PASS">
          <params>
            <param index="0">
              <value>
                <![CDATA["Verify that user is able to see output for valid python code in Binary Search Trees TryEditor page"]]>
              </value>
            </param>
            <param index="1">
              <value>
                <![CDATA["Tree Datastructure"]]>
              </value>
            </param>
          </params>
          <reporter-output>
          </reporter-output>
        </test-method> <!-- runScenario -->
        <test-method signature="runScenario(io.cucumber.testng.PickleWrapper,io.cucumber.testng.FeatureWrapper)[pri:0, instance:Runner.TestRunner@4bd1f8dd]" started-at="2025-03-24T18:32:32 PDT" name="runScenario" description="Runs Cucumber Scenarios" data-provider="scenarios" finished-at="2025-03-24T18:32:40 PDT" duration-ms="7964" status="PASS">
          <params>
            <param index="0">
              <value>
                <![CDATA["Verify that user is able to navigate to Implementation Of BST page"]]>
              </value>
            </param>
            <param index="1">
              <value>
                <![CDATA["Tree Datastructure"]]>
              </value>
            </param>
          </params>
          <reporter-output>
          </reporter-output>
        </test-method> <!-- runScenario -->
        <test-method signature="runScenario(io.cucumber.testng.PickleWrapper,io.cucumber.testng.FeatureWrapper)[pri:0, instance:Runner.TestRunner@4bd1f8dd]" started-at="2025-03-24T18:32:40 PDT" name="runScenario" description="Runs Cucumber Scenarios" data-provider="scenarios" finished-at="2025-03-24T18:32:42 PDT" duration-ms="1979" status="PASS">
          <params>
            <param index="0">
              <value>
                <![CDATA["Verify that user is able to navigate to try Editor page for  Implementation Of BST page"]]>
              </value>
            </param>
            <param index="1">
              <value>
                <![CDATA["Tree Datastructure"]]>
              </value>
            </param>
          </params>
          <reporter-output>
          </reporter-output>
        </test-method> <!-- runScenario -->
        <test-method signature="runScenario(io.cucumber.testng.PickleWrapper,io.cucumber.testng.FeatureWrapper)[pri:0, instance:Runner.TestRunner@4bd1f8dd]" started-at="2025-03-24T18:32:42 PDT" name="runScenario" description="Runs Cucumber Scenarios" data-provider="scenarios" finished-at="2025-03-24T18:32:44 PDT" duration-ms="2308" status="PASS">
          <params>
            <param index="0">
              <value>
                <![CDATA["Verify that user receives error when click on Run button without entering code in Implementation Of BST TryEditor page"]]>
              </value>
            </param>
            <param index="1">
              <value>
                <![CDATA["Tree Datastructure"]]>
              </value>
            </param>
          </params>
          <reporter-output>
          </reporter-output>
        </test-method> <!-- runScenario -->
        <test-method signature="runScenario(io.cucumber.testng.PickleWrapper,io.cucumber.testng.FeatureWrapper)[pri:0, instance:Runner.TestRunner@4bd1f8dd]" started-at="2025-03-24T18:32:44 PDT" name="runScenario" description="Runs Cucumber Scenarios" data-provider="scenarios" finished-at="2025-03-24T18:32:47 PDT" duration-ms="2283" status="PASS">
          <params>
            <param index="0">
              <value>
                <![CDATA["Verify that user receives error for invalid python code in Implementation Of BST TryEditor page"]]>
              </value>
            </param>
            <param index="1">
              <value>
                <![CDATA["Tree Datastructure"]]>
              </value>
            </param>
          </params>
          <reporter-output>
          </reporter-output>
        </test-method> <!-- runScenario -->
        <test-method signature="runScenario(io.cucumber.testng.PickleWrapper,io.cucumber.testng.FeatureWrapper)[pri:0, instance:Runner.TestRunner@4bd1f8dd]" started-at="2025-03-24T18:32:47 PDT" name="runScenario" description="Runs Cucumber Scenarios" data-provider="scenarios" finished-at="2025-03-24T18:32:49 PDT" duration-ms="2350" status="PASS">
          <params>
            <param index="0">
              <value>
                <![CDATA["Verify that user is able to see output for valid python code in Implementation Of BST TryEditor page"]]>
              </value>
            </param>
            <param index="1">
              <value>
                <![CDATA["Tree Datastructure"]]>
              </value>
            </param>
          </params>
          <reporter-output>
          </reporter-output>
        </test-method> <!-- runScenario -->
        <test-method signature="runScenario(io.cucumber.testng.PickleWrapper,io.cucumber.testng.FeatureWrapper)[pri:0, instance:Runner.TestRunner@4bd1f8dd]" started-at="2025-03-24T18:32:49 PDT" name="runScenario" description="Runs Cucumber Scenarios" data-provider="scenarios" finished-at="2025-03-24T18:32:49 PDT" duration-ms="574" status="PASS">
          <params>
            <param index="0">
              <value>
                <![CDATA["Verify that user able to logout from the Tree data structure"]]>
              </value>
            </param>
            <param index="1">
              <value>
                <![CDATA["Tree Datastructure"]]>
              </value>
            </param>
          </params>
          <reporter-output>
          </reporter-output>
        </test-method> <!-- runScenario -->
        <test-method is-config="true" signature="tearDownClass()[pri:0, instance:Runner.TestRunner@4bd1f8dd]" started-at="2025-03-24T18:32:49 PDT" name="tearDownClass" finished-at="2025-03-24T18:32:53 PDT" duration-ms="3600" status="PASS">
          <reporter-output>
          </reporter-output>
        </test-method> <!-- tearDownClass -->
      </class> <!-- Runner.TestRunner -->
    </test> <!-- EdgeTest -->
  </suite> <!-- CrossBrowserSuite -->
</testng-results>
