<?xml version="1.0" encoding="UTF-8"?>
<testng-results ignored="0" total="23" passed="20" failed="3" skipped="0">
  <reporter-output>
  </reporter-output>
  <suite started-at="2025-03-24T10:07:53 EDT" name="Default suite" finished-at="2025-03-24T10:08:55 EDT" duration-ms="61991">
    <groups>
      <group name="cucumber">
        <method signature="AbstractTestNGCucumberTests.runScenario(io.cucumber.testng.PickleWrapper,io.cucumber.testng.FeatureWrapper)[pri:0, instance:Runner.TestRunner@5ace1ed4]" name="runScenario" class="io.cucumber.testng.AbstractTestNGCucumberTests"/>
      </group> <!-- cucumber -->
    </groups>
    <test started-at="2025-03-24T10:07:53 EDT" name="Default test" finished-at="2025-03-24T10:08:55 EDT" duration-ms="61991">
      <class name="Runner.TestRunner">
        <test-method is-config="true" signature="setUpClass(org.testng.ITestContext)[pri:0, instance:Runner.TestRunner@5ace1ed4]" started-at="2025-03-24T10:07:53 EDT" name="setUpClass" finished-at="2025-03-24T10:07:56 EDT" duration-ms="2419" status="PASS">
          <params>
            <param index="0">
              <value>
                <![CDATA[org.testng.TestRunner@3a61d819]]>
              </value>
            </param>
          </params>
          <reporter-output>
          </reporter-output>
        </test-method> <!-- setUpClass -->
        <test-method is-config="true" signature="setup()[pri:0, instance:Runner.TestRunner@5ace1ed4]" started-at="2025-03-24T10:07:56 EDT" name="setup" finished-at="2025-03-24T10:07:56 EDT" duration-ms="10" status="PASS">
          <reporter-output>
          </reporter-output>
        </test-method> <!-- setup -->
        <test-method signature="runScenario(io.cucumber.testng.PickleWrapper,io.cucumber.testng.FeatureWrapper)[pri:0, instance:Runner.TestRunner@5ace1ed4]" started-at="2025-03-24T10:07:56 EDT" name="runScenario" description="Runs Cucumber Scenarios" data-provider="scenarios" finished-at="2025-03-24T10:08:07 EDT" duration-ms="11146" status="PASS">
          <params>
            <param index="0">
              <value>
                <![CDATA["Verify that the user can navigate to Data Structures - Introduction page"]]>
              </value>
            </param>
            <param index="1">
              <value>
                <![CDATA["Data Structures - Introduction Navigation"]]>
              </value>
            </param>
          </params>
          <reporter-output>
          </reporter-output>
        </test-method> <!-- runScenario -->
        <test-method signature="runScenario(io.cucumber.testng.PickleWrapper,io.cucumber.testng.FeatureWrapper)[pri:0, instance:Runner.TestRunner@5ace1ed4]" started-at="2025-03-24T10:08:07 EDT" name="runScenario" description="Runs Cucumber Scenarios" data-provider="scenarios" finished-at="2025-03-24T10:08:08 EDT" duration-ms="1189" status="PASS">
          <params>
            <param index="0">
              <value>
                <![CDATA["Verify that the user is able to navigate to the Time Comlexity Page"]]>
              </value>
            </param>
            <param index="1">
              <value>
                <![CDATA["Data Structures - Introduction Navigation"]]>
              </value>
            </param>
          </params>
          <reporter-output>
          </reporter-output>
        </test-method> <!-- runScenario -->
        <test-method signature="runScenario(io.cucumber.testng.PickleWrapper,io.cucumber.testng.FeatureWrapper)[pri:0, instance:Runner.TestRunner@5ace1ed4]" started-at="2025-03-24T10:08:08 EDT" name="runScenario" description="Runs Cucumber Scenarios" data-provider="scenarios" finished-at="2025-03-24T10:08:10 EDT" duration-ms="1459" status="PASS">
          <params>
            <param index="0">
              <value>
                <![CDATA["Verify that user is able to navigate to Practice Questions page"]]>
              </value>
            </param>
            <param index="1">
              <value>
                <![CDATA["Data Structures - Introduction Navigation"]]>
              </value>
            </param>
          </params>
          <reporter-output>
          </reporter-output>
        </test-method> <!-- runScenario -->
        <test-method signature="runScenario(io.cucumber.testng.PickleWrapper,io.cucumber.testng.FeatureWrapper)[pri:0, instance:Runner.TestRunner@5ace1ed4]" started-at="2025-03-24T10:08:10 EDT" name="runScenario" description="Runs Cucumber Scenarios" data-provider="scenarios" finished-at="2025-03-24T10:08:12 EDT" duration-ms="2811" status="PASS">
          <params>
            <param index="0">
              <value>
                <![CDATA["Verify that user is able to navigate to try Editor page"]]>
              </value>
            </param>
            <param index="1">
              <value>
                <![CDATA["Data Structures - Introduction Navigation"]]>
              </value>
            </param>
          </params>
          <reporter-output>
          </reporter-output>
        </test-method> <!-- runScenario -->
        <test-method signature="runScenario(io.cucumber.testng.PickleWrapper,io.cucumber.testng.FeatureWrapper)[pri:0, instance:Runner.TestRunner@5ace1ed4]" started-at="2025-03-24T10:08:12 EDT" name="runScenario" description="Runs Cucumber Scenarios" data-provider="scenarios" finished-at="2025-03-24T10:08:14 EDT" duration-ms="1599" status="PASS">
          <params>
            <param index="0">
              <value>
                <![CDATA["Verify that user receives error when click on Run button without entering code"]]>
              </value>
            </param>
            <param index="1">
              <value>
                <![CDATA["Data Structures - Introduction Navigation"]]>
              </value>
            </param>
          </params>
          <reporter-output>
          </reporter-output>
        </test-method> <!-- runScenario -->
        <test-method signature="runScenario(io.cucumber.testng.PickleWrapper,io.cucumber.testng.FeatureWrapper)[pri:0, instance:Runner.TestRunner@5ace1ed4]" started-at="2025-03-24T10:08:14 EDT" name="runScenario" description="Runs Cucumber Scenarios" data-provider="scenarios" finished-at="2025-03-24T10:08:21 EDT" duration-ms="6820" status="PASS">
          <params>
            <param index="0">
              <value>
                <![CDATA["Verify that user receives an error for invalid Python code in Try Editor page of Time Complexity"]]>
              </value>
            </param>
            <param index="1">
              <value>
                <![CDATA["Data Structures - Introduction Navigation"]]>
              </value>
            </param>
          </params>
          <reporter-output>
          </reporter-output>
        </test-method> <!-- runScenario -->
        <test-method signature="runScenario(io.cucumber.testng.PickleWrapper,io.cucumber.testng.FeatureWrapper)[pri:0, instance:Runner.TestRunner@5ace1ed4]" started-at="2025-03-24T10:08:21 EDT" name="runScenario" description="Runs Cucumber Scenarios" data-provider="scenarios" finished-at="2025-03-24T10:08:24 EDT" duration-ms="3369" status="PASS">
          <params>
            <param index="0">
              <value>
                <![CDATA["Verify that user is able to see output for valid Python code in Try Editor page of Time Complexity"]]>
              </value>
            </param>
            <param index="1">
              <value>
                <![CDATA["Data Structures - Introduction Navigation"]]>
              </value>
            </param>
          </params>
          <reporter-output>
          </reporter-output>
        </test-method> <!-- runScenario -->
        <test-method signature="runScenario(io.cucumber.testng.PickleWrapper,io.cucumber.testng.FeatureWrapper)[pri:0, instance:Runner.TestRunner@5ace1ed4]" started-at="2025-03-24T10:08:24 EDT" name="runScenario" description="Runs Cucumber Scenarios" data-provider="scenarios" finished-at="2025-03-24T10:08:25 EDT" duration-ms="711" status="PASS">
          <params>
            <param index="0">
              <value>
                <![CDATA["Verify the Home page for a user"]]>
              </value>
            </param>
            <param index="1">
              <value>
                <![CDATA["Home and DS Algo Portal Navigation and Functionality"]]>
              </value>
            </param>
          </params>
          <reporter-output>
          </reporter-output>
        </test-method> <!-- runScenario -->
        <test-method signature="runScenario(io.cucumber.testng.PickleWrapper,io.cucumber.testng.FeatureWrapper)[pri:0, instance:Runner.TestRunner@5ace1ed4]" started-at="2025-03-24T10:08:25 EDT" name="runScenario" description="Runs Cucumber Scenarios" data-provider="scenarios" finished-at="2025-03-24T10:08:26 EDT" duration-ms="1054" status="FAIL">
          <params>
            <param index="0">
              <value>
                <![CDATA["Verify that user sees a warning message when selecting Data Structures from the dropdown without Sign in"]]>
              </value>
            </param>
            <param index="1">
              <value>
                <![CDATA["Home and DS Algo Portal Navigation and Functionality"]]>
              </value>
            </param>
          </params>
          <exception class="java.lang.AssertionError">
            <message>
              <![CDATA[expected [Tree

We can extend the concept of linked data structure (linked list, stack, queue) to a structure that may have multiple relations among its nodes. Such a structure is called a tree.
      A tree is a collection of nodes connected by directed (or undirected) edges. A tree is a nonlinear data structure, compared to arrays, linked lists, stacks and queues which are linear data structures.
        A tree can be empty with no nodes or a tree is a structure consisting of one node called the root and zero or one or more subtrees. A general tree is a tree where each node may have zero or more children (a binary tree is a specialized case of a general tree). General trees are used to model applications such as file systems.
         A binary tree is a tree where each node can have no more than two children is a good way to understand trees. A binary tree in which each node has exactly zero or two children is called a full binary tree. In a full tree, there are no nodes with exactly one child. A binary search tree (BST) is a tree, where the nodes are in an ordered sequence. In other words, a binary search tree can be “searched” efficiently using this ordering property.

Topics Covered
Overview of Trees
Terminologies
Types of Trees
Tree Traversals
Traversals-Illustration
Binary Trees
Types of Binary Trees
Implementation in Python
Binary Tree Traversals
Implementation of Binary Trees
Applications of Binary trees
Binary Search Trees
Implementation Of BST] but found [You are not logged in]]]>
            </message>
            <full-stacktrace>
              <![CDATA[java.lang.AssertionError: expected [Tree

We can extend the concept of linked data structure (linked list, stack, queue) to a structure that may have multiple relations among its nodes. Such a structure is called a tree.
      A tree is a collection of nodes connected by directed (or undirected) edges. A tree is a nonlinear data structure, compared to arrays, linked lists, stacks and queues which are linear data structures.
        A tree can be empty with no nodes or a tree is a structure consisting of one node called the root and zero or one or more subtrees. A general tree is a tree where each node may have zero or more children (a binary tree is a specialized case of a general tree). General trees are used to model applications such as file systems.
         A binary tree is a tree where each node can have no more than two children is a good way to understand trees. A binary tree in which each node has exactly zero or two children is called a full binary tree. In a full tree, there are no nodes with exactly one child. A binary search tree (BST) is a tree, where the nodes are in an ordered sequence. In other words, a binary search tree can be “searched” efficiently using this ordering property.

Topics Covered
Overview of Trees
Terminologies
Types of Trees
Tree Traversals
Traversals-Illustration
Binary Trees
Types of Binary Trees
Implementation in Python
Binary Tree Traversals
Implementation of Binary Trees
Applications of Binary trees
Binary Search Trees
Implementation Of BST] but found [You are not logged in]
at org.testng.Assert.fail(Assert.java:111)
at org.testng.Assert.failNotEquals(Assert.java:1590)
at org.testng.Assert.assertEqualsImpl(Assert.java:150)
at org.testng.Assert.assertEquals(Assert.java:132)
at org.testng.Assert.assertEquals(Assert.java:656)
at org.testng.Assert.assertEquals(Assert.java:666)
at StepDefinitions.Homestep.the_user_should_see_a_warning_message(Homestep.java:70)
at ✽.The user should see a warning message(file:///C:/Users/Ashish/eclipse-workspace/DsAlgoCucumber/src/test/resources/features/Home.feature:12)
]]>
            </full-stacktrace>
          </exception> <!-- java.lang.AssertionError -->
          <reporter-output>
          </reporter-output>
        </test-method> <!-- runScenario -->
        <test-method signature="runScenario(io.cucumber.testng.PickleWrapper,io.cucumber.testng.FeatureWrapper)[pri:0, instance:Runner.TestRunner@5ace1ed4]" started-at="2025-03-24T10:08:26 EDT" name="runScenario" description="Runs Cucumber Scenarios" data-provider="scenarios" finished-at="2025-03-24T10:08:37 EDT" duration-ms="10841" status="FAIL">
          <params>
            <param index="0">
              <value>
                <![CDATA["Verify that user is able to navigate to Tree Data Structures page"]]>
              </value>
            </param>
            <param index="1">
              <value>
                <![CDATA["Home and DS Algo Portal Navigation and Functionality"]]>
              </value>
            </param>
          </params>
          <exception class="org.openqa.selenium.NoSuchElementException">
            <message>
              <![CDATA[no such element: Unable to locate element: {"method":"xpath","selector":"//a[text()='Sign in']"}
  (Session info: chrome=134.0.6998.89)
For documentation on this error, please visit: https://selenium.dev/exceptions/#no_such_element
Build info: version: '4.9.0', revision: 'd7057100a6'
System info: os.name: 'Windows 10', os.arch: 'amd64', os.version: '10.0', java.version: '23.0.1'
Driver info: org.openqa.selenium.chrome.ChromeDriver
Command: [c28ee82882ed6fb9580da105033d4d49, findElement {using=xpath, value=//a[text()='Sign in']}]
Capabilities {acceptInsecureCerts: false, browserName: chrome, browserVersion: 134.0.6998.89, chrome: {chromedriverVersion: 134.0.6998.88 (7e3d5c978c6d..., userDataDir: C:\Users\Ashish\AppData\Loc...}, fedcm:accounts: true, goog:chromeOptions: {debuggerAddress: localhost:64990}, networkConnectionEnabled: false, pageLoadStrategy: normal, platformName: WINDOWS, proxy: Proxy(), se:cdp: ws://localhost:64990/devtoo..., se:cdpVersion: 134.0.6998.89, setWindowRect: true, strictFileInteractability: false, timeouts: {implicit: 0, pageLoad: 300000, script: 30000}, unhandledPromptBehavior: dismiss and notify, webauthn:extension:credBlob: true, webauthn:extension:largeBlob: true, webauthn:extension:minPinLength: true, webauthn:extension:prf: true, webauthn:virtualAuthenticators: true}
Session ID: c28ee82882ed6fb9580da105033d4d49]]>
            </message>
            <full-stacktrace>
              <![CDATA[org.openqa.selenium.NoSuchElementException: no such element: Unable to locate element: {"method":"xpath","selector":"//a[text()='Sign in']"}
  (Session info: chrome=134.0.6998.89)
For documentation on this error, please visit: https://selenium.dev/exceptions/#no_such_element
Build info: version: '4.9.0', revision: 'd7057100a6'
System info: os.name: 'Windows 10', os.arch: 'amd64', os.version: '10.0', java.version: '23.0.1'
Driver info: org.openqa.selenium.chrome.ChromeDriver
Command: [c28ee82882ed6fb9580da105033d4d49, findElement {using=xpath, value=//a[text()='Sign in']}]
Capabilities {acceptInsecureCerts: false, browserName: chrome, browserVersion: 134.0.6998.89, chrome: {chromedriverVersion: 134.0.6998.88 (7e3d5c978c6d..., userDataDir: C:\Users\Ashish\AppData\Loc...}, fedcm:accounts: true, goog:chromeOptions: {debuggerAddress: localhost:64990}, networkConnectionEnabled: false, pageLoadStrategy: normal, platformName: WINDOWS, proxy: Proxy(), se:cdp: ws://localhost:64990/devtoo..., se:cdpVersion: 134.0.6998.89, setWindowRect: true, strictFileInteractability: false, timeouts: {implicit: 0, pageLoad: 300000, script: 30000}, unhandledPromptBehavior: dismiss and notify, webauthn:extension:credBlob: true, webauthn:extension:largeBlob: true, webauthn:extension:minPinLength: true, webauthn:extension:prf: true, webauthn:virtualAuthenticators: true}
Session ID: c28ee82882ed6fb9580da105033d4d49
at java.base/jdk.internal.reflect.DirectConstructorHandleAccessor.newInstance(DirectConstructorHandleAccessor.java:62)
at java.base/java.lang.reflect.Constructor.newInstanceWithCaller(Constructor.java:501)
at java.base/java.lang.reflect.Constructor.newInstance(Constructor.java:485)
at org.openqa.selenium.remote.codec.w3c.W3CHttpResponseCodec.createException(W3CHttpResponseCodec.java:200)
at org.openqa.selenium.remote.codec.w3c.W3CHttpResponseCodec.decode(W3CHttpResponseCodec.java:133)
at org.openqa.selenium.remote.codec.w3c.W3CHttpResponseCodec.decode(W3CHttpResponseCodec.java:53)
at org.openqa.selenium.remote.HttpCommandExecutor.execute(HttpCommandExecutor.java:193)
at org.openqa.selenium.remote.service.DriverCommandExecutor.invokeExecute(DriverCommandExecutor.java:183)
at org.openqa.selenium.remote.service.DriverCommandExecutor.execute(DriverCommandExecutor.java:158)
at org.openqa.selenium.remote.RemoteWebDriver.execute(RemoteWebDriver.java:543)
at org.openqa.selenium.remote.ElementLocation$ElementFinder$2.findElement(ElementLocation.java:162)
at org.openqa.selenium.remote.ElementLocation.findElement(ElementLocation.java:60)
at org.openqa.selenium.remote.RemoteWebDriver.findElement(RemoteWebDriver.java:352)
at org.openqa.selenium.remote.RemoteWebDriver.findElement(RemoteWebDriver.java:344)
at org.openqa.selenium.support.pagefactory.DefaultElementLocator.findElement(DefaultElementLocator.java:70)
at org.openqa.selenium.support.pagefactory.internal.LocatingElementHandler.invoke(LocatingElementHandler.java:39)
at jdk.proxy2/jdk.proxy2.$Proxy32.click(Unknown Source)
at pageObjects.homePage.signIn(homePage.java:145)
at StepDefinitions.Homestep.the_user_is_on_the_home_page_after_signed_in(Homestep.java:78)
at ✽.The user is on the Home page after signed in(file:///C:/Users/Ashish/eclipse-workspace/DsAlgoCucumber/src/test/resources/features/Home.feature:15)
]]>
            </full-stacktrace>
          </exception> <!-- org.openqa.selenium.NoSuchElementException -->
          <reporter-output>
          </reporter-output>
        </test-method> <!-- runScenario -->
        <test-method signature="runScenario(io.cucumber.testng.PickleWrapper,io.cucumber.testng.FeatureWrapper)[pri:0, instance:Runner.TestRunner@5ace1ed4]" started-at="2025-03-24T10:08:37 EDT" name="runScenario" description="Runs Cucumber Scenarios" data-provider="scenarios" finished-at="2025-03-24T10:08:38 EDT" duration-ms="854" status="PASS">
          <params>
            <param index="0">
              <value>
                <![CDATA["Verify that user is able to sign out successfully"]]>
              </value>
            </param>
            <param index="1">
              <value>
                <![CDATA["Home and DS Algo Portal Navigation and Functionality"]]>
              </value>
            </param>
          </params>
          <reporter-output>
          </reporter-output>
        </test-method> <!-- runScenario -->
        <test-method signature="runScenario(io.cucumber.testng.PickleWrapper,io.cucumber.testng.FeatureWrapper)[pri:0, instance:Runner.TestRunner@5ace1ed4]" started-at="2025-03-24T10:08:38 EDT" name="runScenario" description="Runs Cucumber Scenarios" data-provider="scenarios" finished-at="2025-03-24T10:08:38 EDT" duration-ms="548" status="PASS">
          <params>
            <param index="0">
              <value>
                <![CDATA["Verify that the user can navigate to registration from login"]]>
              </value>
            </param>
            <param index="1">
              <value>
                <![CDATA["Sign In and Sign Out in dsAlgo Portal"]]>
              </value>
            </param>
          </params>
          <reporter-output>
          </reporter-output>
        </test-method> <!-- runScenario -->
        <test-method signature="runScenario(io.cucumber.testng.PickleWrapper,io.cucumber.testng.FeatureWrapper)[pri:0, instance:Runner.TestRunner@5ace1ed4]" started-at="2025-03-24T10:08:38 EDT" name="runScenario" description="Runs Cucumber Scenarios" data-provider="scenarios" finished-at="2025-03-24T10:08:39 EDT" duration-ms="424" status="PASS">
          <params>
            <param index="0">
              <value>
                <![CDATA["Verify that user receives an error message for all empty fields during login"]]>
              </value>
            </param>
            <param index="1">
              <value>
                <![CDATA["Sign In and Sign Out in dsAlgo Portal"]]>
              </value>
            </param>
          </params>
          <reporter-output>
          </reporter-output>
        </test-method> <!-- runScenario -->
        <test-method signature="runScenario(io.cucumber.testng.PickleWrapper,io.cucumber.testng.FeatureWrapper)[pri:0, instance:Runner.TestRunner@5ace1ed4]" started-at="2025-03-24T10:08:39 EDT" name="runScenario" description="Runs Cucumber Scenarios" data-provider="scenarios" finished-at="2025-03-24T10:08:39 EDT" duration-ms="592" status="PASS">
          <params>
            <param index="0">
              <value>
                <![CDATA["Verify that user receives an error message for empty Password field during login"]]>
              </value>
            </param>
            <param index="1">
              <value>
                <![CDATA["Sign In and Sign Out in dsAlgo Portal"]]>
              </value>
            </param>
          </params>
          <reporter-output>
          </reporter-output>
        </test-method> <!-- runScenario -->
        <test-method signature="runScenario(io.cucumber.testng.PickleWrapper,io.cucumber.testng.FeatureWrapper)[pri:0, instance:Runner.TestRunner@5ace1ed4]" started-at="2025-03-24T10:08:39 EDT" name="runScenario" description="Runs Cucumber Scenarios" data-provider="scenarios" finished-at="2025-03-24T10:08:40 EDT" duration-ms="564" status="PASS">
          <params>
            <param index="0">
              <value>
                <![CDATA["Verify that user receives an error message for empty Username field during login"]]>
              </value>
            </param>
            <param index="1">
              <value>
                <![CDATA["Sign In and Sign Out in dsAlgo Portal"]]>
              </value>
            </param>
          </params>
          <reporter-output>
          </reporter-output>
        </test-method> <!-- runScenario -->
        <test-method signature="runScenario(io.cucumber.testng.PickleWrapper,io.cucumber.testng.FeatureWrapper)[pri:0, instance:Runner.TestRunner@5ace1ed4]" started-at="2025-03-24T10:08:40 EDT" name="runScenario" description="Runs Cucumber Scenarios" data-provider="scenarios" finished-at="2025-03-24T10:08:41 EDT" duration-ms="1087" status="PASS">
          <params>
            <param index="0">
              <value>
                <![CDATA["Verify that user receives an error message for invalid Username during login"]]>
              </value>
            </param>
            <param index="1">
              <value>
                <![CDATA["Sign In and Sign Out in dsAlgo Portal"]]>
              </value>
            </param>
          </params>
          <reporter-output>
          </reporter-output>
        </test-method> <!-- runScenario -->
        <test-method signature="runScenario(io.cucumber.testng.PickleWrapper,io.cucumber.testng.FeatureWrapper)[pri:0, instance:Runner.TestRunner@5ace1ed4]" started-at="2025-03-24T10:08:41 EDT" name="runScenario" description="Runs Cucumber Scenarios" data-provider="scenarios" finished-at="2025-03-24T10:08:42 EDT" duration-ms="992" status="PASS">
          <params>
            <param index="0">
              <value>
                <![CDATA["Verify that user receives an error message for invalid Username during login"]]>
              </value>
            </param>
            <param index="1">
              <value>
                <![CDATA["Sign In and Sign Out in dsAlgo Portal"]]>
              </value>
            </param>
          </params>
          <reporter-output>
          </reporter-output>
        </test-method> <!-- runScenario -->
        <test-method signature="runScenario(io.cucumber.testng.PickleWrapper,io.cucumber.testng.FeatureWrapper)[pri:0, instance:Runner.TestRunner@5ace1ed4]" started-at="2025-03-24T10:08:42 EDT" name="runScenario" description="Runs Cucumber Scenarios" data-provider="scenarios" finished-at="2025-03-24T10:08:43 EDT" duration-ms="945" status="PASS">
          <params>
            <param index="0">
              <value>
                <![CDATA["Verify that user receives an error message for invalid Username during login"]]>
              </value>
            </param>
            <param index="1">
              <value>
                <![CDATA["Sign In and Sign Out in dsAlgo Portal"]]>
              </value>
            </param>
          </params>
          <reporter-output>
          </reporter-output>
        </test-method> <!-- runScenario -->
        <test-method signature="runScenario(io.cucumber.testng.PickleWrapper,io.cucumber.testng.FeatureWrapper)[pri:0, instance:Runner.TestRunner@5ace1ed4]" started-at="2025-03-24T10:08:43 EDT" name="runScenario" description="Runs Cucumber Scenarios" data-provider="scenarios" finished-at="2025-03-24T10:08:44 EDT" duration-ms="1227" status="PASS">
          <params>
            <param index="0">
              <value>
                <![CDATA["Verify that user is able to land on the Home page after entering valid credentials"]]>
              </value>
            </param>
            <param index="1">
              <value>
                <![CDATA["Sign In and Sign Out in dsAlgo Portal"]]>
              </value>
            </param>
          </params>
          <reporter-output>
          </reporter-output>
        </test-method> <!-- runScenario -->
        <test-method signature="runScenario(io.cucumber.testng.PickleWrapper,io.cucumber.testng.FeatureWrapper)[pri:0, instance:Runner.TestRunner@5ace1ed4]" started-at="2025-03-24T10:08:44 EDT" name="runScenario" description="Runs Cucumber Scenarios" data-provider="scenarios" finished-at="2025-03-24T10:08:45 EDT" duration-ms="575" status="PASS">
          <params>
            <param index="0">
              <value>
                <![CDATA["Verify that user receives error message for all empty fields during registration"]]>
              </value>
            </param>
            <param index="1">
              <value>
                <![CDATA["User Registration on DS Algo Portal"]]>
              </value>
            </param>
          </params>
          <reporter-output>
          </reporter-output>
        </test-method> <!-- runScenario -->
        <test-method signature="runScenario(io.cucumber.testng.PickleWrapper,io.cucumber.testng.FeatureWrapper)[pri:0, instance:Runner.TestRunner@5ace1ed4]" started-at="2025-03-24T10:08:45 EDT" name="runScenario" description="Runs Cucumber Scenarios" data-provider="scenarios" finished-at="2025-03-24T10:08:46 EDT" duration-ms="892" status="PASS">
          <params>
            <param index="0">
              <value>
                <![CDATA["Verify that user receives error message for empty Username Confirmation field during registration"]]>
              </value>
            </param>
            <param index="1">
              <value>
                <![CDATA["User Registration on DS Algo Portal"]]>
              </value>
            </param>
          </params>
          <reporter-output>
          </reporter-output>
        </test-method> <!-- runScenario -->
        <test-method signature="runScenario(io.cucumber.testng.PickleWrapper,io.cucumber.testng.FeatureWrapper)[pri:0, instance:Runner.TestRunner@5ace1ed4]" started-at="2025-03-24T10:08:46 EDT" name="runScenario" description="Runs Cucumber Scenarios" data-provider="scenarios" finished-at="2025-03-24T10:08:47 EDT" duration-ms="1220" status="PASS">
          <params>
            <param index="0">
              <value>
                <![CDATA["Verify that user receives error message for mismatched Password and Password Confirmation field during registration"]]>
              </value>
            </param>
            <param index="1">
              <value>
                <![CDATA["User Registration on DS Algo Portal"]]>
              </value>
            </param>
          </params>
          <reporter-output>
          </reporter-output>
        </test-method> <!-- runScenario -->
        <test-method signature="runScenario(io.cucumber.testng.PickleWrapper,io.cucumber.testng.FeatureWrapper)[pri:0, instance:Runner.TestRunner@5ace1ed4]" started-at="2025-03-24T10:08:47 EDT" name="runScenario" description="Runs Cucumber Scenarios" data-provider="scenarios" finished-at="2025-03-24T10:08:48 EDT" duration-ms="1219" status="FAIL">
          <params>
            <param index="0">
              <value>
                <![CDATA["Verify that user is able to land on Homepage after registration with valid fields"]]>
              </value>
            </param>
            <param index="1">
              <value>
                <![CDATA["User Registration on DS Algo Portal"]]>
              </value>
            </param>
          </params>
          <exception class="java.lang.AssertionError">
            <message>
              <![CDATA[expected [true] but found [false]]]>
            </message>
            <full-stacktrace>
              <![CDATA[java.lang.AssertionError: expected [true] but found [false]
at org.testng.Assert.fail(Assert.java:111)
at org.testng.Assert.failNotEquals(Assert.java:1590)
at org.testng.Assert.assertTrue(Assert.java:57)
at org.testng.Assert.assertTrue(Assert.java:67)
at StepDefinitions.RegisterStep.the_user_should_be_redirected_to_home_page_of_ds_algo_with_success_message(RegisterStep.java:129)
at ✽.The user should be redirected to Home Page of DS Algo with success message(file:///C:/Users/Ashish/eclipse-workspace/DsAlgoCucumber/src/test/resources/features/Register.feature:30)
]]>
            </full-stacktrace>
          </exception> <!-- java.lang.AssertionError -->
          <reporter-output>
          </reporter-output>
        </test-method> <!-- runScenario -->
        <test-method is-config="true" signature="tearDownClass()[pri:0, instance:Runner.TestRunner@5ace1ed4]" started-at="2025-03-24T10:08:48 EDT" name="tearDownClass" finished-at="2025-03-24T10:08:55 EDT" duration-ms="7252" status="PASS">
          <reporter-output>
          </reporter-output>
        </test-method> <!-- tearDownClass -->
      </class> <!-- Runner.TestRunner -->
    </test> <!-- Default test -->
  </suite> <!-- Default suite -->
</testng-results>
