<?xml version="1.0" encoding="UTF-8"?>
<testng-results ignored="0" total="24" passed="24" failed="0" skipped="0">
  <reporter-output>
  </reporter-output>
  <suite started-at="2025-03-24T20:55:18 EDT" name="Default suite" finished-at="2025-03-24T20:56:38 EDT" duration-ms="80296">
    <groups>
      <group name="cucumber">
        <method signature="AbstractTestNGCucumberTests.runScenario(io.cucumber.testng.PickleWrapper,io.cucumber.testng.FeatureWrapper)[pri:0, instance:Runner.TestRunner@4944252c]" name="runScenario" class="io.cucumber.testng.AbstractTestNGCucumberTests"/>
      </group> <!-- cucumber -->
    </groups>
    <test started-at="2025-03-24T20:55:18 EDT" name="Default test" finished-at="2025-03-24T20:56:38 EDT" duration-ms="80296">
      <class name="Runner.TestRunner">
        <test-method is-config="true" signature="setUpClass(org.testng.ITestContext)[pri:0, instance:Runner.TestRunner@4944252c]" started-at="2025-03-24T20:55:18 EDT" name="setUpClass" finished-at="2025-03-24T20:55:22 EDT" duration-ms="3614" status="PASS">
          <params>
            <param index="0">
              <value>
                <![CDATA[org.testng.TestRunner@677274e7]]>
              </value>
            </param>
          </params>
          <reporter-output>
          </reporter-output>
        </test-method> <!-- setUpClass -->
        <test-method is-config="true" signature="setup(java.lang.String)[pri:0, instance:Runner.TestRunner@4944252c]" started-at="2025-03-24T20:55:22 EDT" name="setup" finished-at="2025-03-24T20:55:28 EDT" duration-ms="6433" status="PASS">
          <params>
            <param index="0">
              <value>
                <![CDATA[chrome]]>
              </value>
            </param>
          </params>
          <reporter-output>
          </reporter-output>
        </test-method> <!-- setup -->
        <test-method signature="runScenario(io.cucumber.testng.PickleWrapper,io.cucumber.testng.FeatureWrapper)[pri:0, instance:Runner.TestRunner@4944252c]" started-at="2025-03-24T20:55:28 EDT" name="runScenario" description="Runs Cucumber Scenarios" data-provider="scenarios" finished-at="2025-03-24T20:55:34 EDT" duration-ms="5995" status="PASS">
          <params>
            <param index="0">
              <value>
                <![CDATA["Verify that the user can navigate to Data Structures - Introduction page"]]>
              </value>
            </param>
            <param index="1">
              <value>
                <![CDATA["Data Structures - Introduction"]]>
              </value>
            </param>
          </params>
          <reporter-output>
          </reporter-output>
        </test-method> <!-- runScenario -->
        <test-method signature="runScenario(io.cucumber.testng.PickleWrapper,io.cucumber.testng.FeatureWrapper)[pri:0, instance:Runner.TestRunner@4944252c]" started-at="2025-03-24T20:55:34 EDT" name="runScenario" description="Runs Cucumber Scenarios" data-provider="scenarios" finished-at="2025-03-24T20:55:37 EDT" duration-ms="2503" status="PASS">
          <params>
            <param index="0">
              <value>
                <![CDATA["Verify that the user is able to navigate to the Time Comlexity Page"]]>
              </value>
            </param>
            <param index="1">
              <value>
                <![CDATA["Data Structures - Introduction"]]>
              </value>
            </param>
          </params>
          <reporter-output>
          </reporter-output>
        </test-method> <!-- runScenario -->
        <test-method signature="runScenario(io.cucumber.testng.PickleWrapper,io.cucumber.testng.FeatureWrapper)[pri:0, instance:Runner.TestRunner@4944252c]" started-at="2025-03-24T20:55:37 EDT" name="runScenario" description="Runs Cucumber Scenarios" data-provider="scenarios" finished-at="2025-03-24T20:55:40 EDT" duration-ms="3542" status="PASS">
          <params>
            <param index="0">
              <value>
                <![CDATA["Verify that user is able to navigate to Practice Questions page"]]>
              </value>
            </param>
            <param index="1">
              <value>
                <![CDATA["Data Structures - Introduction"]]>
              </value>
            </param>
          </params>
          <reporter-output>
          </reporter-output>
        </test-method> <!-- runScenario -->
        <test-method signature="runScenario(io.cucumber.testng.PickleWrapper,io.cucumber.testng.FeatureWrapper)[pri:0, instance:Runner.TestRunner@4944252c]" started-at="2025-03-24T20:55:40 EDT" name="runScenario" description="Runs Cucumber Scenarios" data-provider="scenarios" finished-at="2025-03-24T20:55:44 EDT" duration-ms="3913" status="PASS">
          <params>
            <param index="0">
              <value>
                <![CDATA["Verify that user is able to navigate to try Editor page"]]>
              </value>
            </param>
            <param index="1">
              <value>
                <![CDATA["Data Structures - Introduction"]]>
              </value>
            </param>
          </params>
          <reporter-output>
          </reporter-output>
        </test-method> <!-- runScenario -->
        <test-method signature="runScenario(io.cucumber.testng.PickleWrapper,io.cucumber.testng.FeatureWrapper)[pri:0, instance:Runner.TestRunner@4944252c]" started-at="2025-03-24T20:55:44 EDT" name="runScenario" description="Runs Cucumber Scenarios" data-provider="scenarios" finished-at="2025-03-24T20:55:48 EDT" duration-ms="3884" status="PASS">
          <params>
            <param index="0">
              <value>
                <![CDATA["Verify that user receives error when click on Run button without entering code"]]>
              </value>
            </param>
            <param index="1">
              <value>
                <![CDATA["Data Structures - Introduction"]]>
              </value>
            </param>
          </params>
          <reporter-output>
          </reporter-output>
        </test-method> <!-- runScenario -->
        <test-method signature="runScenario(io.cucumber.testng.PickleWrapper,io.cucumber.testng.FeatureWrapper)[pri:0, instance:Runner.TestRunner@4944252c]" started-at="2025-03-24T20:55:48 EDT" name="runScenario" description="Runs Cucumber Scenarios" data-provider="scenarios" finished-at="2025-03-24T20:56:00 EDT" duration-ms="12220" status="PASS">
          <params>
            <param index="0">
              <value>
                <![CDATA["Verify that user receives an error for invalid Python code in Try Editor page of Time Complexity"]]>
              </value>
            </param>
            <param index="1">
              <value>
                <![CDATA["Data Structures - Introduction"]]>
              </value>
            </param>
          </params>
          <reporter-output>
          </reporter-output>
        </test-method> <!-- runScenario -->
        <test-method signature="runScenario(io.cucumber.testng.PickleWrapper,io.cucumber.testng.FeatureWrapper)[pri:0, instance:Runner.TestRunner@4944252c]" started-at="2025-03-24T20:56:01 EDT" name="runScenario" description="Runs Cucumber Scenarios" data-provider="scenarios" finished-at="2025-03-24T20:56:06 EDT" duration-ms="5380" status="PASS">
          <params>
            <param index="0">
              <value>
                <![CDATA["Verify that user is able to see output for valid Python code in Try Editor page of Time Complexity"]]>
              </value>
            </param>
            <param index="1">
              <value>
                <![CDATA["Data Structures - Introduction"]]>
              </value>
            </param>
          </params>
          <reporter-output>
          </reporter-output>
        </test-method> <!-- runScenario -->
        <test-method signature="runScenario(io.cucumber.testng.PickleWrapper,io.cucumber.testng.FeatureWrapper)[pri:0, instance:Runner.TestRunner@4944252c]" started-at="2025-03-24T20:56:06 EDT" name="runScenario" description="Runs Cucumber Scenarios" data-provider="scenarios" finished-at="2025-03-24T20:56:07 EDT" duration-ms="982" status="PASS">
          <params>
            <param index="0">
              <value>
                <![CDATA["Verify that user able to logout from the data structure"]]>
              </value>
            </param>
            <param index="1">
              <value>
                <![CDATA["Data Structures - Introduction"]]>
              </value>
            </param>
          </params>
          <reporter-output>
          </reporter-output>
        </test-method> <!-- runScenario -->
        <test-method signature="runScenario(io.cucumber.testng.PickleWrapper,io.cucumber.testng.FeatureWrapper)[pri:0, instance:Runner.TestRunner@4944252c]" started-at="2025-03-24T20:56:07 EDT" name="runScenario" description="Runs Cucumber Scenarios" data-provider="scenarios" finished-at="2025-03-24T20:56:08 EDT" duration-ms="949" status="PASS">
          <params>
            <param index="0">
              <value>
                <![CDATA["Verify the Home page for a user"]]>
              </value>
            </param>
            <param index="1">
              <value>
                <![CDATA["Home and DS Algo Portal Navigation and Functionality"]]>
              </value>
            </param>
          </params>
          <reporter-output>
          </reporter-output>
        </test-method> <!-- runScenario -->
        <test-method signature="runScenario(io.cucumber.testng.PickleWrapper,io.cucumber.testng.FeatureWrapper)[pri:0, instance:Runner.TestRunner@4944252c]" started-at="2025-03-24T20:56:08 EDT" name="runScenario" description="Runs Cucumber Scenarios" data-provider="scenarios" finished-at="2025-03-24T20:56:09 EDT" duration-ms="960" status="PASS">
          <params>
            <param index="0">
              <value>
                <![CDATA["Verify that user sees a warning message when selecting Data Structures from the dropdown without Sign in"]]>
              </value>
            </param>
            <param index="1">
              <value>
                <![CDATA["Home and DS Algo Portal Navigation and Functionality"]]>
              </value>
            </param>
          </params>
          <reporter-output>
          </reporter-output>
        </test-method> <!-- runScenario -->
        <test-method signature="runScenario(io.cucumber.testng.PickleWrapper,io.cucumber.testng.FeatureWrapper)[pri:0, instance:Runner.TestRunner@4944252c]" started-at="2025-03-24T20:56:09 EDT" name="runScenario" description="Runs Cucumber Scenarios" data-provider="scenarios" finished-at="2025-03-24T20:56:12 EDT" duration-ms="2781" status="PASS">
          <params>
            <param index="0">
              <value>
                <![CDATA["Verify that user is able to navigate to Tree Data Structures page"]]>
              </value>
            </param>
            <param index="1">
              <value>
                <![CDATA["Home and DS Algo Portal Navigation and Functionality"]]>
              </value>
            </param>
          </params>
          <reporter-output>
          </reporter-output>
        </test-method> <!-- runScenario -->
        <test-method signature="runScenario(io.cucumber.testng.PickleWrapper,io.cucumber.testng.FeatureWrapper)[pri:0, instance:Runner.TestRunner@4944252c]" started-at="2025-03-24T20:56:12 EDT" name="runScenario" description="Runs Cucumber Scenarios" data-provider="scenarios" finished-at="2025-03-24T20:56:13 EDT" duration-ms="1194" status="PASS">
          <params>
            <param index="0">
              <value>
                <![CDATA["Verify that user is able to sign out successfully"]]>
              </value>
            </param>
            <param index="1">
              <value>
                <![CDATA["Home and DS Algo Portal Navigation and Functionality"]]>
              </value>
            </param>
          </params>
          <reporter-output>
          </reporter-output>
        </test-method> <!-- runScenario -->
        <test-method signature="runScenario(io.cucumber.testng.PickleWrapper,io.cucumber.testng.FeatureWrapper)[pri:0, instance:Runner.TestRunner@4944252c]" started-at="2025-03-24T20:56:13 EDT" name="runScenario" description="Runs Cucumber Scenarios" data-provider="scenarios" finished-at="2025-03-24T20:56:14 EDT" duration-ms="1183" status="PASS">
          <params>
            <param index="0">
              <value>
                <![CDATA["Verify that the user can navigate to registration from login"]]>
              </value>
            </param>
            <param index="1">
              <value>
                <![CDATA["Sign In and Sign Out in dsAlgo Portal"]]>
              </value>
            </param>
          </params>
          <reporter-output>
          </reporter-output>
        </test-method> <!-- runScenario -->
        <test-method signature="runScenario(io.cucumber.testng.PickleWrapper,io.cucumber.testng.FeatureWrapper)[pri:0, instance:Runner.TestRunner@4944252c]" started-at="2025-03-24T20:56:14 EDT" name="runScenario" description="Runs Cucumber Scenarios" data-provider="scenarios" finished-at="2025-03-24T20:56:15 EDT" duration-ms="742" status="PASS">
          <params>
            <param index="0">
              <value>
                <![CDATA["Verify that user receives an error message for all empty fields during login"]]>
              </value>
            </param>
            <param index="1">
              <value>
                <![CDATA["Sign In and Sign Out in dsAlgo Portal"]]>
              </value>
            </param>
          </params>
          <reporter-output>
          </reporter-output>
        </test-method> <!-- runScenario -->
        <test-method signature="runScenario(io.cucumber.testng.PickleWrapper,io.cucumber.testng.FeatureWrapper)[pri:0, instance:Runner.TestRunner@4944252c]" started-at="2025-03-24T20:56:15 EDT" name="runScenario" description="Runs Cucumber Scenarios" data-provider="scenarios" finished-at="2025-03-24T20:56:16 EDT" duration-ms="927" status="PASS">
          <params>
            <param index="0">
              <value>
                <![CDATA["Verify that user receives an error message for empty Password field during login"]]>
              </value>
            </param>
            <param index="1">
              <value>
                <![CDATA["Sign In and Sign Out in dsAlgo Portal"]]>
              </value>
            </param>
          </params>
          <reporter-output>
          </reporter-output>
        </test-method> <!-- runScenario -->
        <test-method signature="runScenario(io.cucumber.testng.PickleWrapper,io.cucumber.testng.FeatureWrapper)[pri:0, instance:Runner.TestRunner@4944252c]" started-at="2025-03-24T20:56:16 EDT" name="runScenario" description="Runs Cucumber Scenarios" data-provider="scenarios" finished-at="2025-03-24T20:56:17 EDT" duration-ms="1053" status="PASS">
          <params>
            <param index="0">
              <value>
                <![CDATA["Verify that user receives an error message for empty Username field during login"]]>
              </value>
            </param>
            <param index="1">
              <value>
                <![CDATA["Sign In and Sign Out in dsAlgo Portal"]]>
              </value>
            </param>
          </params>
          <reporter-output>
          </reporter-output>
        </test-method> <!-- runScenario -->
        <test-method signature="runScenario(io.cucumber.testng.PickleWrapper,io.cucumber.testng.FeatureWrapper)[pri:0, instance:Runner.TestRunner@4944252c]" started-at="2025-03-24T20:56:17 EDT" name="runScenario" description="Runs Cucumber Scenarios" data-provider="scenarios" finished-at="2025-03-24T20:56:18 EDT" duration-ms="1628" status="PASS">
          <params>
            <param index="0">
              <value>
                <![CDATA["Verify that user receives an error message for invalid Username during login"]]>
              </value>
            </param>
            <param index="1">
              <value>
                <![CDATA["Sign In and Sign Out in dsAlgo Portal"]]>
              </value>
            </param>
          </params>
          <reporter-output>
          </reporter-output>
        </test-method> <!-- runScenario -->
        <test-method signature="runScenario(io.cucumber.testng.PickleWrapper,io.cucumber.testng.FeatureWrapper)[pri:0, instance:Runner.TestRunner@4944252c]" started-at="2025-03-24T20:56:18 EDT" name="runScenario" description="Runs Cucumber Scenarios" data-provider="scenarios" finished-at="2025-03-24T20:56:20 EDT" duration-ms="1367" status="PASS">
          <params>
            <param index="0">
              <value>
                <![CDATA["Verify that user receives an error message for invalid Username during login"]]>
              </value>
            </param>
            <param index="1">
              <value>
                <![CDATA["Sign In and Sign Out in dsAlgo Portal"]]>
              </value>
            </param>
          </params>
          <reporter-output>
          </reporter-output>
        </test-method> <!-- runScenario -->
        <test-method signature="runScenario(io.cucumber.testng.PickleWrapper,io.cucumber.testng.FeatureWrapper)[pri:0, instance:Runner.TestRunner@4944252c]" started-at="2025-03-24T20:56:20 EDT" name="runScenario" description="Runs Cucumber Scenarios" data-provider="scenarios" finished-at="2025-03-24T20:56:21 EDT" duration-ms="1645" status="PASS">
          <params>
            <param index="0">
              <value>
                <![CDATA["Verify that user receives an error message for invalid Username during login"]]>
              </value>
            </param>
            <param index="1">
              <value>
                <![CDATA["Sign In and Sign Out in dsAlgo Portal"]]>
              </value>
            </param>
          </params>
          <reporter-output>
          </reporter-output>
        </test-method> <!-- runScenario -->
        <test-method signature="runScenario(io.cucumber.testng.PickleWrapper,io.cucumber.testng.FeatureWrapper)[pri:0, instance:Runner.TestRunner@4944252c]" started-at="2025-03-24T20:56:21 EDT" name="runScenario" description="Runs Cucumber Scenarios" data-provider="scenarios" finished-at="2025-03-24T20:56:23 EDT" duration-ms="1840" status="PASS">
          <params>
            <param index="0">
              <value>
                <![CDATA["Verify that user is able to land on the Home page after entering valid credentials"]]>
              </value>
            </param>
            <param index="1">
              <value>
                <![CDATA["Sign In and Sign Out in dsAlgo Portal"]]>
              </value>
            </param>
          </params>
          <reporter-output>
          </reporter-output>
        </test-method> <!-- runScenario -->
        <test-method signature="runScenario(io.cucumber.testng.PickleWrapper,io.cucumber.testng.FeatureWrapper)[pri:0, instance:Runner.TestRunner@4944252c]" started-at="2025-03-24T20:56:23 EDT" name="runScenario" description="Runs Cucumber Scenarios" data-provider="scenarios" finished-at="2025-03-24T20:56:24 EDT" duration-ms="1022" status="PASS">
          <params>
            <param index="0">
              <value>
                <![CDATA["Verify that user receives error message for all empty fields during registration"]]>
              </value>
            </param>
            <param index="1">
              <value>
                <![CDATA["User Registration"]]>
              </value>
            </param>
          </params>
          <reporter-output>
          </reporter-output>
        </test-method> <!-- runScenario -->
        <test-method signature="runScenario(io.cucumber.testng.PickleWrapper,io.cucumber.testng.FeatureWrapper)[pri:0, instance:Runner.TestRunner@4944252c]" started-at="2025-03-24T20:56:24 EDT" name="runScenario" description="Runs Cucumber Scenarios" data-provider="scenarios" finished-at="2025-03-24T20:56:26 EDT" duration-ms="1801" status="PASS">
          <params>
            <param index="0">
              <value>
                <![CDATA["Verify that user receives error message for empty Username Confirmation field during registration"]]>
              </value>
            </param>
            <param index="1">
              <value>
                <![CDATA["User Registration"]]>
              </value>
            </param>
          </params>
          <reporter-output>
          </reporter-output>
        </test-method> <!-- runScenario -->
        <test-method signature="runScenario(io.cucumber.testng.PickleWrapper,io.cucumber.testng.FeatureWrapper)[pri:0, instance:Runner.TestRunner@4944252c]" started-at="2025-03-24T20:56:26 EDT" name="runScenario" description="Runs Cucumber Scenarios" data-provider="scenarios" finished-at="2025-03-24T20:56:28 EDT" duration-ms="1930" status="PASS">
          <params>
            <param index="0">
              <value>
                <![CDATA["Verify that user receives error message for mismatched Password and Password Confirmation field during registration"]]>
              </value>
            </param>
            <param index="1">
              <value>
                <![CDATA["User Registration"]]>
              </value>
            </param>
          </params>
          <reporter-output>
          </reporter-output>
        </test-method> <!-- runScenario -->
        <test-method signature="runScenario(io.cucumber.testng.PickleWrapper,io.cucumber.testng.FeatureWrapper)[pri:0, instance:Runner.TestRunner@4944252c]" started-at="2025-03-24T20:56:28 EDT" name="runScenario" description="Runs Cucumber Scenarios" data-provider="scenarios" finished-at="2025-03-24T20:56:30 EDT" duration-ms="1634" status="PASS">
          <params>
            <param index="0">
              <value>
                <![CDATA["Verify that user is able to land on Homepage after registration with valid fields"]]>
              </value>
            </param>
            <param index="1">
              <value>
                <![CDATA["User Registration"]]>
              </value>
            </param>
          </params>
          <reporter-output>
          </reporter-output>
        </test-method> <!-- runScenario -->
        <test-method is-config="true" signature="tearDownClass()[pri:0, instance:Runner.TestRunner@4944252c]" started-at="2025-03-24T20:56:30 EDT" name="tearDownClass" finished-at="2025-03-24T20:56:38 EDT" duration-ms="8800" status="PASS">
          <reporter-output>
          </reporter-output>
        </test-method> <!-- tearDownClass -->
      </class> <!-- Runner.TestRunner -->
    </test> <!-- Default test -->
  </suite> <!-- Default suite -->
</testng-results>
