<?xml version="1.0" encoding="UTF-8"?>
<testng-results ignored="0" total="0" passed="0" failed="0" skipped="0">
  <reporter-output>
  </reporter-output>
  <suite started-at="2025-03-18T11:57:21 PDT" name="Default suite" finished-at="2025-03-18T11:57:21 PDT" duration-ms="151">
    <groups>
      <group name="cucumber">
        <method signature="AbstractTestNGCucumberTests.runScenario(io.cucumber.testng.PickleWrapper,io.cucumber.testng.FeatureWrapper)[pri:0, instance:Runnerfile.TestRunner@56e8b606]" name="runScenario" class="io.cucumber.testng.AbstractTestNGCucumberTests"/>
      </group> <!-- cucumber -->
    </groups>
    <test started-at="2025-03-18T11:57:21 PDT" name="Default test" finished-at="2025-03-18T11:57:21 PDT" duration-ms="151">
      <class name="Runnerfile.TestRunner">
        <test-method is-config="true" signature="setUpClass(org.testng.ITestContext)[pri:0, instance:Runnerfile.TestRunner@56e8b606]" started-at="2025-03-18T11:57:21 PDT" name="setUpClass" finished-at="2025-03-18T11:57:21 PDT" duration-ms="113" status="PASS">
          <params>
            <param index="0">
              <value>
                <![CDATA[org.testng.TestRunner@388ffbc2]]>
              </value>
            </param>
          </params>
          <reporter-output>
          </reporter-output>
        </test-method> <!-- setUpClass -->
        <test-method is-config="true" signature="tearDownClass()[pri:0, instance:Runnerfile.TestRunner@56e8b606]" started-at="2025-03-18T11:57:21 PDT" name="tearDownClass" finished-at="2025-03-18T11:57:21 PDT" duration-ms="2" status="PASS">
          <reporter-output>
          </reporter-output>
        </test-method> <!-- tearDownClass -->
      </class> <!-- Runnerfile.TestRunner -->
    </test> <!-- Default test -->
  </suite> <!-- Default suite -->
</testng-results>
