<?xml version="1.0" encoding="UTF-8"?>
<!-- Generated by org.testng.reporters.JUnitReportReporter -->
<testsuite hostname="TanLaptop" failures="1" tests="183" name="Runner.TestRunner" time="487.911" errors="2" timestamp="2025-03-24T21:22:17 EDT" skipped="0">
  <testcase classname="Runner.TestRunner" name="runScenario" time="2.818"/>
  <testcase classname="Runner.TestRunner" name="runScenario" time="2.123"/>
  <testcase classname="Runner.TestRunner" name="runScenario" time="1.231"/>
  <testcase classname="Runner.TestRunner" name="runScenario" time="1.442"/>
  <testcase classname="Runner.TestRunner" name="runScenario" time="1.233"/>
  <testcase classname="Runner.TestRunner" name="runScenario" time="2.182"/>
  <testcase classname="Runner.TestRunner" name="runScenario" time="2.029"/>
  <testcase classname="Runner.TestRunner" name="runScenario" time="1.393"/>
  <testcase classname="Runner.TestRunner" name="runScenario" time="0.760">
    <error message="Unexpected end of ZLIB input stream" type="org.apache.poi.ooxml.POIXMLException">
      <![CDATA[org.apache.poi.ooxml.POIXMLException: Unexpected end of ZLIB input stream
at org.apache.poi.ooxml.POIXMLFactory.createDocumentPart(POIXMLFactory.java:68)
at org.apache.poi.ooxml.POIXMLDocumentPart.read(POIXMLDocumentPart.java:671)
at org.apache.poi.ooxml.POIXMLDocument.load(POIXMLDocument.java:165)
at org.apache.poi.xssf.usermodel.XSSFWorkbook.<init>(XSSFWorkbook.java:262)
at org.apache.poi.xssf.usermodel.XSSFWorkbookFactory.createWorkbook(XSSFWorkbookFactory.java:118)
at org.apache.poi.xssf.usermodel.XSSFWorkbookFactory.create(XSSFWorkbookFactory.java:156)
at org.apache.poi.xssf.usermodel.XSSFWorkbookFactory.create(XSSFWorkbookFactory.java:36)
at org.apache.poi.ss.usermodel.WorkbookFactory.lambda$create$4(WorkbookFactory.java:311)
at org.apache.poi.ss.usermodel.WorkbookFactory.wp(WorkbookFactory.java:329)
at org.apache.poi.ss.usermodel.WorkbookFactory.create(WorkbookFactory.java:311)
at org.apache.poi.ss.usermodel.WorkbookFactory.create(WorkbookFactory.java:277)
at org.apache.poi.ss.usermodel.WorkbookFactory.create(WorkbookFactory.java:255)
at utilities.Excelreaderpython.getData(Excelreaderpython.java:31)
at StepDefinitions.ArraySteps.the_user_reads_the_valid_python_code_from_excel_and_and_enters_in_editor_for_maximum_number_of_consecutive_ones_and_click_the_run_button(ArraySteps.java:513)
at ✽.The user reads the valid python code from excel "pythonCode" and 4 and enters in Editor for maximum number of consecutive ones and Click the Run Button(file:///C:/Numpy%20Ninja%20Projects/Sindhu_Thaniga/Innovation-Inspectors/src/test/resources/Features/Array.feature:182)
Caused by: java.io.EOFException: Unexpected end of ZLIB input stream
at java.base/java.util.zip.InflaterInputStream.fill(InflaterInputStream.java:274)
at org.apache.commons.compress.archivers.zip.InflaterInputStreamWithStatistics.fill(InflaterInputStreamWithStatistics.java:51)
at java.base/java.util.zip.InflaterInputStream.read(InflaterInputStream.java:176)
at org.apache.commons.compress.archivers.zip.InflaterInputStreamWithStatistics.read(InflaterInputStreamWithStatistics.java:76)
at java.base/java.util.zip.InflaterInputStream.read(InflaterInputStream.java:125)
at org.apache.commons.compress.archivers.zip.InflaterInputStreamWithStatistics.read(InflaterInputStreamWithStatistics.java:67)
at java.base/java.io.FilterInputStream.read(FilterInputStream.java:71)
at org.apache.poi.openxml4j.util.ZipArchiveThresholdInputStream.read(ZipArchiveThresholdInputStream.java:69)
at java.xml/com.sun.org.apache.xerces.internal.impl.XMLEntityManager$RewindableInputStream.readAndBuffer(XMLEntityManager.java:3095)
at java.xml/com.sun.org.apache.xerces.internal.impl.XMLEntityManager.setupCurrentEntity(XMLEntityManager.java:719)
at java.xml/com.sun.org.apache.xerces.internal.impl.XMLVersionDetector.determineDocVersion(XMLVersionDetector.java:150)
at java.xml/com.sun.org.apache.xerces.internal.parsers.XML11Configuration.parse(XML11Configuration.java:862)
at java.xml/com.sun.org.apache.xerces.internal.parsers.XML11Configuration.parse(XML11Configuration.java:826)
at java.xml/com.sun.org.apache.xerces.internal.parsers.XMLParser.parse(XMLParser.java:134)
at java.xml/com.sun.org.apache.xerces.internal.parsers.AbstractSAXParser.parse(AbstractSAXParser.java:1225)
at java.xml/com.sun.org.apache.xerces.internal.jaxp.SAXParserImpl$JAXPSAXParser.parse(SAXParserImpl.java:643)
at org.apache.xmlbeans.impl.store.Locale$SaxLoader.load(Locale.java:2542)
at org.apache.xmlbeans.impl.store.Locale.lambda$parseToXmlObject$3(Locale.java:718)
at org.apache.xmlbeans.impl.store.Locale.syncWrap(Locale.java:491)
at org.apache.xmlbeans.impl.store.Locale.parseToXmlObject(Locale.java:717)
at org.apache.xmlbeans.impl.schema.SchemaTypeLoaderBase.parse(SchemaTypeLoaderBase.java:234)
at org.apache.xmlbeans.impl.schema.AbstractDocumentFactory.parse(AbstractDocumentFactory.java:71)
at org.apache.poi.xssf.model.StylesTable.readFrom(StylesTable.java:219)
at org.apache.poi.xssf.model.StylesTable.<init>(StylesTable.java:159)
at org.apache.poi.ooxml.POIXMLFactory.createDocumentPart(POIXMLFactory.java:61)
... 14 more
]]>
    </error>
  </testcase> <!-- runScenario -->
  <testcase classname="Runner.TestRunner" name="runScenario" time="1.509"/>
  <testcase classname="Runner.TestRunner" name="runScenario" time="1.284"/>
  <testcase classname="Runner.TestRunner" name="runScenario" time="35.760"/>
  <testcase classname="Runner.TestRunner" name="runScenario" time="3.234"/>
  <testcase classname="Runner.TestRunner" name="runScenario" time="3.304"/>
  <testcase classname="Runner.TestRunner" name="runScenario" time="1.970"/>
  <testcase classname="Runner.TestRunner" name="runScenario" time="5.855"/>
  <testcase classname="Runner.TestRunner" name="runScenario" time="1.095"/>
  <testcase classname="Runner.TestRunner" name="runScenario" time="0.701"/>
  <testcase classname="Runner.TestRunner" name="runScenario" time="1.222"/>
  <testcase classname="Runner.TestRunner" name="runScenario" time="0.769"/>
  <testcase classname="Runner.TestRunner" name="runScenario" time="1.541"/>
  <testcase classname="Runner.TestRunner" name="runScenario" time="1.111"/>
  <testcase classname="Runner.TestRunner" name="runScenario" time="1.061"/>
  <testcase classname="Runner.TestRunner" name="runScenario" time="16.234"/>
  <testcase classname="Runner.TestRunner" name="runScenario" time="2.707"/>
  <testcase classname="Runner.TestRunner" name="runScenario" time="1.309"/>
  <testcase classname="Runner.TestRunner" name="runScenario" time="0.950"/>
  <testcase classname="Runner.TestRunner" name="runScenario" time="1.165"/>
  <testcase classname="Runner.TestRunner" name="runScenario" time="2.092"/>
  <testcase classname="Runner.TestRunner" name="runScenario" time="1.925"/>
  <testcase classname="Runner.TestRunner" name="runScenario" time="1.543"/>
  <testcase classname="Runner.TestRunner" name="runScenario" time="3.324"/>
  <testcase classname="Runner.TestRunner" name="runScenario" time="1.358"/>
  <testcase classname="Runner.TestRunner" name="runScenario" time="1.961"/>
  <testcase classname="Runner.TestRunner" name="runScenario" time="4.419"/>
  <testcase classname="Runner.TestRunner" name="runScenario" time="2.706"/>
  <testcase classname="Runner.TestRunner" name="runScenario" time="3.401"/>
  <testcase classname="Runner.TestRunner" name="runScenario" time="1.175"/>
  <testcase classname="Runner.TestRunner" name="runScenario" time="2.560"/>
  <testcase classname="Runner.TestRunner" name="runScenario" time="2.534"/>
  <testcase classname="Runner.TestRunner" name="runScenario" time="1.171"/>
  <testcase classname="Runner.TestRunner" name="runScenario" time="0.831"/>
  <testcase classname="Runner.TestRunner" name="runScenario" time="2.170"/>
  <testcase classname="Runner.TestRunner" name="runScenario" time="3.206"/>
  <testcase classname="Runner.TestRunner" name="runScenario" time="1.753"/>
  <testcase classname="Runner.TestRunner" name="runScenario" time="1.490"/>
  <testcase classname="Runner.TestRunner" name="runScenario" time="3.378"/>
  <testcase classname="Runner.TestRunner" name="runScenario" time="1.437"/>
  <testcase classname="Runner.TestRunner" name="runScenario" time="1.819"/>
  <testcase classname="Runner.TestRunner" name="runScenario" time="1.977"/>
  <testcase classname="Runner.TestRunner" name="runScenario" time="4.897"/>
  <testcase classname="Runner.TestRunner" name="runScenario" time="1.470"/>
  <testcase classname="Runner.TestRunner" name="runScenario" time="1.463"/>
  <testcase classname="Runner.TestRunner" name="runScenario" time="1.510"/>
  <testcase classname="Runner.TestRunner" name="runScenario" time="8.656"/>
  <testcase classname="Runner.TestRunner" name="runScenario" time="2.072"/>
  <testcase classname="Runner.TestRunner" name="runScenario" time="2.392"/>
  <testcase classname="Runner.TestRunner" name="runScenario" time="3.271"/>
  <testcase classname="Runner.TestRunner" name="runScenario" time="1.615"/>
  <testcase classname="Runner.TestRunner" name="runScenario" time="5.994"/>
  <testcase classname="Runner.TestRunner" name="runScenario" time="1.111"/>
  <testcase classname="Runner.TestRunner" name="runScenario" time="1.969"/>
  <testcase classname="Runner.TestRunner" name="runScenario" time="1.661"/>
  <testcase classname="Runner.TestRunner" name="runScenario" time="1.984"/>
  <testcase classname="Runner.TestRunner" name="runScenario" time="15.991"/>
  <testcase classname="Runner.TestRunner" name="runScenario" time="7.563"/>
  <testcase classname="Runner.TestRunner" name="runScenario" time="1.112"/>
  <testcase classname="Runner.TestRunner" name="runScenario" time="1.275"/>
  <testcase classname="Runner.TestRunner" name="runScenario" time="1.289"/>
  <testcase classname="Runner.TestRunner" name="runScenario" time="0.869"/>
  <testcase classname="Runner.TestRunner" name="runScenario" time="2.865"/>
  <testcase classname="Runner.TestRunner" name="runScenario" time="2.007"/>
  <testcase classname="Runner.TestRunner" name="runScenario" time="3.323"/>
  <testcase classname="Runner.TestRunner" name="runScenario" time="1.120"/>
  <testcase classname="Runner.TestRunner" name="runScenario" time="1.776">
    <error message="Fail to save: an error occurs while saving the package : The part /docProps/app.xml failed to be saved in the stream with marshaller org.apache.poi.openxml4j.opc.internal.marshallers.DefaultMarshaller@47aca46c. Enable logging via Log4j 2 for more details." type="org.apache.poi.openxml4j.exceptions.OpenXML4JRuntimeException">
      <![CDATA[org.apache.poi.openxml4j.exceptions.OpenXML4JRuntimeException: Fail to save: an error occurs while saving the package : The part /docProps/app.xml failed to be saved in the stream with marshaller org.apache.poi.openxml4j.opc.internal.marshallers.DefaultMarshaller@47aca46c. Enable logging via Log4j 2 for more details.
at org.apache.poi.openxml4j.opc.ZipPackage.saveImpl(ZipPackage.java:606)
at org.apache.poi.openxml4j.opc.OPCPackage.save(OPCPackage.java:1546)
at org.apache.poi.openxml4j.opc.OPCPackage.save(OPCPackage.java:1533)
at org.apache.poi.openxml4j.opc.ZipPackage.closeImpl(ZipPackage.java:478)
at org.apache.poi.openxml4j.opc.OPCPackage.close(OPCPackage.java:517)
at org.apache.poi.ooxml.POIXMLDocument.close(POIXMLDocument.java:189)
at org.apache.poi.xssf.usermodel.XSSFWorkbook.close(XSSFWorkbook.java:642)
at utilities.Excelreaderpython.getData(Excelreaderpython.java:35)
at StepDefinitions.ArraySteps.the_user_reads_the_invalid_python_code_from_excel_and_and_enters_in_the_editor_and_clicks_on_run_button(ArraySteps.java:150)
at ✽.The user reads the invalid python code from  excel "pythonCode"  and 1 and  enters in the Editor and clicks on Run Button(file:///C:/Numpy%20Ninja%20Projects/Sindhu_Thaniga/Innovation-Inspectors/src/test/resources/Features/Array.feature:44)
Caused by: org.apache.poi.openxml4j.exceptions.OpenXML4JException: The part /docProps/app.xml failed to be saved in the stream with marshaller org.apache.poi.openxml4j.opc.internal.marshallers.DefaultMarshaller@47aca46c. Enable logging via Log4j 2 for more details.
at org.apache.poi.openxml4j.opc.ZipPackage.saveImpl(ZipPackage.java:595)
... 9 more
]]>
    </error>
  </testcase> <!-- runScenario -->
  <testcase classname="Runner.TestRunner" name="runScenario" time="1.741"/>
  <testcase classname="Runner.TestRunner" name="runScenario" time="1.900"/>
  <testcase classname="Runner.TestRunner" name="runScenario" time="1.111"/>
  <testcase classname="Runner.TestRunner" name="runScenario" time="1.446"/>
  <testcase classname="Runner.TestRunner" name="runScenario" time="3.287"/>
  <testcase classname="Runner.TestRunner" name="runScenario" time="1.862"/>
  <testcase classname="Runner.TestRunner" name="runScenario" time="2.527"/>
  <testcase classname="Runner.TestRunner" name="runScenario" time="2.931"/>
  <testcase classname="Runner.TestRunner" name="runScenario" time="2.235"/>
  <testcase classname="Runner.TestRunner" name="runScenario" time="4.213"/>
  <testcase classname="Runner.TestRunner" name="runScenario" time="1.055"/>
  <testcase classname="Runner.TestRunner" name="runScenario" time="2.507"/>
  <testcase classname="Runner.TestRunner" name="runScenario" time="1.225"/>
  <testcase classname="Runner.TestRunner" name="runScenario" time="1.547"/>
  <testcase classname="Runner.TestRunner" name="runScenario" time="0.981"/>
  <testcase classname="Runner.TestRunner" name="runScenario" time="2.838"/>
  <testcase classname="Runner.TestRunner" name="runScenario" time="1.042"/>
  <testcase classname="Runner.TestRunner" name="runScenario" time="2.226"/>
  <testcase classname="Runner.TestRunner" name="runScenario" time="1.673">
    <failure message="expected [Element Found] but found [2]" type="java.lang.AssertionError">
      <![CDATA[java.lang.AssertionError: expected [Element Found] but found [2]
at org.testng.Assert.fail(Assert.java:111)
at org.testng.Assert.failNotEquals(Assert.java:1578)
at org.testng.Assert.assertEqualsImpl(Assert.java:150)
at org.testng.Assert.assertEquals(Assert.java:132)
at org.testng.Assert.assertEquals(Assert.java:656)
at org.testng.Assert.assertEquals(Assert.java:666)
at StepDefinitions.ArraySteps.the_user_should_able_to_see_output_for_maximum_number_of_consecutive_ones_in_the_console(ArraySteps.java:530)
at ✽.The user should able to see output for maximum number of consecutive ones  in the console(file:///C:/Numpy%20Ninja%20Projects/Sindhu_Thaniga/Innovation-Inspectors/src/test/resources/Features/Array.feature:183)
]]>
    </failure>
  </testcase> <!-- runScenario -->
  <testcase classname="Runner.TestRunner" name="runScenario" time="2.580"/>
  <testcase classname="Runner.TestRunner" name="runScenario" time="1.256"/>
  <testcase classname="Runner.TestRunner" name="runScenario" time="2.333"/>
  <testcase classname="Runner.TestRunner" name="runScenario" time="4.130"/>
  <testcase classname="Runner.TestRunner" name="runScenario" time="2.161"/>
  <testcase classname="Runner.TestRunner" name="runScenario" time="1.175"/>
  <testcase classname="Runner.TestRunner" name="runScenario" time="1.194"/>
  <testcase classname="Runner.TestRunner" name="runScenario" time="2.397"/>
  <testcase classname="Runner.TestRunner" name="runScenario" time="3.681"/>
  <testcase classname="Runner.TestRunner" name="runScenario" time="1.920"/>
  <testcase classname="Runner.TestRunner" name="runScenario" time="1.963"/>
  <testcase classname="Runner.TestRunner" name="runScenario" time="1.319"/>
  <testcase classname="Runner.TestRunner" name="runScenario" time="2.009"/>
  <testcase classname="Runner.TestRunner" name="runScenario" time="2.751"/>
  <testcase classname="Runner.TestRunner" name="runScenario" time="1.701"/>
  <testcase classname="Runner.TestRunner" name="runScenario" time="1.760"/>
  <testcase classname="Runner.TestRunner" name="runScenario" time="2.670"/>
  <testcase classname="Runner.TestRunner" name="runScenario" time="3.440"/>
  <testcase classname="Runner.TestRunner" name="runScenario" time="3.679"/>
  <testcase classname="Runner.TestRunner" name="runScenario" time="2.425"/>
  <testcase classname="Runner.TestRunner" name="runScenario" time="1.376"/>
  <testcase classname="Runner.TestRunner" name="runScenario" time="1.194"/>
  <testcase classname="Runner.TestRunner" name="runScenario" time="3.672"/>
  <testcase classname="Runner.TestRunner" name="runScenario" time="3.724"/>
  <testcase classname="Runner.TestRunner" name="runScenario" time="4.263"/>
  <testcase classname="Runner.TestRunner" name="runScenario" time="5.018"/>
  <testcase classname="Runner.TestRunner" name="runScenario" time="1.860"/>
  <testcase classname="Runner.TestRunner" name="runScenario" time="1.897"/>
  <testcase classname="Runner.TestRunner" name="runScenario" time="1.354"/>
  <testcase classname="Runner.TestRunner" name="runScenario" time="3.673"/>
  <testcase classname="Runner.TestRunner" name="runScenario" time="1.800"/>
  <testcase classname="Runner.TestRunner" name="runScenario" time="0.689"/>
  <testcase classname="Runner.TestRunner" name="runScenario" time="1.828"/>
  <testcase classname="Runner.TestRunner" name="runScenario" time="2.415"/>
  <testcase classname="Runner.TestRunner" name="runScenario" time="0.883"/>
  <testcase classname="Runner.TestRunner" name="runScenario" time="3.115"/>
  <testcase classname="Runner.TestRunner" name="runScenario" time="3.544"/>
  <testcase classname="Runner.TestRunner" name="runScenario" time="1.421"/>
  <testcase classname="Runner.TestRunner" name="runScenario" time="1.012"/>
  <testcase classname="Runner.TestRunner" name="runScenario" time="1.742"/>
  <testcase classname="Runner.TestRunner" name="runScenario" time="2.760"/>
  <testcase classname="Runner.TestRunner" name="runScenario" time="1.554"/>
  <testcase classname="Runner.TestRunner" name="runScenario" time="2.973"/>
  <testcase classname="Runner.TestRunner" name="runScenario" time="23.816"/>
  <testcase classname="Runner.TestRunner" name="runScenario" time="3.683"/>
  <testcase classname="Runner.TestRunner" name="runScenario" time="1.299"/>
  <testcase classname="Runner.TestRunner" name="runScenario" time="1.268"/>
  <testcase classname="Runner.TestRunner" name="runScenario" time="1.373"/>
  <testcase classname="Runner.TestRunner" name="runScenario" time="2.170"/>
  <testcase classname="Runner.TestRunner" name="runScenario" time="2.330"/>
  <testcase classname="Runner.TestRunner" name="runScenario" time="2.409"/>
  <testcase classname="Runner.TestRunner" name="runScenario" time="1.577"/>
  <testcase classname="Runner.TestRunner" name="runScenario" time="1.726"/>
  <testcase classname="Runner.TestRunner" name="runScenario" time="5.712"/>
  <testcase classname="Runner.TestRunner" name="runScenario" time="2.777"/>
  <testcase classname="Runner.TestRunner" name="runScenario" time="2.639"/>
  <testcase classname="Runner.TestRunner" name="runScenario" time="1.896"/>
  <testcase classname="Runner.TestRunner" name="runScenario" time="4.274"/>
  <testcase classname="Runner.TestRunner" name="runScenario" time="5.505"/>
  <testcase classname="Runner.TestRunner" name="runScenario" time="0.860"/>
  <testcase classname="Runner.TestRunner" name="runScenario" time="1.574"/>
  <testcase classname="Runner.TestRunner" name="runScenario" time="1.379"/>
  <testcase classname="Runner.TestRunner" name="runScenario" time="2.631"/>
  <testcase classname="Runner.TestRunner" name="runScenario" time="1.341"/>
  <testcase classname="Runner.TestRunner" name="runScenario" time="1.768"/>
  <testcase classname="Runner.TestRunner" name="runScenario" time="2.425"/>
  <testcase classname="Runner.TestRunner" name="runScenario" time="1.163"/>
  <testcase classname="Runner.TestRunner" name="runScenario" time="3.424"/>
  <testcase classname="Runner.TestRunner" name="runScenario" time="0.918"/>
  <testcase classname="Runner.TestRunner" name="runScenario" time="2.311"/>
  <testcase classname="Runner.TestRunner" name="runScenario" time="1.189"/>
  <testcase classname="Runner.TestRunner" name="runScenario" time="3.078"/>
  <testcase classname="Runner.TestRunner" name="runScenario" time="1.093"/>
  <testcase classname="Runner.TestRunner" name="runScenario" time="1.801"/>
  <testcase classname="Runner.TestRunner" name="runScenario" time="1.865"/>
  <testcase classname="Runner.TestRunner" name="runScenario" time="0.997"/>
  <testcase classname="Runner.TestRunner" name="runScenario" time="1.021"/>
  <testcase classname="Runner.TestRunner" name="runScenario" time="1.340"/>
  <testcase classname="Runner.TestRunner" name="runScenario" time="2.911"/>
  <testcase classname="Runner.TestRunner" name="runScenario" time="1.219"/>
  <testcase classname="Runner.TestRunner" name="runScenario" time="1.903"/>
  <testcase classname="Runner.TestRunner" name="runScenario" time="2.903"/>
  <testcase classname="Runner.TestRunner" name="runScenario" time="2.933"/>
  <testcase classname="Runner.TestRunner" name="runScenario" time="0.795"/>
  <testcase classname="Runner.TestRunner" name="runScenario" time="3.949"/>
  <testcase classname="Runner.TestRunner" name="runScenario" time="2.278"/>
  <testcase classname="Runner.TestRunner" name="runScenario" time="4.587"/>
  <testcase classname="Runner.TestRunner" name="runScenario" time="2.533"/>
  <testcase classname="Runner.TestRunner" name="runScenario" time="1.133"/>
</testsuite> <!-- Runner.TestRunner -->
