<?xml version="1.0" encoding="UTF-8"?>
<!-- Generated by org.testng.reporters.JUnitReportReporter -->
<testsuite hostname="LAPTOP-83C8FTOB" failures="0" tests="23" name="Runner.TestRunner" time="64.873" errors="1" timestamp="2025-03-24T19:59:56 EDT" skipped="0">
  <testcase classname="Runner.TestRunner" name="runScenario" time="10.760">
    <error message="Expected condition failed: waiting for element to be clickable: By.xpath: //a[text()=&#039;Sign in&#039;] (tried for 10 second(s) with 500 milliseconds interval)
Build info: version: &#039;4.9.0&#039;, revision: &#039;d7057100a6&#039;
System info: os.name: &#039;Windows 10&#039;, os.arch: &#039;amd64&#039;, os.version: &#039;10.0&#039;, java.version: &#039;23.0.1&#039;
Driver info: org.openqa.selenium.chrome.ChromeDriver
Capabilities {acceptInsecureCerts: false, browserName: chrome, browserVersion: 134.0.6998.118, chrome: {chromedriverVersion: 134.0.6998.88 (7e3d5c978c6d..., userDataDir: C:\Users\Ashish\AppData\Loc...}, fedcm:accounts: true, goog:chromeOptions: {debuggerAddress: localhost:60802}, networkConnectionEnabled: false, pageLoadStrategy: normal, platformName: WINDOWS, proxy: Proxy(), se:cdp: ws://localhost:60802/devtoo..., se:cdpVersion: 134.0.6998.118, setWindowRect: true, strictFileInteractability: false, timeouts: {implicit: 0, pageLoad: 300000, script: 30000}, unhandledPromptBehavior: dismiss and notify, webauthn:extension:credBlob: true, webauthn:extension:largeBlob: true, webauthn:extension:minPinLength: true, webauthn:extension:prf: true, webauthn:virtualAuthenticators: true}
Session ID: 0a46f20dee1be4fe2b9166e5a63d0ed3" type="org.openqa.selenium.TimeoutException">
      <![CDATA[org.openqa.selenium.TimeoutException: Expected condition failed: waiting for element to be clickable: By.xpath: //a[text()='Sign in'] (tried for 10 second(s) with 500 milliseconds interval)
Build info: version: '4.9.0', revision: 'd7057100a6'
System info: os.name: 'Windows 10', os.arch: 'amd64', os.version: '10.0', java.version: '23.0.1'
Driver info: org.openqa.selenium.chrome.ChromeDriver
Capabilities {acceptInsecureCerts: false, browserName: chrome, browserVersion: 134.0.6998.118, chrome: {chromedriverVersion: 134.0.6998.88 (7e3d5c978c6d..., userDataDir: C:\Users\Ashish\AppData\Loc...}, fedcm:accounts: true, goog:chromeOptions: {debuggerAddress: localhost:60802}, networkConnectionEnabled: false, pageLoadStrategy: normal, platformName: WINDOWS, proxy: Proxy(), se:cdp: ws://localhost:60802/devtoo..., se:cdpVersion: 134.0.6998.118, setWindowRect: true, strictFileInteractability: false, timeouts: {implicit: 0, pageLoad: 300000, script: 30000}, unhandledPromptBehavior: dismiss and notify, webauthn:extension:credBlob: true, webauthn:extension:largeBlob: true, webauthn:extension:minPinLength: true, webauthn:extension:prf: true, webauthn:virtualAuthenticators: true}
Session ID: 0a46f20dee1be4fe2b9166e5a63d0ed3
at org.openqa.selenium.support.ui.WebDriverWait.timeoutException(WebDriverWait.java:87)
at org.openqa.selenium.support.ui.FluentWait.until(FluentWait.java:231)
at pageObjects.homePage.signIn(homePage.java:142)
at StepDefinitions.Homestep.the_user_is_on_the_home_page_after_signed_in(Homestep.java:79)
at ✽.The user is on the Home page after signed in(file:///C:/Users/Ashish/eclipse-workspace/DsAlgoCucumber/src/test/resources/Features/Home.feature:20)
]]>
    </error>
  </testcase> <!-- runScenario -->
  <testcase classname="Runner.TestRunner" name="runScenario" time="6.201"/>
  <testcase classname="Runner.TestRunner" name="runScenario" time="0.934"/>
  <testcase classname="Runner.TestRunner" name="runScenario" time="1.542"/>
  <testcase classname="Runner.TestRunner" name="runScenario" time="11.970"/>
  <testcase classname="Runner.TestRunner" name="runScenario" time="2.021"/>
  <testcase classname="Runner.TestRunner" name="runScenario" time="3.515"/>
  <testcase classname="Runner.TestRunner" name="runScenario" time="3.482"/>
  <testcase classname="Runner.TestRunner" name="runScenario" time="1.678"/>
  <testcase classname="Runner.TestRunner" name="runScenario" time="0.827"/>
  <testcase classname="Runner.TestRunner" name="runScenario" time="1.193"/>
  <testcase classname="Runner.TestRunner" name="runScenario" time="1.352"/>
  <testcase classname="Runner.TestRunner" name="runScenario" time="1.786"/>
  <testcase classname="Runner.TestRunner" name="runScenario" time="1.467"/>
  <testcase classname="Runner.TestRunner" name="runScenario" time="4.152"/>
  <testcase classname="Runner.TestRunner" name="runScenario" time="0.853"/>
  <testcase classname="Runner.TestRunner" name="runScenario" time="1.005"/>
  <testcase classname="Runner.TestRunner" name="runScenario" time="1.853"/>
  <testcase classname="Runner.TestRunner" name="runScenario" time="3.069"/>
  <testcase classname="Runner.TestRunner" name="runScenario" time="1.013"/>
  <testcase classname="Runner.TestRunner" name="runScenario" time="0.921"/>
  <testcase classname="Runner.TestRunner" name="runScenario" time="1.343"/>
  <testcase classname="Runner.TestRunner" name="runScenario" time="1.936"/>
</testsuite> <!-- Runner.TestRunner -->
